<?xml version="1.0" encoding="UTF-8"?>
<coverage generated="1744921501192" clover="3.2.0">
  <project timestamp="1744921501192" name="All files">
    <metrics statements="980" coveredstatements="518" conditionals="253" coveredconditionals="72" methods="162" coveredmethods="78" elements="1395" coveredelements="668" complexity="0" loc="980" ncloc="980" packages="10" files="43" classes="43"/>
    <package name="src">
      <metrics statements="64" coveredstatements="37" conditionals="3" coveredconditionals="0" methods="12" coveredmethods="5"/>
      <file name="app.ts" path="/home/kevin/estudos/bank-api-ts/src/app.ts">
        <metrics statements="51" coveredstatements="37" conditionals="3" coveredconditionals="0" methods="9" coveredmethods="5"/>
        <line num="1" count="4" type="stmt"/>
        <line num="2" count="4" type="stmt"/>
        <line num="3" count="4" type="stmt"/>
        <line num="4" count="4" type="stmt"/>
        <line num="5" count="4" type="stmt"/>
        <line num="6" count="4" type="stmt"/>
        <line num="7" count="4" type="stmt"/>
        <line num="8" count="4" type="stmt"/>
        <line num="9" count="4" type="stmt"/>
        <line num="17" count="4" type="stmt"/>
        <line num="33" count="4" type="stmt"/>
        <line num="34" count="4" type="stmt"/>
        <line num="35" count="4" type="stmt"/>
        <line num="36" count="4" type="stmt"/>
        <line num="37" count="4" type="stmt"/>
        <line num="45" count="4" type="stmt"/>
        <line num="46" count="4" type="stmt"/>
        <line num="49" count="4" type="stmt"/>
        <line num="52" count="4" type="cond" truecount="0" falsecount="1"/>
        <line num="53" count="0" type="stmt"/>
        <line num="57" count="4" type="stmt"/>
        <line num="58" count="4" type="stmt"/>
        <line num="64" count="4" type="stmt"/>
        <line num="65" count="4" type="stmt"/>
        <line num="66" count="4" type="stmt"/>
        <line num="67" count="4" type="stmt"/>
        <line num="68" count="4" type="stmt"/>
        <line num="76" count="4" type="stmt"/>
        <line num="77" count="0" type="stmt"/>
        <line num="86" count="4" type="stmt"/>
        <line num="87" count="4" type="stmt"/>
        <line num="88" count="4" type="stmt"/>
        <line num="89" count="4" type="stmt"/>
        <line num="90" count="4" type="stmt"/>
        <line num="91" count="4" type="stmt"/>
        <line num="98" count="4" type="stmt"/>
        <line num="106" count="4" type="stmt"/>
        <line num="107" count="0" type="stmt"/>
        <line num="108" count="0" type="stmt"/>
        <line num="109" count="0" type="stmt"/>
        <line num="113" count="4" type="stmt"/>
        <line num="120" count="0" type="stmt"/>
        <line num="122" count="0" type="stmt"/>
        <line num="125" count="0" type="stmt"/>
        <line num="127" count="0" type="cond" truecount="0" falsecount="1"/>
        <line num="128" count="0" type="stmt"/>
        <line num="129" count="0" type="stmt"/>
        <line num="133" count="0" type="cond" truecount="0" falsecount="1"/>
        <line num="134" count="0" type="stmt"/>
        <line num="136" count="0" type="stmt"/>
        <line num="141" count="4" type="stmt"/>
      </file>
      <file name="index.ts" path="/home/kevin/estudos/bank-api-ts/src/index.ts">
        <metrics statements="13" coveredstatements="0" conditionals="0" coveredconditionals="0" methods="3" coveredmethods="0"/>
        <line num="1" count="0" type="stmt"/>
        <line num="7" count="0" type="stmt"/>
        <line num="8" count="0" type="stmt"/>
        <line num="9" count="0" type="stmt"/>
        <line num="11" count="0" type="stmt"/>
        <line num="12" count="0" type="stmt"/>
        <line num="17" count="0" type="stmt"/>
        <line num="20" count="0" type="stmt"/>
        <line num="21" count="0" type="stmt"/>
        <line num="22" count="0" type="stmt"/>
        <line num="25" count="0" type="stmt"/>
        <line num="26" count="0" type="stmt"/>
        <line num="27" count="0" type="stmt"/>
      </file>
    </package>
    <package name="src.config">
      <metrics statements="19" coveredstatements="7" conditionals="10" coveredconditionals="5" methods="3" coveredmethods="0"/>
      <file name="config.ts" path="/home/kevin/estudos/bank-api-ts/src/config/config.ts">
        <metrics statements="4" coveredstatements="4" conditionals="10" coveredconditionals="5" methods="0" coveredmethods="0"/>
        <line num="1" count="4" type="stmt"/>
        <line num="5" count="4" type="stmt"/>
        <line num="7" count="4" type="stmt"/>
        <line num="15" count="4" type="stmt"/>
      </file>
      <file name="database.ts" path="/home/kevin/estudos/bank-api-ts/src/config/database.ts">
        <metrics statements="15" coveredstatements="3" conditionals="0" coveredconditionals="0" methods="3" coveredmethods="0"/>
        <line num="1" count="4" type="stmt"/>
        <line num="2" count="4" type="stmt"/>
        <line num="12" count="0" type="stmt"/>
        <line num="13" count="0" type="stmt"/>
        <line num="17" count="0" type="stmt"/>
        <line num="19" count="0" type="stmt"/>
        <line num="21" count="0" type="stmt"/>
        <line num="22" count="0" type="stmt"/>
        <line num="26" count="0" type="stmt"/>
        <line num="27" count="0" type="stmt"/>
        <line num="35" count="0" type="stmt"/>
        <line num="36" count="0" type="stmt"/>
        <line num="37" count="0" type="stmt"/>
        <line num="39" count="0" type="stmt"/>
        <line num="44" count="4" type="stmt"/>
      </file>
    </package>
    <package name="src.controllers">
      <metrics statements="155" coveredstatements="61" conditionals="11" coveredconditionals="2" methods="29" coveredmethods="12"/>
      <file name="account.controller.ts" path="/home/kevin/estudos/bank-api-ts/src/controllers/account.controller.ts">
        <metrics statements="42" coveredstatements="7" conditionals="0" coveredconditionals="0" methods="8" coveredmethods="1"/>
        <line num="2" count="4" type="stmt"/>
        <line num="7" count="4" type="stmt"/>
        <line num="12" count="0" type="stmt"/>
        <line num="13" count="0" type="stmt"/>
        <line num="15" count="0" type="stmt"/>
        <line num="23" count="0" type="stmt"/>
        <line num="31" count="2" type="stmt"/>
        <line num="32" count="2" type="stmt"/>
        <line num="33" count="2" type="stmt"/>
        <line num="35" count="1" type="stmt"/>
        <line num="42" count="1" type="stmt"/>
        <line num="50" count="0" type="stmt"/>
        <line num="51" count="0" type="stmt"/>
        <line num="52" count="0" type="stmt"/>
        <line num="54" count="0" type="stmt"/>
        <line num="61" count="0" type="stmt"/>
        <line num="69" count="0" type="stmt"/>
        <line num="70" count="0" type="stmt"/>
        <line num="71" count="0" type="stmt"/>
        <line num="73" count="0" type="stmt"/>
        <line num="81" count="0" type="stmt"/>
        <line num="89" count="0" type="stmt"/>
        <line num="90" count="0" type="stmt"/>
        <line num="92" count="0" type="stmt"/>
        <line num="98" count="0" type="stmt"/>
        <line num="105" count="0" type="stmt"/>
        <line num="113" count="0" type="stmt"/>
        <line num="114" count="0" type="stmt"/>
        <line num="115" count="0" type="stmt"/>
        <line num="117" count="0" type="stmt"/>
        <line num="122" count="0" type="stmt"/>
        <line num="129" count="0" type="stmt"/>
        <line num="137" count="0" type="stmt"/>
        <line num="138" count="0" type="stmt"/>
        <line num="139" count="0" type="stmt"/>
        <line num="141" count="0" type="stmt"/>
        <line num="148" count="0" type="stmt"/>
        <line num="156" count="0" type="stmt"/>
        <line num="157" count="0" type="stmt"/>
        <line num="158" count="0" type="stmt"/>
        <line num="160" count="0" type="stmt"/>
        <line num="165" count="0" type="stmt"/>
      </file>
      <file name="auth.controller.ts" path="/home/kevin/estudos/bank-api-ts/src/controllers/auth.controller.ts">
        <metrics statements="19" coveredstatements="15" conditionals="3" coveredconditionals="2" methods="2" coveredmethods="2"/>
        <line num="2" count="4" type="stmt"/>
        <line num="3" count="4" type="stmt"/>
        <line num="8" count="4" type="stmt"/>
        <line num="13" count="6" type="stmt"/>
        <line num="14" count="6" type="stmt"/>
        <line num="16" count="6" type="stmt"/>
        <line num="27" count="5" type="stmt"/>
        <line num="28" count="5" type="stmt"/>
        <line num="30" count="5" type="stmt"/>
        <line num="38" count="1" type="stmt"/>
        <line num="46" count="3" type="stmt"/>
        <line num="47" count="3" type="stmt"/>
        <line num="49" count="3" type="cond" truecount="2" falsecount="1"/>
        <line num="50" count="0" type="stmt"/>
        <line num="53" count="3" type="stmt"/>
        <line num="56" count="0" type="stmt"/>
        <line num="57" count="0" type="stmt"/>
        <line num="59" count="0" type="stmt"/>
        <line num="67" count="3" type="stmt"/>
      </file>
      <file name="index.ts" path="/home/kevin/estudos/bank-api-ts/src/controllers/index.ts">
        <metrics statements="10" coveredstatements="10" conditionals="0" coveredconditionals="0" methods="5" coveredmethods="4"/>
        <line num="1" count="4" type="stmt"/>
        <line num="2" count="4" type="stmt"/>
        <line num="3" count="4" type="stmt"/>
        <line num="4" count="4" type="stmt"/>
        <line num="5" count="4" type="stmt"/>
        <line num="13" count="12" type="stmt"/>
        <line num="14" count="20" type="stmt"/>
        <line num="15" count="36" type="stmt"/>
        <line num="16" count="32" type="stmt"/>
        <line num="17" count="4" type="stmt"/>
      </file>
      <file name="transaction-report.controller.ts" path="/home/kevin/estudos/bank-api-ts/src/controllers/transaction-report.controller.ts">
        <metrics statements="26" coveredstatements="3" conditionals="8" coveredconditionals="0" methods="3" coveredmethods="0"/>
        <line num="2" count="4" type="stmt"/>
        <line num="3" count="4" type="stmt"/>
        <line num="8" count="4" type="stmt"/>
        <line num="13" count="0" type="stmt"/>
        <line num="14" count="0" type="stmt"/>
        <line num="17" count="0" type="stmt"/>
        <line num="20" count="0" type="stmt"/>
        <line num="22" count="0" type="stmt"/>
        <line num="30" count="0" type="stmt"/>
        <line num="38" count="0" type="stmt"/>
        <line num="39" count="0" type="stmt"/>
        <line num="40" count="0" type="stmt"/>
        <line num="43" count="0" type="cond" truecount="0" falsecount="2"/>
        <line num="44" count="0" type="cond" truecount="0" falsecount="2"/>
        <line num="47" count="0" type="stmt"/>
        <line num="53" count="0" type="stmt"/>
        <line num="60" count="0" type="stmt"/>
        <line num="68" count="0" type="stmt"/>
        <line num="69" count="0" type="stmt"/>
        <line num="70" count="0" type="stmt"/>
        <line num="73" count="0" type="cond" truecount="0" falsecount="2"/>
        <line num="74" count="0" type="cond" truecount="0" falsecount="2"/>
        <line num="77" count="0" type="stmt"/>
        <line num="84" count="0" type="stmt"/>
        <line num="86" count="0" type="stmt"/>
        <line num="99" count="0" type="stmt"/>
      </file>
      <file name="transaction.controller.ts" path="/home/kevin/estudos/bank-api-ts/src/controllers/transaction.controller.ts">
        <metrics statements="36" coveredstatements="24" conditionals="0" coveredconditionals="0" methods="7" coveredmethods="5"/>
        <line num="2" count="4" type="stmt"/>
        <line num="7" count="4" type="stmt"/>
        <line num="12" count="1" type="stmt"/>
        <line num="13" count="1" type="stmt"/>
        <line num="15" count="1" type="stmt"/>
        <line num="23" count="0" type="stmt"/>
        <line num="31" count="2" type="stmt"/>
        <line num="32" count="2" type="stmt"/>
        <line num="33" count="2" type="stmt"/>
        <line num="35" count="1" type="stmt"/>
        <line num="42" count="1" type="stmt"/>
        <line num="50" count="0" type="stmt"/>
        <line num="51" count="0" type="stmt"/>
        <line num="52" count="0" type="stmt"/>
        <line num="54" count="0" type="stmt"/>
        <line num="62" count="0" type="stmt"/>
        <line num="70" count="1" type="stmt"/>
        <line num="71" count="1" type="stmt"/>
        <line num="73" count="1" type="stmt"/>
        <line num="79" count="1" type="stmt"/>
        <line num="86" count="0" type="stmt"/>
        <line num="94" count="2" type="stmt"/>
        <line num="95" count="2" type="stmt"/>
        <line num="97" count="2" type="stmt"/>
        <line num="103" count="1" type="stmt"/>
        <line num="110" count="1" type="stmt"/>
        <line num="118" count="3" type="stmt"/>
        <line num="119" count="3" type="stmt"/>
        <line num="121" count="3" type="stmt"/>
        <line num="128" count="1" type="stmt"/>
        <line num="135" count="2" type="stmt"/>
        <line num="143" count="0" type="stmt"/>
        <line num="144" count="0" type="stmt"/>
        <line num="145" count="0" type="stmt"/>
        <line num="147" count="0" type="stmt"/>
        <line num="154" count="0" type="stmt"/>
      </file>
      <file name="user.controller.ts" path="/home/kevin/estudos/bank-api-ts/src/controllers/user.controller.ts">
        <metrics statements="22" coveredstatements="2" conditionals="0" coveredconditionals="0" methods="4" coveredmethods="0"/>
        <line num="2" count="4" type="stmt"/>
        <line num="7" count="4" type="stmt"/>
        <line num="12" count="0" type="stmt"/>
        <line num="13" count="0" type="stmt"/>
        <line num="15" count="0" type="stmt"/>
        <line num="23" count="0" type="stmt"/>
        <line num="31" count="0" type="stmt"/>
        <line num="32" count="0" type="stmt"/>
        <line num="33" count="0" type="stmt"/>
        <line num="35" count="0" type="stmt"/>
        <line num="42" count="0" type="stmt"/>
        <line num="50" count="0" type="stmt"/>
        <line num="51" count="0" type="stmt"/>
        <line num="52" count="0" type="stmt"/>
        <line num="54" count="0" type="stmt"/>
        <line num="62" count="0" type="stmt"/>
        <line num="69" count="0" type="stmt"/>
        <line num="77" count="0" type="stmt"/>
        <line num="78" count="0" type="stmt"/>
        <line num="79" count="0" type="stmt"/>
        <line num="81" count="0" type="stmt"/>
        <line num="86" count="0" type="stmt"/>
      </file>
    </package>
    <package name="src.middlewares">
      <metrics statements="169" coveredstatements="93" conditionals="57" coveredconditionals="26" methods="27" coveredmethods="15"/>
      <file name="auth.middleware.ts" path="/home/kevin/estudos/bank-api-ts/src/middlewares/auth.middleware.ts">
        <metrics statements="28" coveredstatements="0" conditionals="8" coveredconditionals="0" methods="3" coveredmethods="0"/>
        <line num="2" count="0" type="stmt"/>
        <line num="3" count="0" type="stmt"/>
        <line num="4" count="0" type="stmt"/>
        <line num="5" count="0" type="stmt"/>
        <line num="20" count="0" type="stmt"/>
        <line num="25" count="0" type="stmt"/>
        <line num="27" count="0" type="stmt"/>
        <line num="28" count="0" type="cond" truecount="0" falsecount="3"/>
        <line num="29" count="0" type="stmt"/>
        <line num="33" count="0" type="stmt"/>
        <line num="36" count="0" type="stmt"/>
        <line num="39" count="0" type="stmt"/>
        <line num="40" count="0" type="cond" truecount="0" falsecount="1"/>
        <line num="41" count="0" type="stmt"/>
        <line num="45" count="0" type="stmt"/>
        <line num="46" count="0" type="stmt"/>
        <line num="48" count="0" type="cond" truecount="0" falsecount="2"/>
        <line num="49" count="0" type="stmt"/>
        <line num="51" count="0" type="stmt"/>
        <line num="59" count="0" type="stmt"/>
        <line num="60" count="0" type="stmt"/>
        <line num="61" count="0" type="cond" truecount="0" falsecount="1"/>
        <line num="62" count="0" type="stmt"/>
        <line num="63" count="0" type="stmt"/>
        <line num="66" count="0" type="cond" truecount="0" falsecount="1"/>
        <line num="67" count="0" type="stmt"/>
        <line num="68" count="0" type="stmt"/>
        <line num="71" count="0" type="stmt"/>
      </file>
      <file name="common.middleware.ts" path="/home/kevin/estudos/bank-api-ts/src/middlewares/common.middleware.ts">
        <metrics statements="50" coveredstatements="20" conditionals="9" coveredconditionals="2" methods="10" coveredmethods="3"/>
        <line num="2" count="4" type="stmt"/>
        <line num="3" count="4" type="stmt"/>
        <line num="13" count="4" type="stmt"/>
        <line num="16" count="4" type="stmt"/>
        <line num="17" count="21" type="stmt"/>
        <line num="18" count="21" type="cond" truecount="1" falsecount="0"/>
        <line num="19" count="6" type="stmt"/>
        <line num="20" count="2" type="stmt"/>
        <line num="21" count="6" type="stmt"/>
        <line num="22" count="6" type="cond" truecount="1" falsecount="0"/>
        <line num="23" count="2" type="stmt"/>
        <line num="25" count="6" type="stmt"/>
        <line num="26" count="6" type="stmt"/>
        <line num="29" count="2" type="stmt"/>
        <line num="30" count="2" type="stmt"/>
        <line num="32" count="19" type="stmt"/>
        <line num="38" count="4" type="stmt"/>
        <line num="39" count="0" type="stmt"/>
        <line num="40" count="0" type="stmt"/>
        <line num="41" count="0" type="stmt"/>
        <line num="42" count="0" type="stmt"/>
        <line num="43" count="0" type="stmt"/>
        <line num="45" count="0" type="stmt"/>
        <line num="48" count="0" type="stmt"/>
        <line num="49" count="0" type="stmt"/>
        <line num="50" count="0" type="stmt"/>
        <line num="51" count="0" type="stmt"/>
        <line num="52" count="0" type="stmt"/>
        <line num="55" count="0" type="stmt"/>
        <line num="61" count="4" type="stmt"/>
        <line num="62" count="0" type="stmt"/>
        <line num="68" count="4" type="stmt"/>
        <line num="69" count="0" type="stmt"/>
        <line num="71" count="0" type="stmt"/>
        <line num="72" count="0" type="stmt"/>
        <line num="73" count="0" type="stmt"/>
        <line num="76" count="0" type="cond" truecount="0" falsecount="1"/>
        <line num="77" count="0" type="stmt"/>
        <line num="81" count="0" type="stmt"/>
        <line num="84" count="0" type="cond" truecount="0" falsecount="1"/>
        <line num="85" count="0" type="stmt"/>
        <line num="86" count="0" type="stmt"/>
        <line num="90" count="0" type="stmt"/>
        <line num="92" count="0" type="stmt"/>
        <line num="99" count="4" type="stmt"/>
        <line num="100" count="0" type="cond" truecount="0" falsecount="4"/>
        <line num="101" count="0" type="cond" truecount="0" falsecount="1"/>
        <line num="102" count="0" type="stmt"/>
        <line num="103" count="0" type="stmt"/>
        <line num="106" count="0" type="stmt"/>
      </file>
      <file name="index.ts" path="/home/kevin/estudos/bank-api-ts/src/middlewares/index.ts">
        <metrics statements="24" coveredstatements="20" conditionals="3" coveredconditionals="3" methods="6" coveredmethods="4"/>
        <line num="2" count="4" type="stmt"/>
        <line num="3" count="4" type="stmt"/>
        <line num="4" count="4" type="stmt"/>
        <line num="16" count="4" type="stmt"/>
        <line num="19" count="4" type="stmt"/>
        <line num="20" count="20" type="stmt"/>
        <line num="24" count="4" type="stmt"/>
        <line num="25" count="24" type="stmt"/>
        <line num="26" count="6" type="cond" truecount="3" falsecount="0"/>
        <line num="27" count="6" type="stmt"/>
        <line num="31" count="6" type="stmt"/>
        <line num="33" count="0" type="stmt"/>
        <line num="38" count="4" type="stmt"/>
        <line num="39" count="0" type="stmt"/>
        <line num="40" count="0" type="stmt"/>
        <line num="41" count="0" type="stmt"/>
        <line num="45" count="4" type="stmt"/>
        <line num="48" count="4" type="stmt"/>
        <line num="49" count="4" type="stmt"/>
        <line num="50" count="88" type="stmt"/>
        <line num="51" count="4" type="stmt"/>
        <line num="52" count="4" type="stmt"/>
        <line num="53" count="4" type="stmt"/>
        <line num="54" count="4" type="stmt"/>
      </file>
      <file name="security.middleware.ts" path="/home/kevin/estudos/bank-api-ts/src/middlewares/security.middleware.ts">
        <metrics statements="50" coveredstatements="39" conditionals="35" coveredconditionals="20" methods="7" coveredmethods="7"/>
        <line num="2" count="4" type="stmt"/>
        <line num="17" count="4" type="stmt"/>
        <line num="22" count="30" type="cond" truecount="4" falsecount="0"/>
        <line num="23" count="21" type="stmt"/>
        <line num="24" count="21" type="cond" truecount="2" falsecount="1"/>
        <line num="25" count="0" type="stmt"/>
        <line num="28" count="30" type="stmt"/>
        <line num="36" count="30" type="cond" truecount="1" falsecount="0"/>
        <line num="37" count="30" type="stmt"/>
        <line num="38" count="0" type="cond" truecount="0" falsecount="4"/>
        <line num="39" count="0" type="stmt"/>
        <line num="45" count="30" type="cond" truecount="3" falsecount="0"/>
        <line num="46" count="21" type="stmt"/>
        <line num="47" count="21" type="stmt"/>
        <line num="48" count="70" type="cond" truecount="0" falsecount="1"/>
        <line num="49" count="0" type="stmt"/>
        <line num="51" count="70" type="cond" truecount="1" falsecount="2"/>
        <line num="52" count="0" type="cond" truecount="0" falsecount="1"/>
        <line num="53" count="0" type="stmt"/>
        <line num="57" count="21" type="stmt"/>
        <line num="60" count="21" type="cond" truecount="0" falsecount="1"/>
        <line num="61" count="0" type="stmt"/>
        <line num="65" count="30" type="stmt"/>
        <line num="73" count="30" type="stmt"/>
        <line num="74" count="62" type="stmt"/>
        <line num="83" count="30" type="stmt"/>
        <line num="84" count="21" type="cond" truecount="2" falsecount="1"/>
        <line num="85" count="0" type="stmt"/>
        <line num="88" count="21" type="cond" truecount="1" falsecount="1"/>
        <line num="90" count="21" type="stmt"/>
        <line num="91" count="70" type="cond" truecount="2" falsecount="0"/>
        <line num="92" count="62" type="stmt"/>
        <line num="93" count="8" type="cond" truecount="2" falsecount="2"/>
        <line num="94" count="0" type="stmt"/>
        <line num="96" count="8" type="stmt"/>
        <line num="100" count="21" type="stmt"/>
        <line num="104" count="30" type="cond" truecount="1" falsecount="0"/>
        <line num="105" count="21" type="stmt"/>
        <line num="109" count="30" type="cond" truecount="1" falsecount="0"/>
        <line num="110" count="30" type="stmt"/>
        <line num="111" count="0" type="cond" truecount="0" falsecount="1"/>
        <line num="112" count="0" type="stmt"/>
        <line num="117" count="30" type="stmt"/>
        <line num="125" count="30" type="stmt"/>
        <line num="128" count="30" type="stmt"/>
        <line num="131" count="30" type="stmt"/>
        <line num="134" count="30" type="stmt"/>
        <line num="137" count="30" type="stmt"/>
        <line num="139" count="30" type="stmt"/>
        <line num="144" count="4" type="stmt"/>
      </file>
      <file name="verify-token.middleware.ts" path="/home/kevin/estudos/bank-api-ts/src/middlewares/verify-token.middleware.ts">
        <metrics statements="17" coveredstatements="14" conditionals="2" coveredconditionals="1" methods="1" coveredmethods="1"/>
        <line num="2" count="4" type="stmt"/>
        <line num="3" count="4" type="stmt"/>
        <line num="4" count="4" type="stmt"/>
        <line num="10" count="4" type="stmt"/>
        <line num="11" count="20" type="stmt"/>
        <line num="13" count="20" type="stmt"/>
        <line num="15" count="20" type="cond" truecount="1" falsecount="0"/>
        <line num="16" count="2" type="stmt"/>
        <line num="20" count="2" type="stmt"/>
        <line num="24" count="18" type="stmt"/>
        <line num="27" count="18" type="stmt"/>
        <line num="28" count="18" type="cond" truecount="0" falsecount="1"/>
        <line num="29" count="0" type="stmt"/>
        <line num="33" count="0" type="stmt"/>
        <line num="37" count="18" type="stmt"/>
        <line num="40" count="18" type="stmt"/>
        <line num="42" count="0" type="stmt"/>
      </file>
    </package>
    <package name="src.models">
      <metrics statements="57" coveredstatements="47" conditionals="15" coveredconditionals="12" methods="14" coveredmethods="11"/>
      <file name="account.model.ts" path="/home/kevin/estudos/bank-api-ts/src/models/account.model.ts">
        <metrics statements="15" coveredstatements="9" conditionals="3" coveredconditionals="2" methods="2" coveredmethods="1"/>
        <line num="1" count="5" type="stmt"/>
        <line num="6" count="5" type="cond" truecount="2" falsecount="0"/>
        <line num="7" count="5" type="stmt"/>
        <line num="8" count="5" type="stmt"/>
        <line num="9" count="5" type="stmt"/>
        <line num="33" count="5" type="stmt"/>
        <line num="72" count="0" type="stmt"/>
        <line num="73" count="0" type="stmt"/>
        <line num="76" count="0" type="stmt"/>
        <line num="77" count="0" type="cond" truecount="0" falsecount="1"/>
        <line num="79" count="0" type="stmt"/>
        <line num="82" count="0" type="stmt"/>
        <line num="86" count="5" type="stmt"/>
        <line num="89" count="5" type="stmt"/>
        <line num="91" count="5" type="stmt"/>
      </file>
      <file name="index.ts" path="/home/kevin/estudos/bank-api-ts/src/models/index.ts">
        <metrics statements="6" coveredstatements="6" conditionals="0" coveredconditionals="0" methods="6" coveredmethods="4"/>
        <line num="6" count="38" type="stmt"/>
        <line num="7" count="54" type="stmt"/>
        <line num="8" count="5" type="stmt"/>
        <line num="9" count="21" type="stmt"/>
        <line num="11" count="5" type="stmt"/>
        <line num="12" count="5" type="stmt"/>
      </file>
      <file name="transaction.model.ts" path="/home/kevin/estudos/bank-api-ts/src/models/transaction.model.ts">
        <metrics statements="18" coveredstatements="18" conditionals="8" coveredconditionals="8" methods="4" coveredmethods="4"/>
        <line num="1" count="5" type="stmt"/>
        <line num="6" count="5" type="cond" truecount="2" falsecount="0"/>
        <line num="7" count="5" type="stmt"/>
        <line num="8" count="5" type="stmt"/>
        <line num="9" count="5" type="stmt"/>
        <line num="15" count="5" type="cond" truecount="2" falsecount="0"/>
        <line num="16" count="5" type="stmt"/>
        <line num="17" count="5" type="stmt"/>
        <line num="18" count="5" type="stmt"/>
        <line num="19" count="5" type="stmt"/>
        <line num="39" count="5" type="stmt"/>
        <line num="56" count="6" type="cond" truecount="2" falsecount="0"/>
        <line num="65" count="6" type="cond" truecount="2" falsecount="0"/>
        <line num="88" count="5" type="stmt"/>
        <line num="89" count="5" type="stmt"/>
        <line num="90" count="5" type="stmt"/>
        <line num="92" count="5" type="stmt"/>
        <line num="94" count="5" type="stmt"/>
      </file>
      <file name="user.model.ts" path="/home/kevin/estudos/bank-api-ts/src/models/user.model.ts">
        <metrics statements="18" coveredstatements="14" conditionals="4" coveredconditionals="2" methods="2" coveredmethods="2"/>
        <line num="1" count="5" type="stmt"/>
        <line num="2" count="5" type="stmt"/>
        <line num="23" count="5" type="stmt"/>
        <line num="74" count="5" type="stmt"/>
        <line num="76" count="6" type="cond" truecount="0" falsecount="1"/>
        <line num="78" count="6" type="stmt"/>
        <line num="80" count="6" type="stmt"/>
        <line num="82" count="6" type="stmt"/>
        <line num="83" count="6" type="stmt"/>
        <line num="85" count="0" type="stmt"/>
        <line num="92" count="5" type="stmt"/>
        <line num="93" count="2" type="stmt"/>
        <line num="94" count="2" type="cond" truecount="2" falsecount="1"/>
        <line num="95" count="0" type="stmt"/>
        <line num="97" count="0" type="stmt"/>
        <line num="98" count="0" type="stmt"/>
        <line num="102" count="5" type="stmt"/>
        <line num="104" count="5" type="stmt"/>
      </file>
    </package>
    <package name="src.repositories">
      <metrics statements="47" coveredstatements="29" conditionals="1" coveredconditionals="0" methods="27" coveredmethods="12"/>
      <file name="account.repository.ts" path="/home/kevin/estudos/bank-api-ts/src/repositories/account.repository.ts">
        <metrics statements="15" coveredstatements="8" conditionals="1" coveredconditionals="0" methods="9" coveredmethods="3"/>
        <line num="20" count="5" type="stmt"/>
        <line num="24" count="5" type="stmt"/>
        <line num="31" count="0" type="stmt"/>
        <line num="38" count="9" type="stmt"/>
        <line num="45" count="0" type="stmt"/>
        <line num="52" count="0" type="stmt"/>
        <line num="59" count="0" type="stmt"/>
        <line num="66" count="0" type="stmt"/>
        <line num="77" count="4" type="stmt"/>
        <line num="78" count="4" type="cond" truecount="0" falsecount="1"/>
        <line num="80" count="4" type="stmt"/>
        <line num="81" count="4" type="stmt"/>
        <line num="83" count="4" type="stmt"/>
        <line num="90" count="0" type="stmt"/>
        <line num="91" count="0" type="stmt"/>
      </file>
      <file name="index.ts" path="/home/kevin/estudos/bank-api-ts/src/repositories/index.ts">
        <metrics statements="10" coveredstatements="10" conditionals="0" coveredconditionals="0" methods="0" coveredmethods="0"/>
        <line num="1" count="4" type="stmt"/>
        <line num="2" count="4" type="stmt"/>
        <line num="3" count="4" type="stmt"/>
        <line num="4" count="4" type="stmt"/>
        <line num="12" count="4" type="stmt"/>
        <line num="13" count="4" type="stmt"/>
        <line num="14" count="4" type="stmt"/>
        <line num="25" count="4" type="stmt"/>
        <line num="26" count="4" type="stmt"/>
        <line num="27" count="4" type="stmt"/>
      </file>
      <file name="transaction.repository.ts" path="/home/kevin/estudos/bank-api-ts/src/repositories/transaction.repository.ts">
        <metrics statements="12" coveredstatements="6" conditionals="0" coveredconditionals="0" methods="10" coveredmethods="5"/>
        <line num="21" count="4" type="stmt"/>
        <line num="25" count="4" type="stmt"/>
        <line num="32" count="1" type="stmt"/>
        <line num="42" count="2" type="stmt"/>
        <line num="51" count="0" type="stmt"/>
        <line num="60" count="0" type="stmt"/>
        <line num="69" count="0" type="stmt"/>
        <line num="84" count="0" type="stmt"/>
        <line num="94" count="3" type="stmt"/>
        <line num="101" count="3" type="stmt"/>
        <line num="114" count="0" type="stmt"/>
        <line num="115" count="0" type="stmt"/>
      </file>
      <file name="user.repository.ts" path="/home/kevin/estudos/bank-api-ts/src/repositories/user.repository.ts">
        <metrics statements="10" coveredstatements="5" conditionals="0" coveredconditionals="0" methods="8" coveredmethods="4"/>
        <line num="19" count="4" type="stmt"/>
        <line num="23" count="4" type="stmt"/>
        <line num="30" count="0" type="stmt"/>
        <line num="37" count="0" type="stmt"/>
        <line num="44" count="9" type="stmt"/>
        <line num="51" count="5" type="stmt"/>
        <line num="58" count="5" type="stmt"/>
        <line num="65" count="0" type="stmt"/>
        <line num="76" count="0" type="stmt"/>
        <line num="77" count="0" type="stmt"/>
      </file>
    </package>
    <package name="src.routes">
      <metrics statements="76" coveredstatements="75" conditionals="0" coveredconditionals="0" methods="1" coveredmethods="0"/>
      <file name="account.routes.ts" path="/home/kevin/estudos/bank-api-ts/src/routes/account.routes.ts">
        <metrics statements="15" coveredstatements="15" conditionals="0" coveredconditionals="0" methods="0" coveredmethods="0"/>
        <line num="1" count="4" type="stmt"/>
        <line num="2" count="4" type="stmt"/>
        <line num="3" count="4" type="stmt"/>
        <line num="4" count="4" type="stmt"/>
        <line num="14" count="4" type="stmt"/>
        <line num="20" count="4" type="stmt"/>
        <line num="27" count="4" type="stmt"/>
        <line num="38" count="4" type="stmt"/>
        <line num="50" count="4" type="stmt"/>
        <line num="62" count="4" type="stmt"/>
        <line num="74" count="4" type="stmt"/>
        <line num="87" count="4" type="stmt"/>
        <line num="100" count="4" type="stmt"/>
        <line num="113" count="4" type="stmt"/>
        <line num="121" count="4" type="stmt"/>
      </file>
      <file name="auth.routes.ts" path="/home/kevin/estudos/bank-api-ts/src/routes/auth.routes.ts">
        <metrics statements="8" coveredstatements="8" conditionals="0" coveredconditionals="0" methods="0" coveredmethods="0"/>
        <line num="1" count="4" type="stmt"/>
        <line num="2" count="4" type="stmt"/>
        <line num="3" count="4" type="stmt"/>
        <line num="4" count="4" type="stmt"/>
        <line num="6" count="4" type="stmt"/>
        <line num="13" count="4" type="stmt"/>
        <line num="25" count="4" type="stmt"/>
        <line num="32" count="4" type="stmt"/>
      </file>
      <file name="index.ts" path="/home/kevin/estudos/bank-api-ts/src/routes/index.ts">
        <metrics statements="12" coveredstatements="12" conditionals="0" coveredconditionals="0" methods="0" coveredmethods="0"/>
        <line num="1" count="4" type="stmt"/>
        <line num="2" count="4" type="stmt"/>
        <line num="3" count="4" type="stmt"/>
        <line num="4" count="4" type="stmt"/>
        <line num="5" count="4" type="stmt"/>
        <line num="6" count="4" type="stmt"/>
        <line num="14" count="4" type="stmt"/>
        <line num="15" count="4" type="stmt"/>
        <line num="16" count="4" type="stmt"/>
        <line num="17" count="4" type="stmt"/>
        <line num="18" count="4" type="stmt"/>
        <line num="19" count="4" type="stmt"/>
      </file>
      <file name="profile.routes.ts" path="/home/kevin/estudos/bank-api-ts/src/routes/profile.routes.ts">
        <metrics statements="6" coveredstatements="5" conditionals="0" coveredconditionals="0" methods="1" coveredmethods="0"/>
        <line num="1" count="4" type="stmt"/>
        <line num="2" count="4" type="stmt"/>
        <line num="4" count="4" type="stmt"/>
        <line num="11" count="4" type="stmt"/>
        <line num="12" count="0" type="stmt"/>
        <line num="20" count="4" type="stmt"/>
      </file>
      <file name="transaction-report.routes.ts" path="/home/kevin/estudos/bank-api-ts/src/routes/transaction-report.routes.ts">
        <metrics statements="10" coveredstatements="10" conditionals="0" coveredconditionals="0" methods="0" coveredmethods="0"/>
        <line num="1" count="4" type="stmt"/>
        <line num="2" count="4" type="stmt"/>
        <line num="3" count="4" type="stmt"/>
        <line num="4" count="4" type="stmt"/>
        <line num="6" count="4" type="stmt"/>
        <line num="12" count="4" type="stmt"/>
        <line num="19" count="4" type="stmt"/>
        <line num="33" count="4" type="stmt"/>
        <line num="49" count="4" type="stmt"/>
        <line num="60" count="4" type="stmt"/>
      </file>
      <file name="transaction.routes.ts" path="/home/kevin/estudos/bank-api-ts/src/routes/transaction.routes.ts">
        <metrics statements="14" coveredstatements="14" conditionals="0" coveredconditionals="0" methods="0" coveredmethods="0"/>
        <line num="1" count="4" type="stmt"/>
        <line num="2" count="4" type="stmt"/>
        <line num="3" count="4" type="stmt"/>
        <line num="4" count="4" type="stmt"/>
        <line num="13" count="4" type="stmt"/>
        <line num="19" count="4" type="stmt"/>
        <line num="26" count="4" type="stmt"/>
        <line num="36" count="4" type="stmt"/>
        <line num="48" count="4" type="stmt"/>
        <line num="60" count="4" type="stmt"/>
        <line num="72" count="4" type="stmt"/>
        <line num="84" count="4" type="stmt"/>
        <line num="96" count="4" type="stmt"/>
        <line num="103" count="4" type="stmt"/>
      </file>
      <file name="user.routes.ts" path="/home/kevin/estudos/bank-api-ts/src/routes/user.routes.ts">
        <metrics statements="11" coveredstatements="11" conditionals="0" coveredconditionals="0" methods="0" coveredmethods="0"/>
        <line num="1" count="4" type="stmt"/>
        <line num="2" count="4" type="stmt"/>
        <line num="3" count="4" type="stmt"/>
        <line num="4" count="4" type="stmt"/>
        <line num="10" count="4" type="stmt"/>
        <line num="16" count="4" type="stmt"/>
        <line num="23" count="4" type="stmt"/>
        <line num="34" count="4" type="stmt"/>
        <line num="46" count="4" type="stmt"/>
        <line num="58" count="4" type="stmt"/>
        <line num="65" count="4" type="stmt"/>
      </file>
    </package>
    <package name="src.services">
      <metrics statements="282" coveredstatements="97" conditionals="128" coveredconditionals="14" methods="36" coveredmethods="14"/>
      <file name="account.service.ts" path="/home/kevin/estudos/bank-api-ts/src/services/account.service.ts">
        <metrics statements="51" coveredstatements="8" conditionals="19" coveredconditionals="1" methods="9" coveredmethods="2"/>
        <line num="2" count="5" type="stmt"/>
        <line num="3" count="5" type="stmt"/>
        <line num="22" count="5" type="stmt"/>
        <line num="23" count="5" type="stmt"/>
        <line num="29" count="0" type="stmt"/>
        <line num="36" count="2" type="stmt"/>
        <line num="37" count="2" type="cond" truecount="1" falsecount="0"/>
        <line num="38" count="1" type="stmt"/>
        <line num="40" count="1" type="stmt"/>
        <line num="47" count="0" type="stmt"/>
        <line num="48" count="0" type="cond" truecount="0" falsecount="1"/>
        <line num="49" count="0" type="stmt"/>
        <line num="51" count="0" type="stmt"/>
        <line num="58" count="0" type="stmt"/>
        <line num="66" count="0" type="cond" truecount="0" falsecount="1"/>
        <line num="69" count="0" type="stmt"/>
        <line num="70" count="0" type="stmt"/>
        <line num="74" count="0" type="cond" truecount="0" falsecount="1"/>
        <line num="75" count="0" type="stmt"/>
        <line num="79" count="0" type="cond" truecount="0" falsecount="1"/>
        <line num="80" count="0" type="stmt"/>
        <line num="84" count="0" type="stmt"/>
        <line num="92" count="0" type="stmt"/>
        <line num="93" count="0" type="cond" truecount="0" falsecount="1"/>
        <line num="94" count="0" type="stmt"/>
        <line num="98" count="0" type="cond" truecount="0" falsecount="3"/>
        <line num="99" count="0" type="stmt"/>
        <line num="103" count="0" type="cond" truecount="0" falsecount="3"/>
        <line num="104" count="0" type="stmt"/>
        <line num="108" count="0" type="stmt"/>
        <line num="109" count="0" type="cond" truecount="0" falsecount="1"/>
        <line num="110" count="0" type="stmt"/>
        <line num="113" count="0" type="stmt"/>
        <line num="121" count="0" type="stmt"/>
        <line num="122" count="0" type="cond" truecount="0" falsecount="1"/>
        <line num="123" count="0" type="stmt"/>
        <line num="127" count="0" type="cond" truecount="0" falsecount="1"/>
        <line num="128" count="0" type="stmt"/>
        <line num="132" count="0" type="stmt"/>
        <line num="133" count="0" type="cond" truecount="0" falsecount="1"/>
        <line num="134" count="0" type="stmt"/>
        <line num="137" count="0" type="stmt"/>
        <line num="145" count="0" type="stmt"/>
        <line num="146" count="0" type="cond" truecount="0" falsecount="1"/>
        <line num="147" count="0" type="stmt"/>
        <line num="151" count="0" type="cond" truecount="0" falsecount="1"/>
        <line num="152" count="0" type="stmt"/>
        <line num="156" count="0" type="stmt"/>
        <line num="157" count="0" type="cond" truecount="0" falsecount="1"/>
        <line num="158" count="0" type="stmt"/>
        <line num="161" count="0" type="stmt"/>
      </file>
      <file name="auth.service.ts" path="/home/kevin/estudos/bank-api-ts/src/services/auth.service.ts">
        <metrics statements="24" coveredstatements="21" conditionals="4" coveredconditionals="3" methods="4" coveredmethods="4"/>
        <line num="2" count="4" type="stmt"/>
        <line num="4" count="4" type="stmt"/>
        <line num="5" count="4" type="stmt"/>
        <line num="19" count="4" type="stmt"/>
        <line num="20" count="4" type="stmt"/>
        <line num="27" count="6" type="stmt"/>
        <line num="28" count="6" type="cond" truecount="1" falsecount="0"/>
        <line num="29" count="1" type="stmt"/>
        <line num="33" count="5" type="stmt"/>
        <line num="34" count="5" type="cond" truecount="0" falsecount="1"/>
        <line num="35" count="0" type="stmt"/>
        <line num="39" count="5" type="stmt"/>
        <line num="42" count="5" type="stmt"/>
        <line num="44" count="5" type="stmt"/>
        <line num="52" count="3" type="stmt"/>
        <line num="53" count="3" type="cond" truecount="1" falsecount="0"/>
        <line num="54" count="1" type="stmt"/>
        <line num="58" count="2" type="stmt"/>
        <line num="59" count="2" type="cond" truecount="1" falsecount="0"/>
        <line num="60" count="2" type="stmt"/>
        <line num="64" count="0" type="stmt"/>
        <line num="66" count="0" type="stmt"/>
        <line num="73" count="5" type="stmt"/>
        <line num="75" count="5" type="stmt"/>
      </file>
      <file name="index.ts" path="/home/kevin/estudos/bank-api-ts/src/services/index.ts">
        <metrics statements="16" coveredstatements="16" conditionals="0" coveredconditionals="0" methods="0" coveredmethods="0"/>
        <line num="1" count="4" type="stmt"/>
        <line num="2" count="4" type="stmt"/>
        <line num="3" count="4" type="stmt"/>
        <line num="4" count="4" type="stmt"/>
        <line num="5" count="4" type="stmt"/>
        <line num="6" count="4" type="stmt"/>
        <line num="14" count="4" type="stmt"/>
        <line num="15" count="4" type="stmt"/>
        <line num="16" count="4" type="stmt"/>
        <line num="17" count="4" type="stmt"/>
        <line num="21" count="4" type="stmt"/>
        <line num="37" count="4" type="stmt"/>
        <line num="38" count="4" type="stmt"/>
        <line num="39" count="4" type="stmt"/>
        <line num="40" count="4" type="stmt"/>
        <line num="41" count="4" type="stmt"/>
      </file>
      <file name="transaction-report.service.ts" path="/home/kevin/estudos/bank-api-ts/src/services/transaction-report.service.ts">
        <metrics statements="89" coveredstatements="4" conditionals="56" coveredconditionals="0" methods="10" coveredmethods="1"/>
        <line num="2" count="4" type="stmt"/>
        <line num="16" count="4" type="stmt"/>
        <line num="18" count="4" type="stmt"/>
        <line num="19" count="4" type="stmt"/>
        <line num="26" count="0" type="stmt"/>
        <line num="27" count="0" type="stmt"/>
        <line num="28" count="0" type="stmt"/>
        <line num="30" count="0" type="stmt"/>
        <line num="41" count="0" type="cond" truecount="0" falsecount="1"/>
        <line num="42" count="0" type="stmt"/>
        <line num="45" count="0" type="cond" truecount="0" falsecount="1"/>
        <line num="46" count="0" type="stmt"/>
        <line num="49" count="0" type="cond" truecount="0" falsecount="1"/>
        <line num="50" count="0" type="stmt"/>
        <line num="53" count="0" type="stmt"/>
        <line num="56" count="0" type="stmt"/>
        <line num="64" count="0" type="stmt"/>
        <line num="65" count="0" type="cond" truecount="0" falsecount="1"/>
        <line num="66" count="0" type="stmt"/>
        <line num="70" count="0" type="cond" truecount="0" falsecount="3"/>
        <line num="71" count="0" type="stmt"/>
        <line num="75" count="0" type="stmt"/>
        <line num="78" count="0" type="stmt"/>
        <line num="79" count="0" type="stmt"/>
        <line num="81" count="0" type="cond" truecount="0" falsecount="3"/>
        <line num="82" count="0" type="stmt"/>
        <line num="85" count="0" type="cond" truecount="0" falsecount="3"/>
        <line num="86" count="0" type="stmt"/>
        <line num="89" count="0" type="stmt"/>
        <line num="93" count="0" type="stmt"/>
        <line num="95" count="0" type="stmt"/>
        <line num="96" count="0" type="cond" truecount="0" falsecount="1"/>
        <line num="97" count="0" type="stmt"/>
        <line num="100" count="0" type="cond" truecount="0" falsecount="4"/>
        <line num="101" count="0" type="stmt"/>
        <line num="102" count="0" type="cond" truecount="0" falsecount="4"/>
        <line num="103" count="0" type="stmt"/>
        <line num="104" count="0" type="cond" truecount="0" falsecount="1"/>
        <line num="105" count="0" type="cond" truecount="0" falsecount="1"/>
        <line num="106" count="0" type="stmt"/>
        <line num="108" count="0" type="cond" truecount="0" falsecount="1"/>
        <line num="109" count="0" type="stmt"/>
        <line num="114" count="0" type="stmt"/>
        <line num="122" count="0" type="stmt"/>
        <line num="123" count="0" type="cond" truecount="0" falsecount="1"/>
        <line num="124" count="0" type="stmt"/>
        <line num="128" count="0" type="stmt"/>
        <line num="131" count="0" type="stmt"/>
        <line num="132" count="0" type="stmt"/>
        <line num="134" count="0" type="cond" truecount="0" falsecount="3"/>
        <line num="135" count="0" type="stmt"/>
        <line num="138" count="0" type="cond" truecount="0" falsecount="3"/>
        <line num="139" count="0" type="stmt"/>
        <line num="142" count="0" type="stmt"/>
        <line num="146" count="0" type="stmt"/>
        <line num="147" count="0" type="stmt"/>
        <line num="148" count="0" type="stmt"/>
        <line num="149" count="0" type="stmt"/>
        <line num="150" count="0" type="stmt"/>
        <line num="151" count="0" type="stmt"/>
        <line num="152" count="0" type="stmt"/>
        <line num="153" count="0" type="stmt"/>
        <line num="156" count="0" type="stmt"/>
        <line num="157" count="0" type="cond" truecount="0" falsecount="4"/>
        <line num="158" count="0" type="stmt"/>
        <line num="159" count="0" type="stmt"/>
        <line num="160" count="0" type="cond" truecount="0" falsecount="4"/>
        <line num="161" count="0" type="stmt"/>
        <line num="162" count="0" type="stmt"/>
        <line num="163" count="0" type="cond" truecount="0" falsecount="1"/>
        <line num="164" count="0" type="cond" truecount="0" falsecount="1"/>
        <line num="165" count="0" type="stmt"/>
        <line num="166" count="0" type="stmt"/>
        <line num="168" count="0" type="cond" truecount="0" falsecount="1"/>
        <line num="169" count="0" type="stmt"/>
        <line num="170" count="0" type="stmt"/>
        <line num="176" count="0" type="stmt"/>
        <line num="178" count="0" type="stmt"/>
        <line num="214" count="0" type="cond" truecount="0" falsecount="4"/>
        <line num="216" count="0" type="stmt"/>
        <line num="218" count="0" type="stmt"/>
        <line num="220" count="0" type="stmt"/>
        <line num="222" count="0" type="stmt"/>
        <line num="230" count="0" type="cond" truecount="0" falsecount="5"/>
        <line num="232" count="0" type="stmt"/>
        <line num="234" count="0" type="stmt"/>
        <line num="236" count="0" type="stmt"/>
        <line num="238" count="0" type="stmt"/>
        <line num="240" count="0" type="stmt"/>
      </file>
      <file name="transaction.service.ts" path="/home/kevin/estudos/bank-api-ts/src/services/transaction.service.ts">
        <metrics statements="72" coveredstatements="45" conditionals="36" coveredconditionals="10" methods="8" coveredmethods="6"/>
        <line num="1" count="4" type="stmt"/>
        <line num="4" count="4" type="stmt"/>
        <line num="5" count="4" type="stmt"/>
        <line num="23" count="4" type="stmt"/>
        <line num="25" count="4" type="stmt"/>
        <line num="26" count="4" type="stmt"/>
        <line num="33" count="1" type="stmt"/>
        <line num="40" count="2" type="stmt"/>
        <line num="41" count="2" type="cond" truecount="1" falsecount="0"/>
        <line num="42" count="1" type="stmt"/>
        <line num="44" count="1" type="stmt"/>
        <line num="52" count="0" type="stmt"/>
        <line num="53" count="0" type="cond" truecount="0" falsecount="1"/>
        <line num="54" count="0" type="stmt"/>
        <line num="57" count="0" type="stmt"/>
        <line num="65" count="1" type="cond" truecount="0" falsecount="1"/>
        <line num="66" count="0" type="stmt"/>
        <line num="70" count="1" type="stmt"/>
        <line num="71" count="1" type="cond" truecount="0" falsecount="1"/>
        <line num="72" count="0" type="stmt"/>
        <line num="76" count="1" type="cond" truecount="0" falsecount="1"/>
        <line num="77" count="0" type="stmt"/>
        <line num="81" count="1" type="stmt"/>
        <line num="89" count="1" type="stmt"/>
        <line num="91" count="1" type="stmt"/>
        <line num="94" count="1" type="stmt"/>
        <line num="100" count="0" type="stmt"/>
        <line num="104" count="0" type="stmt"/>
        <line num="113" count="2" type="cond" truecount="0" falsecount="1"/>
        <line num="114" count="0" type="stmt"/>
        <line num="118" count="2" type="stmt"/>
        <line num="119" count="2" type="cond" truecount="0" falsecount="1"/>
        <line num="120" count="0" type="stmt"/>
        <line num="124" count="2" type="cond" truecount="0" falsecount="1"/>
        <line num="125" count="0" type="stmt"/>
        <line num="129" count="2" type="cond" truecount="1" falsecount="0"/>
        <line num="130" count="1" type="stmt"/>
        <line num="134" count="1" type="stmt"/>
        <line num="142" count="1" type="stmt"/>
        <line num="144" count="1" type="stmt"/>
        <line num="147" count="1" type="stmt"/>
        <line num="153" count="0" type="stmt"/>
        <line num="157" count="0" type="stmt"/>
        <line num="171" count="3" type="cond" truecount="0" falsecount="1"/>
        <line num="172" count="0" type="stmt"/>
        <line num="176" count="3" type="cond" truecount="1" falsecount="0"/>
        <line num="177" count="1" type="stmt"/>
        <line num="181" count="2" type="stmt"/>
        <line num="182" count="2" type="cond" truecount="0" falsecount="1"/>
        <line num="183" count="0" type="stmt"/>
        <line num="187" count="2" type="stmt"/>
        <line num="188" count="2" type="cond" truecount="0" falsecount="1"/>
        <line num="189" count="0" type="stmt"/>
        <line num="193" count="2" type="cond" truecount="0" falsecount="1"/>
        <line num="194" count="0" type="stmt"/>
        <line num="196" count="2" type="cond" truecount="0" falsecount="1"/>
        <line num="197" count="0" type="stmt"/>
        <line num="201" count="2" type="cond" truecount="1" falsecount="0"/>
        <line num="202" count="1" type="stmt"/>
        <line num="206" count="1" type="stmt"/>
        <line num="215" count="1" type="stmt"/>
        <line num="217" count="1" type="stmt"/>
        <line num="218" count="1" type="stmt"/>
        <line num="221" count="1" type="stmt"/>
        <line num="227" count="0" type="stmt"/>
        <line num="231" count="0" type="stmt"/>
        <line num="240" count="0" type="stmt"/>
        <line num="241" count="0" type="cond" truecount="0" falsecount="1"/>
        <line num="242" count="0" type="stmt"/>
        <line num="246" count="0" type="cond" truecount="0" falsecount="1"/>
        <line num="247" count="0" type="stmt"/>
        <line num="251" count="0" type="stmt"/>
      </file>
      <file name="user.service.ts" path="/home/kevin/estudos/bank-api-ts/src/services/user.service.ts">
        <metrics statements="30" coveredstatements="3" conditionals="13" coveredconditionals="0" methods="5" coveredmethods="1"/>
        <line num="2" count="4" type="stmt"/>
        <line num="18" count="4" type="stmt"/>
        <line num="19" count="4" type="stmt"/>
        <line num="25" count="0" type="stmt"/>
        <line num="32" count="0" type="stmt"/>
        <line num="33" count="0" type="cond" truecount="0" falsecount="1"/>
        <line num="34" count="0" type="stmt"/>
        <line num="36" count="0" type="stmt"/>
        <line num="44" count="0" type="stmt"/>
        <line num="45" count="0" type="cond" truecount="0" falsecount="1"/>
        <line num="46" count="0" type="stmt"/>
        <line num="50" count="0" type="cond" truecount="0" falsecount="3"/>
        <line num="51" count="0" type="stmt"/>
        <line num="52" count="0" type="cond" truecount="0" falsecount="1"/>
        <line num="53" count="0" type="stmt"/>
        <line num="58" count="0" type="cond" truecount="0" falsecount="3"/>
        <line num="59" count="0" type="stmt"/>
        <line num="60" count="0" type="cond" truecount="0" falsecount="1"/>
        <line num="61" count="0" type="stmt"/>
        <line num="66" count="0" type="stmt"/>
        <line num="67" count="0" type="cond" truecount="0" falsecount="1"/>
        <line num="68" count="0" type="stmt"/>
        <line num="71" count="0" type="stmt"/>
        <line num="79" count="0" type="stmt"/>
        <line num="80" count="0" type="cond" truecount="0" falsecount="1"/>
        <line num="81" count="0" type="stmt"/>
        <line num="85" count="0" type="stmt"/>
        <line num="86" count="0" type="cond" truecount="0" falsecount="1"/>
        <line num="87" count="0" type="stmt"/>
        <line num="90" count="0" type="stmt"/>
      </file>
    </package>
    <package name="src.utils">
      <metrics statements="88" coveredstatements="49" conditionals="28" coveredconditionals="13" methods="13" coveredmethods="9"/>
      <file name="error.utils.ts" path="/home/kevin/estudos/bank-api-ts/src/utils/error.utils.ts">
        <metrics statements="59" coveredstatements="38" conditionals="21" coveredconditionals="11" methods="8" coveredmethods="8"/>
        <line num="16" count="6" type="stmt"/>
        <line num="25" count="19" type="stmt"/>
        <line num="26" count="19" type="stmt"/>
        <line num="27" count="19" type="stmt"/>
        <line num="28" count="19" type="stmt"/>
        <line num="29" count="19" type="stmt"/>
        <line num="30" count="19" type="stmt"/>
        <line num="32" count="19" type="stmt"/>
        <line num="39" count="1" type="stmt"/>
        <line num="46" count="1" type="stmt"/>
        <line num="53" count="1" type="stmt"/>
        <line num="60" count="1" type="stmt"/>
        <line num="67" count="1" type="stmt"/>
        <line num="74" count="1" type="stmt"/>
        <line num="81" count="6" type="stmt"/>
        <line num="88" count="11" type="stmt"/>
        <line num="89" count="11" type="stmt"/>
        <line num="90" count="11" type="stmt"/>
        <line num="91" count="11" type="stmt"/>
        <line num="92" count="11" type="stmt"/>
        <line num="95" count="11" type="cond" truecount="1" falsecount="0"/>
        <line num="96" count="11" type="stmt"/>
        <line num="97" count="11" type="stmt"/>
        <line num="98" count="11" type="cond" truecount="1" falsecount="1"/>
        <line num="99" count="11" type="stmt"/>
        <line num="100" count="11" type="stmt"/>
        <line num="104" count="11" type="cond" truecount="0" falsecount="1"/>
        <line num="105" count="0" type="stmt"/>
        <line num="106" count="0" type="stmt"/>
        <line num="107" count="0" type="stmt"/>
        <line num="108" count="0" type="stmt"/>
        <line num="112" count="11" type="cond" truecount="0" falsecount="1"/>
        <line num="113" count="0" type="stmt"/>
        <line num="114" count="0" type="stmt"/>
        <line num="115" count="0" type="stmt"/>
        <line num="119" count="11" type="cond" truecount="1" falsecount="2"/>
        <line num="120" count="0" type="stmt"/>
        <line num="121" count="0" type="stmt"/>
        <line num="122" count="0" type="stmt"/>
        <line num="123" count="0" type="stmt"/>
        <line num="127" count="11" type="cond" truecount="0" falsecount="1"/>
        <line num="128" count="0" type="stmt"/>
        <line num="129" count="0" type="stmt"/>
        <line num="130" count="0" type="stmt"/>
        <line num="134" count="11" type="cond" truecount="0" falsecount="1"/>
        <line num="135" count="0" type="stmt"/>
        <line num="136" count="0" type="stmt"/>
        <line num="137" count="0" type="stmt"/>
        <line num="141" count="11" type="cond" truecount="1" falsecount="1"/>
        <line num="142" count="11" type="stmt"/>
        <line num="147" count="11" type="cond" truecount="1" falsecount="0"/>
        <line num="148" count="2" type="stmt"/>
        <line num="151" count="11" type="cond" truecount="0" falsecount="1"/>
        <line num="152" count="0" type="stmt"/>
        <line num="156" count="11" type="cond" truecount="0" falsecount="1"/>
        <line num="157" count="0" type="stmt"/>
        <line num="160" count="11" type="stmt"/>
        <line num="163" count="0" type="stmt"/>
        <line num="166" count="0" type="stmt"/>
      </file>
      <file name="swagger.utils.ts" path="/home/kevin/estudos/bank-api-ts/src/utils/swagger.utils.ts">
        <metrics statements="17" coveredstatements="9" conditionals="3" coveredconditionals="2" methods="2" coveredmethods="1"/>
        <line num="2" count="4" type="stmt"/>
        <line num="3" count="4" type="stmt"/>
        <line num="4" count="4" type="stmt"/>
        <line num="9" count="4" type="stmt"/>
        <line num="311" count="4" type="stmt"/>
        <line num="313" count="4" type="cond" truecount="1" falsecount="1"/>
        <line num="315" count="0" type="stmt"/>
        <line num="319" count="0" type="stmt"/>
        <line num="322" count="4" type="stmt"/>
        <line num="325" count="0" type="stmt"/>
        <line num="326" count="0" type="stmt"/>
        <line num="332" count="4" type="stmt"/>
        <line num="334" count="4" type="cond" truecount="1" falsecount="0"/>
        <line num="337" count="0" type="stmt"/>
        <line num="340" count="0" type="stmt"/>
        <line num="341" count="0" type="stmt"/>
        <line num="342" count="0" type="stmt"/>
      </file>
      <file name="transaction.utils.ts" path="/home/kevin/estudos/bank-api-ts/src/utils/transaction.utils.ts">
        <metrics statements="12" coveredstatements="2" conditionals="4" coveredconditionals="0" methods="3" coveredmethods="0"/>
        <line num="4" count="4" type="stmt"/>
        <line num="10" count="4" type="stmt"/>
        <line num="19" count="0" type="stmt"/>
        <line num="20" count="0" type="cond" truecount="0" falsecount="1"/>
        <line num="21" count="0" type="stmt"/>
        <line num="25" count="0" type="cond" truecount="0" falsecount="3"/>
        <line num="26" count="0" type="stmt"/>
        <line num="29" count="0" type="stmt"/>
        <line num="36" count="0" type="stmt"/>
        <line num="46" count="0" type="stmt"/>
        <line num="47" count="0" type="stmt"/>
        <line num="48" count="0" type="stmt"/>
      </file>
    </package>
    <package name="src.validators">
      <metrics statements="23" coveredstatements="23" conditionals="0" coveredconditionals="0" methods="0" coveredmethods="0"/>
      <file name="account.validator.ts" path="/home/kevin/estudos/bank-api-ts/src/validators/account.validator.ts">
        <metrics statements="9" coveredstatements="9" conditionals="0" coveredconditionals="0" methods="0" coveredmethods="0"/>
        <line num="2" count="4" type="stmt"/>
        <line num="3" count="4" type="stmt"/>
        <line num="12" count="4" type="stmt"/>
        <line num="32" count="4" type="stmt"/>
        <line num="51" count="4" type="stmt"/>
        <line num="60" count="4" type="stmt"/>
        <line num="69" count="4" type="stmt"/>
        <line num="78" count="4" type="stmt"/>
        <line num="87" count="4" type="stmt"/>
      </file>
      <file name="auth.validator.ts" path="/home/kevin/estudos/bank-api-ts/src/validators/auth.validator.ts">
        <metrics statements="3" coveredstatements="3" conditionals="0" coveredconditionals="0" methods="0" coveredmethods="0"/>
        <line num="2" count="4" type="stmt"/>
        <line num="7" count="4" type="stmt"/>
        <line num="51" count="4" type="stmt"/>
      </file>
      <file name="transaction.validator.ts" path="/home/kevin/estudos/bank-api-ts/src/validators/transaction.validator.ts">
        <metrics statements="7" coveredstatements="7" conditionals="0" coveredconditionals="0" methods="0" coveredmethods="0"/>
        <line num="2" count="4" type="stmt"/>
        <line num="12" count="4" type="stmt"/>
        <line num="34" count="4" type="stmt"/>
        <line num="56" count="4" type="stmt"/>
        <line num="82" count="4" type="stmt"/>
        <line num="91" count="4" type="stmt"/>
        <line num="100" count="4" type="stmt"/>
      </file>
      <file name="user.validator.ts" path="/home/kevin/estudos/bank-api-ts/src/validators/user.validator.ts">
        <metrics statements="4" coveredstatements="4" conditionals="0" coveredconditionals="0" methods="0" coveredmethods="0"/>
        <line num="2" count="4" type="stmt"/>
        <line num="11" count="4" type="stmt"/>
        <line num="46" count="4" type="stmt"/>
        <line num="55" count="4" type="stmt"/>
      </file>
    </package>
  </project>
</coverage>
