{"/home/kevin/estudos/bank-api-ts/src/app.ts": {"path":"/home/kevin/estudos/bank-api-ts/src/app.ts","statementMap":{"0":{"start":{"line":1,"column":0},"end":{"line":1,"column":56}},"1":{"start":{"line":2,"column":0},"end":{"line":2,"column":24}},"2":{"start":{"line":3,"column":0},"end":{"line":3,"column":28}},"3":{"start":{"line":4,"column":0},"end":{"line":4,"column":28}},"4":{"start":{"line":5,"column":0},"end":{"line":5,"column":37}},"5":{"start":{"line":6,"column":0},"end":{"line":6,"column":41}},"6":{"start":{"line":7,"column":0},"end":{"line":7,"column":51}},"7":{"start":{"line":8,"column":0},"end":{"line":8,"column":53}},"8":{"start":{"line":9,"column":0},"end":{"line":9,"column":null}},"9":{"start":{"line":17,"column":0},"end":{"line":17,"column":null}},"10":{"start":{"line":33,"column":4},"end":{"line":33,"column":25}},"11":{"start":{"line":34,"column":4},"end":{"line":34,"column":32}},"12":{"start":{"line":35,"column":4},"end":{"line":35,"column":27}},"13":{"start":{"line":36,"column":4},"end":{"line":36,"column":28}},"14":{"start":{"line":37,"column":4},"end":{"line":37,"column":34}},"15":{"start":{"line":45,"column":4},"end":{"line":45,"column":27}},"16":{"start":{"line":46,"column":4},"end":{"line":46,"column":78}},"17":{"start":{"line":49,"column":4},"end":{"line":49,"column":25}},"18":{"start":{"line":52,"column":4},"end":{"line":54,"column":5}},"19":{"start":{"line":53,"column":6},"end":{"line":53,"column":34}},"20":{"start":{"line":57,"column":22},"end":{"line":57,"column":51}},"21":{"start":{"line":58,"column":4},"end":{"line":61,"column":8}},"22":{"start":{"line":64,"column":4},"end":{"line":64,"column":82}},"23":{"start":{"line":65,"column":4},"end":{"line":65,"column":33}},"24":{"start":{"line":66,"column":4},"end":{"line":66,"column":57}},"25":{"start":{"line":67,"column":4},"end":{"line":67,"column":75}},"26":{"start":{"line":68,"column":4},"end":{"line":68,"column":75}},"27":{"start":{"line":76,"column":4},"end":{"line":83,"column":7}},"28":{"start":{"line":77,"column":6},"end":{"line":82,"column":9}},"29":{"start":{"line":86,"column":4},"end":{"line":86,"column":42}},"30":{"start":{"line":87,"column":4},"end":{"line":87,"column":48}},"31":{"start":{"line":88,"column":4},"end":{"line":88,"column":43}},"32":{"start":{"line":89,"column":4},"end":{"line":89,"column":49}},"33":{"start":{"line":90,"column":4},"end":{"line":90,"column":57}},"34":{"start":{"line":91,"column":4},"end":{"line":91,"column":58}},"35":{"start":{"line":98,"column":4},"end":{"line":98,"column":49}},"36":{"start":{"line":106,"column":4},"end":{"line":110,"column":7}},"37":{"start":{"line":107,"column":18},"end":{"line":107,"column":71}},"38":{"start":{"line":108,"column":6},"end":{"line":108,"column":22}},"39":{"start":{"line":109,"column":6},"end":{"line":109,"column":16}},"40":{"start":{"line":113,"column":4},"end":{"line":113,"column":31}},"41":{"start":{"line":120,"column":4},"end":{"line":137,"column":5}},"42":{"start":{"line":122,"column":6},"end":{"line":122,"column":31}},"43":{"start":{"line":125,"column":6},"end":{"line":131,"column":9}},"44":{"start":{"line":127,"column":8},"end":{"line":130,"column":9}},"45":{"start":{"line":128,"column":10},"end":{"line":128,"column":88}},"46":{"start":{"line":129,"column":10},"end":{"line":129,"column":101}},"47":{"start":{"line":133,"column":6},"end":{"line":135,"column":7}},"48":{"start":{"line":134,"column":8},"end":{"line":134,"column":60}},"49":{"start":{"line":136,"column":6},"end":{"line":136,"column":22}},"50":{"start":{"line":141,"column":0},"end":{"line":141,"column":19}}},"fnMap":{"0":{"name":"(anonymous_1)","decl":{"start":{"line":32,"column":2},"end":{"line":32,"column":null}},"loc":{"start":{"line":32,"column":2},"end":{"line":38,"column":3}}},"1":{"name":"(anonymous_2)","decl":{"start":{"line":43,"column":10},"end":{"line":43,"column":30}},"loc":{"start":{"line":43,"column":30},"end":{"line":69,"column":3}}},"2":{"name":"(anonymous_3)","decl":{"start":{"line":74,"column":10},"end":{"line":74,"column":25}},"loc":{"start":{"line":74,"column":25},"end":{"line":92,"column":3}}},"3":{"name":"(anonymous_4)","decl":{"start":{"line":76,"column":32},"end":{"line":76,"column":33}},"loc":{"start":{"line":76,"column":45},"end":{"line":83,"column":5}}},"4":{"name":"(anonymous_5)","decl":{"start":{"line":97,"column":10},"end":{"line":97,"column":26}},"loc":{"start":{"line":97,"column":26},"end":{"line":99,"column":3}}},"5":{"name":"(anonymous_6)","decl":{"start":{"line":104,"column":10},"end":{"line":104,"column":32}},"loc":{"start":{"line":104,"column":32},"end":{"line":114,"column":3}}},"6":{"name":"(anonymous_7)","decl":{"start":{"line":106,"column":17},"end":{"line":106,"column":18}},"loc":{"start":{"line":106,"column":36},"end":{"line":110,"column":5}}},"7":{"name":"(anonymous_8)","decl":{"start":{"line":119,"column":9},"end":{"line":119,"column":14}},"loc":{"start":{"line":119,"column":20},"end":{"line":138,"column":3}}},"8":{"name":"(anonymous_9)","decl":{"start":{"line":125,"column":35},"end":{"line":125,"column":38}},"loc":{"start":{"line":125,"column":40},"end":{"line":131,"column":7}}}},"branchMap":{"0":{"loc":{"start":{"line":52,"column":4},"end":{"line":54,"column":5}},"type":"if","locations":[{"start":{"line":52,"column":4},"end":{"line":54,"column":5}}]},"1":{"loc":{"start":{"line":127,"column":8},"end":{"line":130,"column":9}},"type":"if","locations":[{"start":{"line":127,"column":8},"end":{"line":130,"column":9}}]},"2":{"loc":{"start":{"line":133,"column":6},"end":{"line":135,"column":7}},"type":"if","locations":[{"start":{"line":133,"column":6},"end":{"line":135,"column":7}}]}},"s":{"0":4,"1":4,"2":4,"3":4,"4":4,"5":4,"6":4,"7":4,"8":4,"9":4,"10":4,"11":4,"12":4,"13":4,"14":4,"15":4,"16":4,"17":4,"18":4,"19":0,"20":4,"21":4,"22":4,"23":4,"24":4,"25":4,"26":4,"27":4,"28":0,"29":4,"30":4,"31":4,"32":4,"33":4,"34":4,"35":4,"36":4,"37":0,"38":0,"39":0,"40":4,"41":0,"42":0,"43":0,"44":0,"45":0,"46":0,"47":0,"48":0,"49":0,"50":4},"f":{"0":4,"1":4,"2":4,"3":0,"4":4,"5":4,"6":0,"7":0,"8":0},"b":{"0":[0],"1":[0],"2":[0]}}
,"/home/kevin/estudos/bank-api-ts/src/index.ts": {"path":"/home/kevin/estudos/bank-api-ts/src/index.ts","statementMap":{"0":{"start":{"line":1,"column":0},"end":{"line":1,"column":24}},"1":{"start":{"line":7,"column":2},"end":{"line":13,"column":3}},"2":{"start":{"line":8,"column":16},"end":{"line":8,"column":25}},"3":{"start":{"line":9,"column":4},"end":{"line":9,"column":22}},"4":{"start":{"line":11,"column":4},"end":{"line":11,"column":61}},"5":{"start":{"line":12,"column":4},"end":{"line":12,"column":20}},"6":{"start":{"line":17,"column":0},"end":{"line":17,"column":12}},"7":{"start":{"line":20,"column":0},"end":{"line":23,"column":3}},"8":{"start":{"line":21,"column":2},"end":{"line":21,"column":46}},"9":{"start":{"line":22,"column":2},"end":{"line":22,"column":18}},"10":{"start":{"line":25,"column":0},"end":{"line":28,"column":3}},"11":{"start":{"line":26,"column":2},"end":{"line":26,"column":58}},"12":{"start":{"line":27,"column":2},"end":{"line":27,"column":18}}},"fnMap":{"0":{"name":"bootstrap","decl":{"start":{"line":6,"column":15},"end":{"line":6,"column":24}},"loc":{"start":{"line":6,"column":24},"end":{"line":14,"column":1}}},"1":{"name":"(anonymous_2)","decl":{"start":{"line":20,"column":32},"end":{"line":20,"column":33}},"loc":{"start":{"line":20,"column":42},"end":{"line":23,"column":1}}},"2":{"name":"(anonymous_3)","decl":{"start":{"line":25,"column":33},"end":{"line":25,"column":34}},"loc":{"start":{"line":25,"column":43},"end":{"line":28,"column":1}}}},"branchMap":{},"s":{"0":0,"1":0,"2":0,"3":0,"4":0,"5":0,"6":0,"7":0,"8":0,"9":0,"10":0,"11":0,"12":0},"f":{"0":0,"1":0,"2":0},"b":{}}
,"/home/kevin/estudos/bank-api-ts/src/config/config.ts": {"path":"/home/kevin/estudos/bank-api-ts/src/config/config.ts","statementMap":{"0":{"start":{"line":1,"column":0},"end":{"line":1,"column":28}},"1":{"start":{"line":5,"column":0},"end":{"line":5,"column":16}},"2":{"start":{"line":7,"column":15},"end":{"line":13,"column":2}},"3":{"start":{"line":15,"column":0},"end":{"line":15,"column":22}}},"fnMap":{},"branchMap":{"0":{"loc":{"start":{"line":8,"column":7},"end":{"line":8,"column":44}},"type":"binary-expr","locations":[{"start":{"line":8,"column":7},"end":{"line":8,"column":27}},{"start":{"line":8,"column":31},"end":{"line":8,"column":44}}]},"1":{"loc":{"start":{"line":9,"column":8},"end":{"line":9,"column":32}},"type":"binary-expr","locations":[{"start":{"line":9,"column":8},"end":{"line":9,"column":24}},{"start":{"line":9,"column":28},"end":{"line":9,"column":32}}]},"2":{"loc":{"start":{"line":10,"column":12},"end":{"line":10,"column":75}},"type":"binary-expr","locations":[{"start":{"line":10,"column":12},"end":{"line":10,"column":35}},{"start":{"line":10,"column":39},"end":{"line":10,"column":75}}]},"3":{"loc":{"start":{"line":11,"column":13},"end":{"line":11,"column":65}},"type":"binary-expr","locations":[{"start":{"line":11,"column":13},"end":{"line":11,"column":35}},{"start":{"line":11,"column":39},"end":{"line":11,"column":65}}]},"4":{"loc":{"start":{"line":12,"column":16},"end":{"line":12,"column":50}},"type":"binary-expr","locations":[{"start":{"line":12,"column":16},"end":{"line":12,"column":42}},{"start":{"line":12,"column":46},"end":{"line":12,"column":50}}]}},"s":{"0":4,"1":4,"2":4,"3":4},"f":{},"b":{"0":[4,0],"1":[4,0],"2":[4,0],"3":[4,0],"4":[4,0]}}
,"/home/kevin/estudos/bank-api-ts/src/config/database.ts": {"path":"/home/kevin/estudos/bank-api-ts/src/config/database.ts","statementMap":{"0":{"start":{"line":1,"column":0},"end":{"line":1,"column":32}},"1":{"start":{"line":2,"column":0},"end":{"line":2,"column":38}},"2":{"start":{"line":12,"column":4},"end":{"line":28,"column":5}},"3":{"start":{"line":13,"column":22},"end":{"line":15,"column":8}},"4":{"start":{"line":17,"column":6},"end":{"line":17,"column":46}},"5":{"start":{"line":19,"column":6},"end":{"line":19,"column":68}},"6":{"start":{"line":21,"column":6},"end":{"line":23,"column":9}},"7":{"start":{"line":22,"column":8},"end":{"line":22,"column":63}},"8":{"start":{"line":26,"column":6},"end":{"line":26,"column":68}},"9":{"start":{"line":27,"column":6},"end":{"line":27,"column":22}},"10":{"start":{"line":35,"column":4},"end":{"line":40,"column":5}},"11":{"start":{"line":36,"column":6},"end":{"line":36,"column":34}},"12":{"start":{"line":37,"column":6},"end":{"line":37,"column":63}},"13":{"start":{"line":39,"column":6},"end":{"line":39,"column":70}},"14":{"start":{"line":44,"column":0},"end":{"line":44,"column":24}}},"fnMap":{"0":{"name":"(anonymous_1)","decl":{"start":{"line":11,"column":9},"end":{"line":11,"column":15}},"loc":{"start":{"line":11,"column":29},"end":{"line":29,"column":3}}},"1":{"name":"(anonymous_2)","decl":{"start":{"line":21,"column":38},"end":{"line":21,"column":39}},"loc":{"start":{"line":21,"column":46},"end":{"line":23,"column":7}}},"2":{"name":"(anonymous_3)","decl":{"start":{"line":34,"column":9},"end":{"line":34,"column":15}},"loc":{"start":{"line":34,"column":32},"end":{"line":41,"column":3}}}},"branchMap":{},"s":{"0":4,"1":4,"2":0,"3":0,"4":0,"5":0,"6":0,"7":0,"8":0,"9":0,"10":0,"11":0,"12":0,"13":0,"14":4},"f":{"0":0,"1":0,"2":0},"b":{}}
,"/home/kevin/estudos/bank-api-ts/src/controllers/account.controller.ts": {"path":"/home/kevin/estudos/bank-api-ts/src/controllers/account.controller.ts","statementMap":{"0":{"start":{"line":2,"column":0},"end":{"line":2,"column":45}},"1":{"start":{"line":12,"column":4},"end":{"line":24,"column":5}},"2":{"start":{"line":13,"column":23},"end":{"line":13,"column":60}},"3":{"start":{"line":15,"column":6},"end":{"line":21,"column":9}},"4":{"start":{"line":23,"column":6},"end":{"line":23,"column":18}},"5":{"start":{"line":31,"column":4},"end":{"line":43,"column":5}},"6":{"start":{"line":32,"column":21},"end":{"line":32,"column":31}},"7":{"start":{"line":33,"column":22},"end":{"line":33,"column":61}},"8":{"start":{"line":35,"column":6},"end":{"line":40,"column":9}},"9":{"start":{"line":42,"column":6},"end":{"line":42,"column":18}},"10":{"start":{"line":50,"column":4},"end":{"line":62,"column":5}},"11":{"start":{"line":51,"column":32},"end":{"line":51,"column":42}},"12":{"start":{"line":52,"column":22},"end":{"line":52,"column":76}},"13":{"start":{"line":54,"column":6},"end":{"line":59,"column":9}},"14":{"start":{"line":61,"column":6},"end":{"line":61,"column":18}},"15":{"start":{"line":69,"column":4},"end":{"line":82,"column":5}},"16":{"start":{"line":70,"column":25},"end":{"line":70,"column":35}},"17":{"start":{"line":71,"column":23},"end":{"line":71,"column":67}},"18":{"start":{"line":73,"column":6},"end":{"line":79,"column":9}},"19":{"start":{"line":81,"column":6},"end":{"line":81,"column":18}},"20":{"start":{"line":89,"column":4},"end":{"line":106,"column":5}},"21":{"start":{"line":90,"column":38},"end":{"line":90,"column":46}},"22":{"start":{"line":92,"column":25},"end":{"line":96,"column":8}},"23":{"start":{"line":98,"column":6},"end":{"line":103,"column":9}},"24":{"start":{"line":105,"column":6},"end":{"line":105,"column":18}},"25":{"start":{"line":113,"column":4},"end":{"line":130,"column":5}},"26":{"start":{"line":114,"column":21},"end":{"line":114,"column":31}},"27":{"start":{"line":115,"column":33},"end":{"line":115,"column":41}},"28":{"start":{"line":117,"column":29},"end":{"line":120,"column":8}},"29":{"start":{"line":122,"column":6},"end":{"line":127,"column":9}},"30":{"start":{"line":129,"column":6},"end":{"line":129,"column":18}},"31":{"start":{"line":137,"column":4},"end":{"line":149,"column":5}},"32":{"start":{"line":138,"column":21},"end":{"line":138,"column":31}},"33":{"start":{"line":139,"column":33},"end":{"line":139,"column":75}},"34":{"start":{"line":141,"column":6},"end":{"line":146,"column":9}},"35":{"start":{"line":148,"column":6},"end":{"line":148,"column":18}},"36":{"start":{"line":156,"column":4},"end":{"line":166,"column":5}},"37":{"start":{"line":157,"column":21},"end":{"line":157,"column":31}},"38":{"start":{"line":158,"column":6},"end":{"line":158,"column":45}},"39":{"start":{"line":160,"column":6},"end":{"line":163,"column":9}},"40":{"start":{"line":165,"column":6},"end":{"line":165,"column":18}},"41":{"start":{"line":7,"column":0},"end":{"line":7,"column":13}}},"fnMap":{"0":{"name":"(anonymous_0)","decl":{"start":{"line":11,"column":2},"end":{"line":11,"column":8}},"loc":{"start":{"line":11,"column":77},"end":{"line":25,"column":3}}},"1":{"name":"(anonymous_1)","decl":{"start":{"line":30,"column":2},"end":{"line":30,"column":8}},"loc":{"start":{"line":30,"column":77},"end":{"line":44,"column":3}}},"2":{"name":"(anonymous_2)","decl":{"start":{"line":49,"column":2},"end":{"line":49,"column":8}},"loc":{"start":{"line":49,"column":81},"end":{"line":63,"column":3}}},"3":{"name":"(anonymous_3)","decl":{"start":{"line":68,"column":2},"end":{"line":68,"column":8}},"loc":{"start":{"line":68,"column":78},"end":{"line":83,"column":3}}},"4":{"name":"(anonymous_4)","decl":{"start":{"line":88,"column":2},"end":{"line":88,"column":8}},"loc":{"start":{"line":88,"column":76},"end":{"line":107,"column":3}}},"5":{"name":"(anonymous_5)","decl":{"start":{"line":112,"column":2},"end":{"line":112,"column":8}},"loc":{"start":{"line":112,"column":76},"end":{"line":131,"column":3}}},"6":{"name":"(anonymous_6)","decl":{"start":{"line":136,"column":2},"end":{"line":136,"column":8}},"loc":{"start":{"line":136,"column":80},"end":{"line":150,"column":3}}},"7":{"name":"(anonymous_7)","decl":{"start":{"line":155,"column":2},"end":{"line":155,"column":8}},"loc":{"start":{"line":155,"column":76},"end":{"line":167,"column":3}}}},"branchMap":{},"s":{"0":4,"1":0,"2":0,"3":0,"4":0,"5":2,"6":2,"7":2,"8":1,"9":1,"10":0,"11":0,"12":0,"13":0,"14":0,"15":0,"16":0,"17":0,"18":0,"19":0,"20":0,"21":0,"22":0,"23":0,"24":0,"25":0,"26":0,"27":0,"28":0,"29":0,"30":0,"31":0,"32":0,"33":0,"34":0,"35":0,"36":0,"37":0,"38":0,"39":0,"40":0,"41":4},"f":{"0":0,"1":2,"2":0,"3":0,"4":0,"5":0,"6":0,"7":0},"b":{}}
,"/home/kevin/estudos/bank-api-ts/src/controllers/auth.controller.ts": {"path":"/home/kevin/estudos/bank-api-ts/src/controllers/auth.controller.ts","statementMap":{"0":{"start":{"line":2,"column":0},"end":{"line":2,"column":42}},"1":{"start":{"line":3,"column":0},"end":{"line":3,"column":48}},"2":{"start":{"line":13,"column":4},"end":{"line":39,"column":5}},"3":{"start":{"line":14,"column":61},"end":{"line":14,"column":69}},"4":{"start":{"line":16,"column":21},"end":{"line":24,"column":8}},"5":{"start":{"line":27,"column":19},"end":{"line":27,"column":41}},"6":{"start":{"line":28,"column":6},"end":{"line":28,"column":27}},"7":{"start":{"line":30,"column":6},"end":{"line":36,"column":9}},"8":{"start":{"line":38,"column":6},"end":{"line":38,"column":18}},"9":{"start":{"line":46,"column":4},"end":{"line":68,"column":5}},"10":{"start":{"line":47,"column":34},"end":{"line":47,"column":42}},"11":{"start":{"line":49,"column":6},"end":{"line":51,"column":7}},"12":{"start":{"line":50,"column":8},"end":{"line":50,"column":66}},"13":{"start":{"line":53,"column":21},"end":{"line":53,"column":61}},"14":{"start":{"line":56,"column":19},"end":{"line":56,"column":41}},"15":{"start":{"line":57,"column":6},"end":{"line":57,"column":27}},"16":{"start":{"line":59,"column":6},"end":{"line":65,"column":9}},"17":{"start":{"line":67,"column":6},"end":{"line":67,"column":18}},"18":{"start":{"line":8,"column":0},"end":{"line":8,"column":13}}},"fnMap":{"0":{"name":"(anonymous_0)","decl":{"start":{"line":12,"column":2},"end":{"line":12,"column":8}},"loc":{"start":{"line":12,"column":71},"end":{"line":40,"column":3}}},"1":{"name":"(anonymous_1)","decl":{"start":{"line":45,"column":2},"end":{"line":45,"column":8}},"loc":{"start":{"line":45,"column":68},"end":{"line":69,"column":3}}}},"branchMap":{"0":{"loc":{"start":{"line":49,"column":6},"end":{"line":51,"column":7}},"type":"if","locations":[{"start":{"line":49,"column":6},"end":{"line":51,"column":7}}]},"1":{"loc":{"start":{"line":49,"column":10},"end":{"line":49,"column":29}},"type":"binary-expr","locations":[{"start":{"line":49,"column":10},"end":{"line":49,"column":16}},{"start":{"line":49,"column":20},"end":{"line":49,"column":29}}]}},"s":{"0":4,"1":4,"2":6,"3":6,"4":6,"5":5,"6":5,"7":5,"8":1,"9":3,"10":3,"11":3,"12":0,"13":3,"14":0,"15":0,"16":0,"17":3,"18":4},"f":{"0":6,"1":3},"b":{"0":[0],"1":[3,3]}}
,"/home/kevin/estudos/bank-api-ts/src/controllers/index.ts": {"path":"/home/kevin/estudos/bank-api-ts/src/controllers/index.ts","statementMap":{"0":{"start":{"line":1,"column":0},"end":{"line":1,"column":9}},"1":{"start":{"line":13,"column":2},"end":{"line":1,"column":51}},"2":{"start":{"line":2,"column":0},"end":{"line":2,"column":9}},"3":{"start":{"line":14,"column":2},"end":{"line":2,"column":51}},"4":{"start":{"line":3,"column":0},"end":{"line":3,"column":9}},"5":{"start":{"line":15,"column":2},"end":{"line":3,"column":57}},"6":{"start":{"line":4,"column":0},"end":{"line":4,"column":9}},"7":{"start":{"line":16,"column":2},"end":{"line":4,"column":65}},"8":{"start":{"line":5,"column":0},"end":{"line":5,"column":9}},"9":{"start":{"line":17,"column":2},"end":{"line":5,"column":78}}},"fnMap":{"0":{"name":"(anonymous_0)","decl":{"start":{"line":13,"column":2},"end":{"line":13,"column":16}},"loc":{"start":{"line":13,"column":2},"end":{"line":1,"column":51}}},"1":{"name":"(anonymous_1)","decl":{"start":{"line":14,"column":2},"end":{"line":14,"column":16}},"loc":{"start":{"line":14,"column":2},"end":{"line":2,"column":51}}},"2":{"name":"(anonymous_2)","decl":{"start":{"line":15,"column":2},"end":{"line":15,"column":19}},"loc":{"start":{"line":15,"column":2},"end":{"line":3,"column":57}}},"3":{"name":"(anonymous_3)","decl":{"start":{"line":16,"column":2},"end":{"line":16,"column":23}},"loc":{"start":{"line":16,"column":2},"end":{"line":4,"column":65}}},"4":{"name":"(anonymous_4)","decl":{"start":{"line":17,"column":2},"end":{"line":17,"column":29}},"loc":{"start":{"line":17,"column":2},"end":{"line":5,"column":78}}}},"branchMap":{},"s":{"0":4,"1":12,"2":4,"3":20,"4":4,"5":36,"6":4,"7":32,"8":4,"9":4},"f":{"0":8,"1":16,"2":32,"3":28,"4":0},"b":{}}
,"/home/kevin/estudos/bank-api-ts/src/controllers/transaction-report.controller.ts": {"path":"/home/kevin/estudos/bank-api-ts/src/controllers/transaction-report.controller.ts","statementMap":{"0":{"start":{"line":2,"column":0},"end":{"line":2,"column":75}},"1":{"start":{"line":3,"column":0},"end":{"line":3,"column":62}},"2":{"start":{"line":13,"column":4},"end":{"line":31,"column":5}},"3":{"start":{"line":14,"column":21},"end":{"line":14,"column":31}},"4":{"start":{"line":17,"column":26},"end":{"line":17,"column":73}},"5":{"start":{"line":20,"column":22},"end":{"line":20,"column":86}},"6":{"start":{"line":22,"column":6},"end":{"line":28,"column":9}},"7":{"start":{"line":30,"column":6},"end":{"line":30,"column":18}},"8":{"start":{"line":38,"column":4},"end":{"line":61,"column":5}},"9":{"start":{"line":39,"column":28},"end":{"line":39,"column":38}},"10":{"start":{"line":40,"column":37},"end":{"line":40,"column":46}},"11":{"start":{"line":43,"column":30},"end":{"line":43,"column":83}},"12":{"start":{"line":44,"column":28},"end":{"line":44,"column":77}},"13":{"start":{"line":47,"column":22},"end":{"line":50,"column":null}},"14":{"start":{"line":53,"column":6},"end":{"line":58,"column":9}},"15":{"start":{"line":60,"column":6},"end":{"line":60,"column":18}},"16":{"start":{"line":68,"column":4},"end":{"line":100,"column":5}},"17":{"start":{"line":69,"column":28},"end":{"line":69,"column":38}},"18":{"start":{"line":70,"column":37},"end":{"line":70,"column":46}},"19":{"start":{"line":73,"column":30},"end":{"line":73,"column":83}},"20":{"start":{"line":74,"column":28},"end":{"line":74,"column":77}},"21":{"start":{"line":77,"column":22},"end":{"line":80,"column":null}},"22":{"start":{"line":84,"column":31},"end":{"line":84,"column":71}},"23":{"start":{"line":86,"column":6},"end":{"line":97,"column":9}},"24":{"start":{"line":99,"column":6},"end":{"line":99,"column":18}},"25":{"start":{"line":8,"column":0},"end":{"line":8,"column":13}}},"fnMap":{"0":{"name":"(anonymous_0)","decl":{"start":{"line":12,"column":2},"end":{"line":12,"column":8}},"loc":{"start":{"line":12,"column":78},"end":{"line":32,"column":3}}},"1":{"name":"(anonymous_1)","decl":{"start":{"line":37,"column":2},"end":{"line":37,"column":8}},"loc":{"start":{"line":37,"column":84},"end":{"line":62,"column":3}}},"2":{"name":"(anonymous_2)","decl":{"start":{"line":67,"column":2},"end":{"line":67,"column":8}},"loc":{"start":{"line":67,"column":86},"end":{"line":101,"column":3}}}},"branchMap":{"0":{"loc":{"start":{"line":43,"column":30},"end":{"line":43,"column":83}},"type":"cond-expr","locations":[{"start":{"line":43,"column":42},"end":{"line":43,"column":71}},{"start":{"line":43,"column":74},"end":{"line":43,"column":83}}]},"1":{"loc":{"start":{"line":44,"column":28},"end":{"line":44,"column":77}},"type":"cond-expr","locations":[{"start":{"line":44,"column":38},"end":{"line":44,"column":65}},{"start":{"line":44,"column":68},"end":{"line":44,"column":77}}]},"2":{"loc":{"start":{"line":73,"column":30},"end":{"line":73,"column":83}},"type":"cond-expr","locations":[{"start":{"line":73,"column":42},"end":{"line":73,"column":71}},{"start":{"line":73,"column":74},"end":{"line":73,"column":83}}]},"3":{"loc":{"start":{"line":74,"column":28},"end":{"line":74,"column":77}},"type":"cond-expr","locations":[{"start":{"line":74,"column":38},"end":{"line":74,"column":65}},{"start":{"line":74,"column":68},"end":{"line":74,"column":77}}]}},"s":{"0":4,"1":4,"2":0,"3":0,"4":0,"5":0,"6":0,"7":0,"8":0,"9":0,"10":0,"11":0,"12":0,"13":0,"14":0,"15":0,"16":0,"17":0,"18":0,"19":0,"20":0,"21":0,"22":0,"23":0,"24":0,"25":4},"f":{"0":0,"1":0,"2":0},"b":{"0":[0,0],"1":[0,0],"2":[0,0],"3":[0,0]}}
,"/home/kevin/estudos/bank-api-ts/src/controllers/transaction.controller.ts": {"path":"/home/kevin/estudos/bank-api-ts/src/controllers/transaction.controller.ts","statementMap":{"0":{"start":{"line":2,"column":0},"end":{"line":2,"column":49}},"1":{"start":{"line":12,"column":4},"end":{"line":24,"column":5}},"2":{"start":{"line":13,"column":27},"end":{"line":13,"column":72}},"3":{"start":{"line":15,"column":6},"end":{"line":21,"column":9}},"4":{"start":{"line":23,"column":6},"end":{"line":23,"column":18}},"5":{"start":{"line":31,"column":4},"end":{"line":43,"column":5}},"6":{"start":{"line":32,"column":21},"end":{"line":32,"column":31}},"7":{"start":{"line":33,"column":26},"end":{"line":33,"column":73}},"8":{"start":{"line":35,"column":6},"end":{"line":40,"column":9}},"9":{"start":{"line":42,"column":6},"end":{"line":42,"column":18}},"10":{"start":{"line":50,"column":4},"end":{"line":63,"column":5}},"11":{"start":{"line":51,"column":28},"end":{"line":51,"column":38}},"12":{"start":{"line":52,"column":27},"end":{"line":52,"column":85}},"13":{"start":{"line":54,"column":6},"end":{"line":60,"column":9}},"14":{"start":{"line":62,"column":6},"end":{"line":62,"column":18}},"15":{"start":{"line":70,"column":4},"end":{"line":87,"column":5}},"16":{"start":{"line":71,"column":60},"end":{"line":71,"column":68}},"17":{"start":{"line":73,"column":26},"end":{"line":76,"column":null}},"18":{"start":{"line":79,"column":6},"end":{"line":84,"column":9}},"19":{"start":{"line":86,"column":6},"end":{"line":86,"column":18}},"20":{"start":{"line":94,"column":4},"end":{"line":111,"column":5}},"21":{"start":{"line":95,"column":55},"end":{"line":95,"column":63}},"22":{"start":{"line":97,"column":26},"end":{"line":100,"column":null}},"23":{"start":{"line":103,"column":6},"end":{"line":108,"column":9}},"24":{"start":{"line":110,"column":6},"end":{"line":110,"column":18}},"25":{"start":{"line":118,"column":4},"end":{"line":136,"column":5}},"26":{"start":{"line":119,"column":77},"end":{"line":119,"column":85}},"27":{"start":{"line":121,"column":26},"end":{"line":125,"column":null}},"28":{"start":{"line":128,"column":6},"end":{"line":133,"column":9}},"29":{"start":{"line":135,"column":6},"end":{"line":135,"column":18}},"30":{"start":{"line":143,"column":4},"end":{"line":155,"column":5}},"31":{"start":{"line":144,"column":21},"end":{"line":144,"column":31}},"32":{"start":{"line":145,"column":26},"end":{"line":145,"column":72}},"33":{"start":{"line":147,"column":6},"end":{"line":152,"column":9}},"34":{"start":{"line":154,"column":6},"end":{"line":154,"column":18}},"35":{"start":{"line":7,"column":0},"end":{"line":7,"column":13}}},"fnMap":{"0":{"name":"(anonymous_0)","decl":{"start":{"line":11,"column":2},"end":{"line":11,"column":8}},"loc":{"start":{"line":11,"column":81},"end":{"line":25,"column":3}}},"1":{"name":"(anonymous_1)","decl":{"start":{"line":30,"column":2},"end":{"line":30,"column":8}},"loc":{"start":{"line":30,"column":81},"end":{"line":44,"column":3}}},"2":{"name":"(anonymous_2)","decl":{"start":{"line":49,"column":2},"end":{"line":49,"column":8}},"loc":{"start":{"line":49,"column":85},"end":{"line":64,"column":3}}},"3":{"name":"(anonymous_3)","decl":{"start":{"line":69,"column":2},"end":{"line":69,"column":8}},"loc":{"start":{"line":69,"column":70},"end":{"line":88,"column":3}}},"4":{"name":"(anonymous_4)","decl":{"start":{"line":93,"column":2},"end":{"line":93,"column":8}},"loc":{"start":{"line":93,"column":71},"end":{"line":112,"column":3}}},"5":{"name":"(anonymous_5)","decl":{"start":{"line":117,"column":2},"end":{"line":117,"column":8}},"loc":{"start":{"line":117,"column":71},"end":{"line":137,"column":3}}},"6":{"name":"(anonymous_6)","decl":{"start":{"line":142,"column":2},"end":{"line":142,"column":8}},"loc":{"start":{"line":142,"column":80},"end":{"line":156,"column":3}}}},"branchMap":{},"s":{"0":4,"1":1,"2":1,"3":1,"4":0,"5":2,"6":2,"7":2,"8":1,"9":1,"10":0,"11":0,"12":0,"13":0,"14":0,"15":1,"16":1,"17":1,"18":1,"19":0,"20":2,"21":2,"22":2,"23":1,"24":1,"25":3,"26":3,"27":3,"28":1,"29":2,"30":0,"31":0,"32":0,"33":0,"34":0,"35":4},"f":{"0":1,"1":2,"2":0,"3":1,"4":2,"5":3,"6":0},"b":{}}
,"/home/kevin/estudos/bank-api-ts/src/controllers/user.controller.ts": {"path":"/home/kevin/estudos/bank-api-ts/src/controllers/user.controller.ts","statementMap":{"0":{"start":{"line":2,"column":0},"end":{"line":2,"column":42}},"1":{"start":{"line":12,"column":4},"end":{"line":24,"column":5}},"2":{"start":{"line":13,"column":20},"end":{"line":13,"column":51}},"3":{"start":{"line":15,"column":6},"end":{"line":21,"column":9}},"4":{"start":{"line":23,"column":6},"end":{"line":23,"column":18}},"5":{"start":{"line":31,"column":4},"end":{"line":43,"column":5}},"6":{"start":{"line":32,"column":21},"end":{"line":32,"column":31}},"7":{"start":{"line":33,"column":19},"end":{"line":33,"column":52}},"8":{"start":{"line":35,"column":6},"end":{"line":40,"column":9}},"9":{"start":{"line":42,"column":6},"end":{"line":42,"column":18}},"10":{"start":{"line":50,"column":4},"end":{"line":70,"column":5}},"11":{"start":{"line":51,"column":21},"end":{"line":51,"column":31}},"12":{"start":{"line":52,"column":51},"end":{"line":52,"column":59}},"13":{"start":{"line":54,"column":26},"end":{"line":60,"column":8}},"14":{"start":{"line":62,"column":6},"end":{"line":67,"column":9}},"15":{"start":{"line":69,"column":6},"end":{"line":69,"column":18}},"16":{"start":{"line":77,"column":4},"end":{"line":87,"column":5}},"17":{"start":{"line":78,"column":21},"end":{"line":78,"column":31}},"18":{"start":{"line":79,"column":6},"end":{"line":79,"column":39}},"19":{"start":{"line":81,"column":6},"end":{"line":84,"column":9}},"20":{"start":{"line":86,"column":6},"end":{"line":86,"column":18}},"21":{"start":{"line":7,"column":0},"end":{"line":7,"column":13}}},"fnMap":{"0":{"name":"(anonymous_0)","decl":{"start":{"line":11,"column":2},"end":{"line":11,"column":8}},"loc":{"start":{"line":11,"column":74},"end":{"line":25,"column":3}}},"1":{"name":"(anonymous_1)","decl":{"start":{"line":30,"column":2},"end":{"line":30,"column":8}},"loc":{"start":{"line":30,"column":74},"end":{"line":44,"column":3}}},"2":{"name":"(anonymous_2)","decl":{"start":{"line":49,"column":2},"end":{"line":49,"column":8}},"loc":{"start":{"line":49,"column":73},"end":{"line":71,"column":3}}},"3":{"name":"(anonymous_3)","decl":{"start":{"line":76,"column":2},"end":{"line":76,"column":8}},"loc":{"start":{"line":76,"column":73},"end":{"line":88,"column":3}}}},"branchMap":{},"s":{"0":4,"1":0,"2":0,"3":0,"4":0,"5":0,"6":0,"7":0,"8":0,"9":0,"10":0,"11":0,"12":0,"13":0,"14":0,"15":0,"16":0,"17":0,"18":0,"19":0,"20":0,"21":4},"f":{"0":0,"1":0,"2":0,"3":0},"b":{}}
,"/home/kevin/estudos/bank-api-ts/src/middlewares/auth.middleware.ts": {"path":"/home/kevin/estudos/bank-api-ts/src/middlewares/auth.middleware.ts","statementMap":{"0":{"start":{"line":2,"column":0},"end":{"line":2,"column":31}},"1":{"start":{"line":3,"column":0},"end":{"line":3,"column":38}},"2":{"start":{"line":4,"column":0},"end":{"line":4,"column":48}},"3":{"start":{"line":5,"column":0},"end":{"line":5,"column":40}},"4":{"start":{"line":20,"column":28},"end":{"line":54,"column":1}},"5":{"start":{"line":25,"column":2},"end":{"line":53,"column":3}},"6":{"start":{"line":27,"column":23},"end":{"line":27,"column":48}},"7":{"start":{"line":28,"column":4},"end":{"line":30,"column":5}},"8":{"start":{"line":29,"column":6},"end":{"line":29,"column":77}},"9":{"start":{"line":33,"column":18},"end":{"line":33,"column":42}},"10":{"start":{"line":36,"column":20},"end":{"line":36,"column":69}},"11":{"start":{"line":39,"column":17},"end":{"line":39,"column":48}},"12":{"start":{"line":40,"column":4},"end":{"line":42,"column":5}},"13":{"start":{"line":41,"column":6},"end":{"line":41,"column":83}},"14":{"start":{"line":45,"column":4},"end":{"line":45,"column":20}},"15":{"start":{"line":46,"column":4},"end":{"line":46,"column":11}},"16":{"start":{"line":48,"column":4},"end":{"line":52,"column":5}},"17":{"start":{"line":49,"column":6},"end":{"line":49,"column":61}},"18":{"start":{"line":51,"column":6},"end":{"line":51,"column":18}},"19":{"start":{"line":20,"column":13},"end":{"line":20,"column":28}},"20":{"start":{"line":59,"column":25},"end":{"line":73,"column":1}},"21":{"start":{"line":60,"column":2},"end":{"line":72,"column":4}},"22":{"start":{"line":61,"column":4},"end":{"line":64,"column":5}},"23":{"start":{"line":62,"column":6},"end":{"line":62,"column":77}},"24":{"start":{"line":63,"column":6},"end":{"line":63,"column":13}},"25":{"start":{"line":66,"column":4},"end":{"line":69,"column":5}},"26":{"start":{"line":67,"column":6},"end":{"line":67,"column":83}},"27":{"start":{"line":68,"column":6},"end":{"line":68,"column":13}},"28":{"start":{"line":71,"column":4},"end":{"line":71,"column":11}},"29":{"start":{"line":59,"column":13},"end":{"line":59,"column":25}}},"fnMap":{"0":{"name":"(anonymous_1)","decl":{"start":{"line":20,"column":28},"end":{"line":20,"column":33}},"loc":{"start":{"line":24,"column":19},"end":{"line":54,"column":1}}},"1":{"name":"(anonymous_2)","decl":{"start":{"line":59,"column":25},"end":{"line":59,"column":26}},"loc":{"start":{"line":59,"column":48},"end":{"line":73,"column":1}}},"2":{"name":"(anonymous_3)","decl":{"start":{"line":60,"column":9},"end":{"line":60,"column":10}},"loc":{"start":{"line":60,"column":67},"end":{"line":72,"column":3}}}},"branchMap":{"0":{"loc":{"start":{"line":28,"column":4},"end":{"line":30,"column":5}},"type":"if","locations":[{"start":{"line":28,"column":4},"end":{"line":30,"column":5}}]},"1":{"loc":{"start":{"line":28,"column":8},"end":{"line":28,"column":56}},"type":"binary-expr","locations":[{"start":{"line":28,"column":8},"end":{"line":28,"column":19}},{"start":{"line":28,"column":23},"end":{"line":28,"column":56}}]},"2":{"loc":{"start":{"line":40,"column":4},"end":{"line":42,"column":5}},"type":"if","locations":[{"start":{"line":40,"column":4},"end":{"line":42,"column":5}}]},"3":{"loc":{"start":{"line":48,"column":4},"end":{"line":52,"column":5}},"type":"if","locations":[{"start":{"line":48,"column":4},"end":{"line":52,"column":5}},{"start":{"line":50,"column":11},"end":{"line":52,"column":5}}]},"4":{"loc":{"start":{"line":61,"column":4},"end":{"line":64,"column":5}},"type":"if","locations":[{"start":{"line":61,"column":4},"end":{"line":64,"column":5}}]},"5":{"loc":{"start":{"line":66,"column":4},"end":{"line":69,"column":5}},"type":"if","locations":[{"start":{"line":66,"column":4},"end":{"line":69,"column":5}}]}},"s":{"0":0,"1":0,"2":0,"3":0,"4":0,"5":0,"6":0,"7":0,"8":0,"9":0,"10":0,"11":0,"12":0,"13":0,"14":0,"15":0,"16":0,"17":0,"18":0,"19":0,"20":0,"21":0,"22":0,"23":0,"24":0,"25":0,"26":0,"27":0,"28":0,"29":0},"f":{"0":0,"1":0,"2":0},"b":{"0":[0],"1":[0,0],"2":[0],"3":[0,0],"4":[0],"5":[0]}}
,"/home/kevin/estudos/bank-api-ts/src/middlewares/common.middleware.ts": {"path":"/home/kevin/estudos/bank-api-ts/src/middlewares/common.middleware.ts","statementMap":{"0":{"start":{"line":2,"column":0},"end":{"line":2,"column":53}},"1":{"start":{"line":3,"column":0},"end":{"line":3,"column":48}},"2":{"start":{"line":13,"column":30},"end":{"line":13,"column":32}},"3":{"start":{"line":16,"column":24},"end":{"line":33,"column":1}},"4":{"start":{"line":17,"column":17},"end":{"line":17,"column":38}},"5":{"start":{"line":18,"column":2},"end":{"line":31,"column":3}},"6":{"start":{"line":19,"column":26},"end":{"line":19,"column":75}},"7":{"start":{"line":19,"column":54},"end":{"line":19,"column":63}},"8":{"start":{"line":20,"column":25},"end":{"line":27,"column":10}},"9":{"start":{"line":21,"column":20},"end":{"line":21,"column":31}},"10":{"start":{"line":22,"column":6},"end":{"line":24,"column":7}},"11":{"start":{"line":23,"column":8},"end":{"line":23,"column":24}},"12":{"start":{"line":25,"column":6},"end":{"line":25,"column":33}},"13":{"start":{"line":26,"column":6},"end":{"line":26,"column":17}},"14":{"start":{"line":29,"column":4},"end":{"line":29,"column":63}},"15":{"start":{"line":30,"column":4},"end":{"line":30,"column":11}},"16":{"start":{"line":32,"column":2},"end":{"line":32,"column":9}},"17":{"start":{"line":16,"column":13},"end":{"line":16,"column":24}},"18":{"start":{"line":38,"column":29},"end":{"line":56,"column":1}},"19":{"start":{"line":39,"column":20},"end":{"line":39,"column":44}},"20":{"start":{"line":40,"column":17},"end":{"line":40,"column":27}},"21":{"start":{"line":41,"column":14},"end":{"line":41,"column":29}},"22":{"start":{"line":42,"column":13},"end":{"line":42,"column":19}},"23":{"start":{"line":43,"column":20},"end":{"line":43,"column":45}},"24":{"start":{"line":45,"column":2},"end":{"line":45,"column":88}},"25":{"start":{"line":48,"column":16},"end":{"line":48,"column":26}},"26":{"start":{"line":49,"column":2},"end":{"line":53,"column":5}},"27":{"start":{"line":50,"column":21},"end":{"line":50,"column":39}},"28":{"start":{"line":51,"column":23},"end":{"line":51,"column":37}},"29":{"start":{"line":52,"column":4},"end":{"line":52,"column":101}},"30":{"start":{"line":55,"column":2},"end":{"line":55,"column":9}},"31":{"start":{"line":38,"column":13},"end":{"line":38,"column":29}},"32":{"start":{"line":61,"column":24},"end":{"line":63,"column":1}},"33":{"start":{"line":62,"column":2},"end":{"line":62,"column":70}},"34":{"start":{"line":61,"column":13},"end":{"line":61,"column":24}},"35":{"start":{"line":68,"column":25},"end":{"line":94,"column":1}},"36":{"start":{"line":69,"column":45},"end":{"line":69,"column":47}},"37":{"start":{"line":71,"column":2},"end":{"line":93,"column":4}},"38":{"start":{"line":72,"column":15},"end":{"line":72,"column":31}},"39":{"start":{"line":73,"column":16},"end":{"line":73,"column":26}},"40":{"start":{"line":76,"column":4},"end":{"line":78,"column":5}},"41":{"start":{"line":77,"column":6},"end":{"line":77,"column":24}},"42":{"start":{"line":81,"column":4},"end":{"line":81,"column":82}},"43":{"start":{"line":81,"column":52},"end":{"line":81,"column":80}},"44":{"start":{"line":84,"column":4},"end":{"line":87,"column":5}},"45":{"start":{"line":85,"column":6},"end":{"line":85,"column":92}},"46":{"start":{"line":86,"column":6},"end":{"line":86,"column":13}},"47":{"start":{"line":90,"column":4},"end":{"line":90,"column":27}},"48":{"start":{"line":92,"column":4},"end":{"line":92,"column":11}},"49":{"start":{"line":68,"column":13},"end":{"line":68,"column":25}},"50":{"start":{"line":99,"column":28},"end":{"line":107,"column":1}},"51":{"start":{"line":100,"column":2},"end":{"line":105,"column":3}},"52":{"start":{"line":101,"column":4},"end":{"line":104,"column":5}},"53":{"start":{"line":102,"column":6},"end":{"line":102,"column":78}},"54":{"start":{"line":103,"column":6},"end":{"line":103,"column":13}},"55":{"start":{"line":106,"column":2},"end":{"line":106,"column":9}},"56":{"start":{"line":99,"column":13},"end":{"line":99,"column":28}}},"fnMap":{"0":{"name":"(anonymous_0)","decl":{"start":{"line":16,"column":24},"end":{"line":16,"column":25}},"loc":{"start":{"line":16,"column":82},"end":{"line":33,"column":1}}},"1":{"name":"(anonymous_1)","decl":{"start":{"line":19,"column":45},"end":{"line":19,"column":50}},"loc":{"start":{"line":19,"column":54},"end":{"line":19,"column":63}}},"2":{"name":"(anonymous_2)","decl":{"start":{"line":20,"column":47},"end":{"line":20,"column":48}},"loc":{"start":{"line":20,"column":72},"end":{"line":27,"column":5}}},"3":{"name":"(anonymous_3)","decl":{"start":{"line":38,"column":29},"end":{"line":38,"column":30}},"loc":{"start":{"line":38,"column":87},"end":{"line":56,"column":1}}},"4":{"name":"(anonymous_4)","decl":{"start":{"line":49,"column":19},"end":{"line":49,"column":22}},"loc":{"start":{"line":49,"column":24},"end":{"line":53,"column":3}}},"5":{"name":"(anonymous_5)","decl":{"start":{"line":61,"column":24},"end":{"line":61,"column":25}},"loc":{"start":{"line":61,"column":82},"end":{"line":63,"column":1}}},"6":{"name":"(anonymous_6)","decl":{"start":{"line":68,"column":25},"end":{"line":68,"column":26}},"loc":{"start":{"line":68,"column":69},"end":{"line":94,"column":1}}},"7":{"name":"(anonymous_7)","decl":{"start":{"line":71,"column":9},"end":{"line":71,"column":10}},"loc":{"start":{"line":71,"column":67},"end":{"line":93,"column":3}}},"8":{"name":"(anonymous_8)","decl":{"start":{"line":81,"column":39},"end":{"line":81,"column":48}},"loc":{"start":{"line":81,"column":52},"end":{"line":81,"column":80}}},"9":{"name":"(anonymous_9)","decl":{"start":{"line":99,"column":28},"end":{"line":99,"column":29}},"loc":{"start":{"line":99,"column":86},"end":{"line":107,"column":1}}}},"branchMap":{"0":{"loc":{"start":{"line":18,"column":2},"end":{"line":31,"column":3}},"type":"if","locations":[{"start":{"line":18,"column":2},"end":{"line":31,"column":3}}]},"1":{"loc":{"start":{"line":22,"column":6},"end":{"line":24,"column":7}},"type":"if","locations":[{"start":{"line":22,"column":6},"end":{"line":24,"column":7}}]},"2":{"loc":{"start":{"line":76,"column":4},"end":{"line":78,"column":5}},"type":"if","locations":[{"start":{"line":76,"column":4},"end":{"line":78,"column":5}}]},"3":{"loc":{"start":{"line":84,"column":4},"end":{"line":87,"column":5}},"type":"if","locations":[{"start":{"line":84,"column":4},"end":{"line":87,"column":5}}]},"4":{"loc":{"start":{"line":100,"column":2},"end":{"line":105,"column":3}},"type":"if","locations":[{"start":{"line":100,"column":2},"end":{"line":105,"column":3}}]},"5":{"loc":{"start":{"line":100,"column":6},"end":{"line":100,"column":77}},"type":"binary-expr","locations":[{"start":{"line":100,"column":6},"end":{"line":100,"column":27}},{"start":{"line":100,"column":31},"end":{"line":100,"column":51}},{"start":{"line":100,"column":55},"end":{"line":100,"column":77}}]},"6":{"loc":{"start":{"line":101,"column":4},"end":{"line":104,"column":5}},"type":"if","locations":[{"start":{"line":101,"column":4},"end":{"line":104,"column":5}}]}},"s":{"0":4,"1":4,"2":4,"3":4,"4":21,"5":21,"6":2,"7":6,"8":2,"9":6,"10":6,"11":2,"12":6,"13":6,"14":2,"15":2,"16":19,"17":4,"18":4,"19":0,"20":0,"21":0,"22":0,"23":0,"24":0,"25":0,"26":0,"27":0,"28":0,"29":0,"30":0,"31":4,"32":4,"33":0,"34":4,"35":4,"36":0,"37":0,"38":0,"39":0,"40":0,"41":0,"42":0,"43":0,"44":0,"45":0,"46":0,"47":0,"48":0,"49":4,"50":4,"51":0,"52":0,"53":0,"54":0,"55":0,"56":4},"f":{"0":21,"1":6,"2":6,"3":0,"4":0,"5":0,"6":0,"7":0,"8":0,"9":0},"b":{"0":[2],"1":[2],"2":[0],"3":[0],"4":[0],"5":[0,0,0],"6":[0]}}
,"/home/kevin/estudos/bank-api-ts/src/middlewares/index.ts": {"path":"/home/kevin/estudos/bank-api-ts/src/middlewares/index.ts","statementMap":{"0":{"start":{"line":2,"column":0},"end":{"line":2,"column":9}},"1":{"start":{"line":50,"column":2},"end":{"line":2,"column":47}},"2":{"start":{"line":3,"column":0},"end":{"line":3,"column":9}},"3":{"start":{"line":51,"column":2},"end":{"line":3,"column":56}},"4":{"start":{"line":4,"column":0},"end":{"line":4,"column":63}},"5":{"start":{"line":16,"column":27},"end":{"line":16,"column":55}},"6":{"start":{"line":52,"column":2},"end":{"line":52,"column":20}},"7":{"start":{"line":19,"column":21},"end":{"line":21,"column":1}},"8":{"start":{"line":20,"column":2},"end":{"line":20,"column":30}},"9":{"start":{"line":48,"column":2},"end":{"line":48,"column":14}},"10":{"start":{"line":24,"column":18},"end":{"line":35,"column":1}},"11":{"start":{"line":25,"column":2},"end":{"line":34,"column":4}},"12":{"start":{"line":26,"column":4},"end":{"line":32,"column":5}},"13":{"start":{"line":27,"column":6},"end":{"line":30,"column":9}},"14":{"start":{"line":31,"column":6},"end":{"line":31,"column":13}},"15":{"start":{"line":33,"column":4},"end":{"line":33,"column":11}},"16":{"start":{"line":49,"column":2},"end":{"line":49,"column":11}},"17":{"start":{"line":38,"column":17},"end":{"line":42,"column":1}},"18":{"start":{"line":39,"column":16},"end":{"line":39,"column":64}},"19":{"start":{"line":40,"column":2},"end":{"line":40,"column":18}},"20":{"start":{"line":41,"column":2},"end":{"line":41,"column":14}},"21":{"start":{"line":53,"column":2},"end":{"line":53,"column":10}},"22":{"start":{"line":45,"column":18},"end":{"line":45,"column":47}},"23":{"start":{"line":54,"column":2},"end":{"line":54,"column":11}}},"fnMap":{"0":{"name":"(anonymous_0)","decl":{"start":{"line":50,"column":2},"end":{"line":50,"column":10}},"loc":{"start":{"line":50,"column":2},"end":{"line":2,"column":47}}},"1":{"name":"(anonymous_1)","decl":{"start":{"line":51,"column":2},"end":{"line":51,"column":13}},"loc":{"start":{"line":51,"column":2},"end":{"line":3,"column":56}}},"2":{"name":"(anonymous_2)","decl":{"start":{"line":19,"column":21},"end":{"line":19,"column":22}},"loc":{"start":{"line":19,"column":79},"end":{"line":21,"column":1}}},"3":{"name":"(anonymous_3)","decl":{"start":{"line":24,"column":18},"end":{"line":24,"column":19}},"loc":{"start":{"line":24,"column":35},"end":{"line":35,"column":1}}},"4":{"name":"(anonymous_4)","decl":{"start":{"line":25,"column":9},"end":{"line":25,"column":10}},"loc":{"start":{"line":25,"column":67},"end":{"line":34,"column":3}}},"5":{"name":"(anonymous_5)","decl":{"start":{"line":38,"column":17},"end":{"line":38,"column":18}},"loc":{"start":{"line":38,"column":75},"end":{"line":42,"column":1}}}},"branchMap":{"0":{"loc":{"start":{"line":26,"column":4},"end":{"line":32,"column":5}},"type":"if","locations":[{"start":{"line":26,"column":4},"end":{"line":32,"column":5}}]},"1":{"loc":{"start":{"line":26,"column":8},"end":{"line":26,"column":43}},"type":"binary-expr","locations":[{"start":{"line":26,"column":8},"end":{"line":26,"column":17}},{"start":{"line":26,"column":21},"end":{"line":26,"column":43}}]}},"s":{"0":4,"1":88,"2":4,"3":4,"4":4,"5":4,"6":4,"7":4,"8":20,"9":4,"10":4,"11":24,"12":6,"13":6,"14":6,"15":0,"16":4,"17":4,"18":0,"19":0,"20":0,"21":4,"22":4,"23":4},"f":{"0":84,"1":0,"2":20,"3":24,"4":6,"5":0},"b":{"0":[6],"1":[6,6]}}
,"/home/kevin/estudos/bank-api-ts/src/middlewares/security.middleware.ts": {"path":"/home/kevin/estudos/bank-api-ts/src/middlewares/security.middleware.ts","statementMap":{"0":{"start":{"line":2,"column":0},"end":{"line":2,"column":48}},"1":{"start":{"line":22,"column":4},"end":{"line":27,"column":5}},"2":{"start":{"line":23,"column":26},"end":{"line":23,"column":53}},"3":{"start":{"line":24,"column":6},"end":{"line":26,"column":7}},"4":{"start":{"line":25,"column":8},"end":{"line":25,"column":89}},"5":{"start":{"line":28,"column":4},"end":{"line":28,"column":11}},"6":{"start":{"line":36,"column":4},"end":{"line":42,"column":5}},"7":{"start":{"line":37,"column":6},"end":{"line":41,"column":7}},"8":{"start":{"line":38,"column":8},"end":{"line":40,"column":9}},"9":{"start":{"line":39,"column":10},"end":{"line":39,"column":94}},"10":{"start":{"line":45,"column":4},"end":{"line":63,"column":5}},"11":{"start":{"line":46,"column":32},"end":{"line":58,"column":7}},"12":{"start":{"line":47,"column":8},"end":{"line":56,"column":9}},"13":{"start":{"line":48,"column":10},"end":{"line":50,"column":11}},"14":{"start":{"line":49,"column":12},"end":{"line":49,"column":24}},"15":{"start":{"line":51,"column":10},"end":{"line":55,"column":11}},"16":{"start":{"line":52,"column":12},"end":{"line":54,"column":13}},"17":{"start":{"line":53,"column":14},"end":{"line":53,"column":26}},"18":{"start":{"line":57,"column":8},"end":{"line":57,"column":21}},"19":{"start":{"line":60,"column":6},"end":{"line":62,"column":7}},"20":{"start":{"line":61,"column":8},"end":{"line":61,"column":88}},"21":{"start":{"line":65,"column":4},"end":{"line":65,"column":11}},"22":{"start":{"line":73,"column":27},"end":{"line":80,"column":5}},"23":{"start":{"line":74,"column":6},"end":{"line":79,"column":34}},"24":{"start":{"line":83,"column":27},"end":{"line":101,"column":5}},"25":{"start":{"line":84,"column":6},"end":{"line":86,"column":7}},"26":{"start":{"line":85,"column":8},"end":{"line":85,"column":19}},"27":{"start":{"line":88,"column":26},"end":{"line":88,"column":54}},"28":{"start":{"line":90,"column":6},"end":{"line":98,"column":7}},"29":{"start":{"line":91,"column":8},"end":{"line":97,"column":9}},"30":{"start":{"line":92,"column":10},"end":{"line":92,"column":46}},"31":{"start":{"line":93,"column":15},"end":{"line":97,"column":9}},"32":{"start":{"line":94,"column":10},"end":{"line":94,"column":46}},"33":{"start":{"line":96,"column":10},"end":{"line":96,"column":30}},"34":{"start":{"line":100,"column":6},"end":{"line":100,"column":20}},"35":{"start":{"line":104,"column":4},"end":{"line":106,"column":5}},"36":{"start":{"line":105,"column":6},"end":{"line":105,"column":42}},"37":{"start":{"line":109,"column":4},"end":{"line":115,"column":5}},"38":{"start":{"line":110,"column":6},"end":{"line":114,"column":7}},"39":{"start":{"line":111,"column":8},"end":{"line":113,"column":9}},"40":{"start":{"line":112,"column":10},"end":{"line":112,"column":49}},"41":{"start":{"line":117,"column":4},"end":{"line":117,"column":11}},"42":{"start":{"line":125,"column":4},"end":{"line":125,"column":45}},"43":{"start":{"line":128,"column":4},"end":{"line":128,"column":55}},"44":{"start":{"line":131,"column":4},"end":{"line":131,"column":55}},"45":{"start":{"line":134,"column":4},"end":{"line":134,"column":67}},"46":{"start":{"line":137,"column":4},"end":{"line":137,"column":67}},"47":{"start":{"line":139,"column":4},"end":{"line":139,"column":11}},"48":{"start":{"line":17,"column":0},"end":{"line":17,"column":13}},"49":{"start":{"line":144,"column":13},"end":{"line":144,"column":63}}},"fnMap":{"0":{"name":"(anonymous_0)","decl":{"start":{"line":21,"column":2},"end":{"line":21,"column":21}},"loc":{"start":{"line":21,"column":69},"end":{"line":29,"column":3}}},"1":{"name":"(anonymous_1)","decl":{"start":{"line":34,"column":2},"end":{"line":34,"column":14}},"loc":{"start":{"line":34,"column":62},"end":{"line":66,"column":3}}},"2":{"name":"(anonymous_2)","decl":{"start":{"line":46,"column":32},"end":{"line":46,"column":33}},"loc":{"start":{"line":46,"column":54},"end":{"line":58,"column":7}}},"3":{"name":"(anonymous_3)","decl":{"start":{"line":71,"column":2},"end":{"line":71,"column":14}},"loc":{"start":{"line":71,"column":62},"end":{"line":118,"column":3}}},"4":{"name":"(anonymous_4)","decl":{"start":{"line":73,"column":27},"end":{"line":73,"column":28}},"loc":{"start":{"line":73,"column":51},"end":{"line":80,"column":5}}},"5":{"name":"(anonymous_5)","decl":{"start":{"line":83,"column":27},"end":{"line":83,"column":28}},"loc":{"start":{"line":83,"column":45},"end":{"line":101,"column":5}}},"6":{"name":"(anonymous_6)","decl":{"start":{"line":123,"column":2},"end":{"line":123,"column":17}},"loc":{"start":{"line":123,"column":65},"end":{"line":140,"column":3}}}},"branchMap":{"0":{"loc":{"start":{"line":22,"column":4},"end":{"line":27,"column":5}},"type":"if","locations":[{"start":{"line":22,"column":4},"end":{"line":27,"column":5}}]},"1":{"loc":{"start":{"line":22,"column":8},"end":{"line":22,"column":79}},"type":"binary-expr","locations":[{"start":{"line":22,"column":8},"end":{"line":22,"column":29}},{"start":{"line":22,"column":33},"end":{"line":22,"column":53}},{"start":{"line":22,"column":57},"end":{"line":22,"column":79}}]},"2":{"loc":{"start":{"line":24,"column":6},"end":{"line":26,"column":7}},"type":"if","locations":[{"start":{"line":24,"column":6},"end":{"line":26,"column":7}}]},"3":{"loc":{"start":{"line":24,"column":10},"end":{"line":24,"column":67}},"type":"binary-expr","locations":[{"start":{"line":24,"column":10},"end":{"line":24,"column":22}},{"start":{"line":24,"column":26},"end":{"line":24,"column":67}}]},"4":{"loc":{"start":{"line":36,"column":4},"end":{"line":42,"column":5}},"type":"if","locations":[{"start":{"line":36,"column":4},"end":{"line":42,"column":5}}]},"5":{"loc":{"start":{"line":38,"column":8},"end":{"line":40,"column":9}},"type":"if","locations":[{"start":{"line":38,"column":8},"end":{"line":40,"column":9}}]},"6":{"loc":{"start":{"line":38,"column":12},"end":{"line":38,"column":85}},"type":"binary-expr","locations":[{"start":{"line":38,"column":12},"end":{"line":38,"column":37}},{"start":{"line":38,"column":42},"end":{"line":38,"column":61}},{"start":{"line":38,"column":65},"end":{"line":38,"column":84}}]},"7":{"loc":{"start":{"line":45,"column":4},"end":{"line":63,"column":5}},"type":"if","locations":[{"start":{"line":45,"column":4},"end":{"line":63,"column":5}}]},"8":{"loc":{"start":{"line":45,"column":8},"end":{"line":45,"column":48}},"type":"binary-expr","locations":[{"start":{"line":45,"column":8},"end":{"line":45,"column":16}},{"start":{"line":45,"column":20},"end":{"line":45,"column":48}}]},"9":{"loc":{"start":{"line":48,"column":10},"end":{"line":50,"column":11}},"type":"if","locations":[{"start":{"line":48,"column":10},"end":{"line":50,"column":11}}]},"10":{"loc":{"start":{"line":51,"column":10},"end":{"line":55,"column":11}},"type":"if","locations":[{"start":{"line":51,"column":10},"end":{"line":55,"column":11}}]},"11":{"loc":{"start":{"line":51,"column":14},"end":{"line":51,"column":57}},"type":"binary-expr","locations":[{"start":{"line":51,"column":14},"end":{"line":51,"column":39}},{"start":{"line":51,"column":43},"end":{"line":51,"column":57}}]},"12":{"loc":{"start":{"line":52,"column":12},"end":{"line":54,"column":13}},"type":"if","locations":[{"start":{"line":52,"column":12},"end":{"line":54,"column":13}}]},"13":{"loc":{"start":{"line":60,"column":6},"end":{"line":62,"column":7}},"type":"if","locations":[{"start":{"line":60,"column":6},"end":{"line":62,"column":7}}]},"14":{"loc":{"start":{"line":84,"column":6},"end":{"line":86,"column":7}},"type":"if","locations":[{"start":{"line":84,"column":6},"end":{"line":86,"column":7}}]},"15":{"loc":{"start":{"line":84,"column":10},"end":{"line":84,"column":41}},"type":"binary-expr","locations":[{"start":{"line":84,"column":10},"end":{"line":84,"column":14}},{"start":{"line":84,"column":18},"end":{"line":84,"column":41}}]},"16":{"loc":{"start":{"line":88,"column":26},"end":{"line":88,"column":54}},"type":"cond-expr","locations":[{"start":{"line":88,"column":47},"end":{"line":88,"column":49}},{"start":{"line":88,"column":52},"end":{"line":88,"column":54}}]},"17":{"loc":{"start":{"line":91,"column":8},"end":{"line":97,"column":9}},"type":"if","locations":[{"start":{"line":91,"column":8},"end":{"line":97,"column":9}},{"start":{"line":93,"column":15},"end":{"line":97,"column":9}}]},"18":{"loc":{"start":{"line":93,"column":15},"end":{"line":97,"column":9}},"type":"if","locations":[{"start":{"line":93,"column":15},"end":{"line":97,"column":9}},{"start":{"line":95,"column":15},"end":{"line":97,"column":9}}]},"19":{"loc":{"start":{"line":93,"column":19},"end":{"line":93,"column":62}},"type":"binary-expr","locations":[{"start":{"line":93,"column":19},"end":{"line":93,"column":44}},{"start":{"line":93,"column":48},"end":{"line":93,"column":62}}]},"20":{"loc":{"start":{"line":104,"column":4},"end":{"line":106,"column":5}},"type":"if","locations":[{"start":{"line":104,"column":4},"end":{"line":106,"column":5}}]},"21":{"loc":{"start":{"line":109,"column":4},"end":{"line":115,"column":5}},"type":"if","locations":[{"start":{"line":109,"column":4},"end":{"line":115,"column":5}}]},"22":{"loc":{"start":{"line":111,"column":8},"end":{"line":113,"column":9}},"type":"if","locations":[{"start":{"line":111,"column":8},"end":{"line":113,"column":9}}]}},"s":{"0":4,"1":30,"2":21,"3":21,"4":0,"5":30,"6":30,"7":30,"8":0,"9":0,"10":30,"11":21,"12":21,"13":70,"14":0,"15":70,"16":0,"17":0,"18":21,"19":21,"20":0,"21":30,"22":30,"23":62,"24":30,"25":21,"26":0,"27":21,"28":21,"29":70,"30":62,"31":8,"32":0,"33":8,"34":21,"35":30,"36":21,"37":30,"38":30,"39":0,"40":0,"41":30,"42":30,"43":30,"44":30,"45":30,"46":30,"47":30,"48":4,"49":4},"f":{"0":30,"1":30,"2":21,"3":30,"4":62,"5":21,"6":30},"b":{"0":[21],"1":[30,10,10],"2":[0],"3":[21,21],"4":[30],"5":[0],"6":[0,0,0],"7":[21],"8":[30,21],"9":[0],"10":[0],"11":[70,0],"12":[0],"13":[0],"14":[0],"15":[21,21],"16":[0,21],"17":[62,8],"18":[0,8],"19":[8,0],"20":[21],"21":[30],"22":[0]}}
,"/home/kevin/estudos/bank-api-ts/src/middlewares/verify-token.middleware.ts": {"path":"/home/kevin/estudos/bank-api-ts/src/middlewares/verify-token.middleware.ts","statementMap":{"0":{"start":{"line":2,"column":0},"end":{"line":2,"column":31}},"1":{"start":{"line":3,"column":0},"end":{"line":3,"column":38}},"2":{"start":{"line":4,"column":0},"end":{"line":4,"column":33}},"3":{"start":{"line":10,"column":27},"end":{"line":47,"column":1}},"4":{"start":{"line":11,"column":2},"end":{"line":46,"column":3}},"5":{"start":{"line":13,"column":18},"end":{"line":13,"column":58}},"6":{"start":{"line":15,"column":4},"end":{"line":21,"column":5}},"7":{"start":{"line":16,"column":6},"end":{"line":19,"column":9}},"8":{"start":{"line":20,"column":6},"end":{"line":20,"column":13}},"9":{"start":{"line":24,"column":20},"end":{"line":24,"column":73}},"10":{"start":{"line":27,"column":17},"end":{"line":27,"column":68}},"11":{"start":{"line":28,"column":4},"end":{"line":34,"column":5}},"12":{"start":{"line":29,"column":6},"end":{"line":32,"column":9}},"13":{"start":{"line":33,"column":6},"end":{"line":33,"column":13}},"14":{"start":{"line":37,"column":4},"end":{"line":37,"column":20}},"15":{"start":{"line":40,"column":4},"end":{"line":40,"column":11}},"16":{"start":{"line":42,"column":4},"end":{"line":45,"column":7}},"17":{"start":{"line":10,"column":13},"end":{"line":10,"column":27}}},"fnMap":{"0":{"name":"(anonymous_1)","decl":{"start":{"line":10,"column":27},"end":{"line":10,"column":32}},"loc":{"start":{"line":10,"column":100},"end":{"line":47,"column":1}}}},"branchMap":{"0":{"loc":{"start":{"line":15,"column":4},"end":{"line":21,"column":5}},"type":"if","locations":[{"start":{"line":15,"column":4},"end":{"line":21,"column":5}}]},"1":{"loc":{"start":{"line":28,"column":4},"end":{"line":34,"column":5}},"type":"if","locations":[{"start":{"line":28,"column":4},"end":{"line":34,"column":5}}]}},"s":{"0":4,"1":4,"2":4,"3":4,"4":20,"5":20,"6":20,"7":2,"8":2,"9":18,"10":18,"11":18,"12":0,"13":0,"14":18,"15":18,"16":0,"17":4},"f":{"0":20},"b":{"0":[2],"1":[0]}}
,"/home/kevin/estudos/bank-api-ts/src/models/account.model.ts": {"path":"/home/kevin/estudos/bank-api-ts/src/models/account.model.ts","statementMap":{"0":{"start":{"line":1,"column":0},"end":{"line":1,"column":61}},"1":{"start":{"line":6,"column":0},"end":{"line":6,"column":null}},"2":{"start":{"line":7,"column":2},"end":{"line":7,"column":null}},"3":{"start":{"line":8,"column":2},"end":{"line":8,"column":null}},"4":{"start":{"line":9,"column":2},"end":{"line":9,"column":null}},"5":{"start":{"line":33,"column":22},"end":{"line":64,"column":null}},"6":{"start":{"line":72,"column":20},"end":{"line":72,"column":71}},"7":{"start":{"line":73,"column":24},"end":{"line":73,"column":44}},"8":{"start":{"line":76,"column":26},"end":{"line":76,"column":63}},"9":{"start":{"line":77,"column":2},"end":{"line":80,"column":3}},"10":{"start":{"line":79,"column":4},"end":{"line":79,"column":40}},"11":{"start":{"line":82,"column":2},"end":{"line":82,"column":23}},"12":{"start":{"line":86,"column":0},"end":{"line":86,"column":68}},"13":{"start":{"line":89,"column":16},"end":{"line":89,"column":100}},"14":{"start":{"line":91,"column":0},"end":{"line":91,"column":23}}},"fnMap":{"0":{"name":"(anonymous_9)","decl":{"start":{"line":6,"column":0},"end":{"line":6,"column":12}},"loc":{"start":{"line":6,"column":23},"end":{"line":10,"column":1}}},"1":{"name":"generateAccountNumber","decl":{"start":{"line":71,"column":15},"end":{"line":71,"column":36}},"loc":{"start":{"line":71,"column":36},"end":{"line":83,"column":1}}}},"branchMap":{"0":{"loc":{"start":{"line":6,"column":12},"end":{"line":6,"column":null}},"type":"binary-expr","locations":[{"start":{"line":6,"column":12},"end":{"line":6,"column":23}},{"start":{"line":6,"column":23},"end":{"line":6,"column":null}}]},"1":{"loc":{"start":{"line":77,"column":2},"end":{"line":80,"column":3}},"type":"if","locations":[{"start":{"line":77,"column":2},"end":{"line":80,"column":3}}]}},"s":{"0":5,"1":5,"2":5,"3":5,"4":5,"5":5,"6":0,"7":0,"8":0,"9":0,"10":0,"11":0,"12":5,"13":5,"14":5},"f":{"0":5,"1":0},"b":{"0":[5,5],"1":[0]}}
,"/home/kevin/estudos/bank-api-ts/src/models/index.ts": {"path":"/home/kevin/estudos/bank-api-ts/src/models/index.ts","statementMap":{"0":{"start":{"line":6,"column":0},"end":{"line":6,"column":9}},"1":{"start":{"line":6,"column":9},"end":{"line":6,"column":24}},"2":{"start":{"line":7,"column":0},"end":{"line":7,"column":9}},"3":{"start":{"line":7,"column":9},"end":{"line":7,"column":27}},"4":{"start":{"line":7,"column":39},"end":{"line":7,"column":76}},"5":{"start":{"line":8,"column":0},"end":{"line":8,"column":null}},"6":{"start":{"line":9,"column":2},"end":{"line":9,"column":24}},"7":{"start":{"line":11,"column":2},"end":{"line":11,"column":null}},"8":{"start":{"line":12,"column":2},"end":{"line":12,"column":null}}},"fnMap":{"0":{"name":"(anonymous_1)","decl":{"start":{"line":6,"column":9},"end":{"line":6,"column":16}},"loc":{"start":{"line":6,"column":9},"end":{"line":6,"column":24}}},"1":{"name":"(anonymous_2)","decl":{"start":{"line":7,"column":9},"end":{"line":7,"column":16}},"loc":{"start":{"line":7,"column":9},"end":{"line":7,"column":27}}},"2":{"name":"(anonymous_3)","decl":{"start":{"line":7,"column":39},"end":{"line":7,"column":50}},"loc":{"start":{"line":7,"column":39},"end":{"line":7,"column":76}}},"3":{"name":"(anonymous_4)","decl":{"start":{"line":9,"column":2},"end":{"line":9,"column":9}},"loc":{"start":{"line":9,"column":2},"end":{"line":9,"column":24}}},"4":{"name":"(anonymous_5)","decl":{"start":{"line":11,"column":2},"end":{"line":11,"column":17}},"loc":{"start":{"line":11,"column":2},"end":{"line":11,"column":null}}},"5":{"name":"(anonymous_6)","decl":{"start":{"line":12,"column":2},"end":{"line":12,"column":19}},"loc":{"start":{"line":12,"column":2},"end":{"line":12,"column":null}}}},"branchMap":{},"s":{"0":5,"1":38,"2":5,"3":54,"4":13,"5":5,"6":21,"7":5,"8":5},"f":{"0":33,"1":49,"2":8,"3":16,"4":0,"5":0},"b":{}}
,"/home/kevin/estudos/bank-api-ts/src/models/transaction.model.ts": {"path":"/home/kevin/estudos/bank-api-ts/src/models/transaction.model.ts","statementMap":{"0":{"start":{"line":1,"column":0},"end":{"line":1,"column":54}},"1":{"start":{"line":6,"column":0},"end":{"line":6,"column":null}},"2":{"start":{"line":7,"column":2},"end":{"line":7,"column":null}},"3":{"start":{"line":8,"column":2},"end":{"line":8,"column":null}},"4":{"start":{"line":9,"column":2},"end":{"line":9,"column":null}},"5":{"start":{"line":15,"column":0},"end":{"line":15,"column":null}},"6":{"start":{"line":16,"column":2},"end":{"line":16,"column":null}},"7":{"start":{"line":17,"column":2},"end":{"line":17,"column":null}},"8":{"start":{"line":18,"column":2},"end":{"line":18,"column":null}},"9":{"start":{"line":19,"column":2},"end":{"line":19,"column":null}},"10":{"start":{"line":39,"column":34},"end":{"line":82,"column":null}},"11":{"start":{"line":56,"column":8},"end":{"line":57,"column":54}},"12":{"start":{"line":65,"column":8},"end":{"line":66,"column":54}},"13":{"start":{"line":88,"column":0},"end":{"line":88,"column":61}},"14":{"start":{"line":89,"column":0},"end":{"line":89,"column":66}},"15":{"start":{"line":90,"column":0},"end":{"line":90,"column":39}},"16":{"start":{"line":92,"column":20},"end":{"line":92,"column":82}},"17":{"start":{"line":94,"column":0},"end":{"line":94,"column":27}}},"fnMap":{"0":{"name":"(anonymous_9)","decl":{"start":{"line":6,"column":0},"end":{"line":6,"column":12}},"loc":{"start":{"line":6,"column":27},"end":{"line":10,"column":1}}},"1":{"name":"(anonymous_10)","decl":{"start":{"line":15,"column":0},"end":{"line":15,"column":12}},"loc":{"start":{"line":15,"column":29},"end":{"line":20,"column":1}}},"2":{"name":"(anonymous_11)","decl":{"start":{"line":54,"column":16},"end":{"line":54,"column":null}},"loc":{"start":{"line":54,"column":16},"end":{"line":58,"column":7}}},"3":{"name":"(anonymous_12)","decl":{"start":{"line":63,"column":16},"end":{"line":63,"column":null}},"loc":{"start":{"line":63,"column":16},"end":{"line":67,"column":7}}}},"branchMap":{"0":{"loc":{"start":{"line":6,"column":12},"end":{"line":6,"column":null}},"type":"binary-expr","locations":[{"start":{"line":6,"column":12},"end":{"line":6,"column":27}},{"start":{"line":6,"column":27},"end":{"line":6,"column":null}}]},"1":{"loc":{"start":{"line":15,"column":12},"end":{"line":15,"column":null}},"type":"binary-expr","locations":[{"start":{"line":15,"column":12},"end":{"line":15,"column":29}},{"start":{"line":15,"column":29},"end":{"line":15,"column":null}}]},"2":{"loc":{"start":{"line":56,"column":15},"end":{"line":57,"column":53}},"type":"binary-expr","locations":[{"start":{"line":56,"column":15},"end":{"line":56,"column":55}},{"start":{"line":57,"column":15},"end":{"line":57,"column":53}}]},"3":{"loc":{"start":{"line":65,"column":15},"end":{"line":66,"column":53}},"type":"binary-expr","locations":[{"start":{"line":65,"column":15},"end":{"line":65,"column":52}},{"start":{"line":66,"column":15},"end":{"line":66,"column":53}}]}},"s":{"0":5,"1":5,"2":5,"3":5,"4":5,"5":5,"6":5,"7":5,"8":5,"9":5,"10":5,"11":6,"12":6,"13":5,"14":5,"15":5,"16":5,"17":5},"f":{"0":5,"1":5,"2":6,"3":6},"b":{"0":[5,5],"1":[5,5],"2":[6,4],"3":[6,3]}}
,"/home/kevin/estudos/bank-api-ts/src/models/user.model.ts": {"path":"/home/kevin/estudos/bank-api-ts/src/models/user.model.ts","statementMap":{"0":{"start":{"line":1,"column":0},"end":{"line":1,"column":54}},"1":{"start":{"line":2,"column":0},"end":{"line":2,"column":30}},"2":{"start":{"line":23,"column":27},"end":{"line":68,"column":null}},"3":{"start":{"line":74,"column":0},"end":{"line":87,"column":3}},"4":{"start":{"line":76,"column":2},"end":{"line":76,"column":50}},"5":{"start":{"line":76,"column":36},"end":{"line":76,"column":50}},"6":{"start":{"line":78,"column":2},"end":{"line":86,"column":3}},"7":{"start":{"line":80,"column":17},"end":{"line":80,"column":41}},"8":{"start":{"line":82,"column":4},"end":{"line":82,"column":59}},"9":{"start":{"line":83,"column":4},"end":{"line":83,"column":11}},"10":{"start":{"line":85,"column":4},"end":{"line":85,"column":16}},"11":{"start":{"line":92,"column":0},"end":{"line":100,"column":2}},"12":{"start":{"line":93,"column":2},"end":{"line":99,"column":3}},"13":{"start":{"line":94,"column":4},"end":{"line":94,"column":59}},"14":{"start":{"line":94,"column":46},"end":{"line":94,"column":59}},"15":{"start":{"line":95,"column":4},"end":{"line":95,"column":66}},"16":{"start":{"line":97,"column":4},"end":{"line":97,"column":55}},"17":{"start":{"line":98,"column":4},"end":{"line":98,"column":17}},"18":{"start":{"line":102,"column":13},"end":{"line":102,"column":54}},"19":{"start":{"line":104,"column":0},"end":{"line":104,"column":20}}},"fnMap":{"0":{"name":"(anonymous_10)","decl":{"start":{"line":74,"column":30},"end":{"line":74,"column":35}},"loc":{"start":{"line":74,"column":50},"end":{"line":87,"column":1}}},"1":{"name":"(anonymous_11)","decl":{"start":{"line":92,"column":37},"end":{"line":92,"column":42}},"loc":{"start":{"line":92,"column":77},"end":{"line":100,"column":1}}}},"branchMap":{"0":{"loc":{"start":{"line":76,"column":2},"end":{"line":76,"column":50}},"type":"if","locations":[{"start":{"line":76,"column":2},"end":{"line":76,"column":50}}]},"1":{"loc":{"start":{"line":94,"column":4},"end":{"line":94,"column":59}},"type":"if","locations":[{"start":{"line":94,"column":4},"end":{"line":94,"column":59}}]},"2":{"loc":{"start":{"line":94,"column":8},"end":{"line":94,"column":44}},"type":"binary-expr","locations":[{"start":{"line":94,"column":8},"end":{"line":94,"column":22}},{"start":{"line":94,"column":26},"end":{"line":94,"column":44}}]}},"s":{"0":5,"1":5,"2":5,"3":5,"4":6,"5":0,"6":6,"7":6,"8":6,"9":6,"10":0,"11":5,"12":2,"13":2,"14":2,"15":0,"16":0,"17":0,"18":5,"19":5},"f":{"0":6,"1":2},"b":{"0":[0],"1":[2],"2":[2,0]}}
,"/home/kevin/estudos/bank-api-ts/src/repositories/account.repository.ts": {"path":"/home/kevin/estudos/bank-api-ts/src/repositories/account.repository.ts","statementMap":{"0":{"start":{"line":24,"column":4},"end":{"line":24,"column":27}},"1":{"start":{"line":31,"column":4},"end":{"line":31,"column":62}},"2":{"start":{"line":38,"column":4},"end":{"line":38,"column":68}},"3":{"start":{"line":45,"column":4},"end":{"line":45,"column":82}},"4":{"start":{"line":52,"column":4},"end":{"line":52,"column":47}},"5":{"start":{"line":59,"column":4},"end":{"line":59,"column":44}},"6":{"start":{"line":66,"column":4},"end":{"line":70,"column":37}},"7":{"start":{"line":77,"column":20},"end":{"line":77,"column":51}},"8":{"start":{"line":78,"column":4},"end":{"line":78,"column":30}},"9":{"start":{"line":78,"column":18},"end":{"line":78,"column":30}},"10":{"start":{"line":80,"column":4},"end":{"line":80,"column":30}},"11":{"start":{"line":81,"column":4},"end":{"line":81,"column":25}},"12":{"start":{"line":83,"column":4},"end":{"line":83,"column":19}},"13":{"start":{"line":90,"column":19},"end":{"line":90,"column":59}},"14":{"start":{"line":91,"column":4},"end":{"line":91,"column":20}},"15":{"start":{"line":20,"column":0},"end":{"line":20,"column":13}}},"fnMap":{"0":{"name":"(anonymous_0)","decl":{"start":{"line":23,"column":2},"end":{"line":23,"column":14}},"loc":{"start":{"line":23,"column":26},"end":{"line":25,"column":3}}},"1":{"name":"(anonymous_1)","decl":{"start":{"line":30,"column":2},"end":{"line":30,"column":7}},"loc":{"start":{"line":30,"column":15},"end":{"line":32,"column":3}}},"2":{"name":"(anonymous_2)","decl":{"start":{"line":37,"column":2},"end":{"line":37,"column":7}},"loc":{"start":{"line":37,"column":27},"end":{"line":39,"column":3}}},"3":{"name":"(anonymous_3)","decl":{"start":{"line":44,"column":2},"end":{"line":44,"column":7}},"loc":{"start":{"line":44,"column":49},"end":{"line":46,"column":3}}},"4":{"name":"(anonymous_4)","decl":{"start":{"line":51,"column":2},"end":{"line":51,"column":7}},"loc":{"start":{"line":51,"column":35},"end":{"line":53,"column":3}}},"5":{"name":"(anonymous_5)","decl":{"start":{"line":58,"column":2},"end":{"line":58,"column":7}},"loc":{"start":{"line":58,"column":45},"end":{"line":60,"column":3}}},"6":{"name":"(anonymous_6)","decl":{"start":{"line":65,"column":2},"end":{"line":65,"column":7}},"loc":{"start":{"line":65,"column":57},"end":{"line":71,"column":3}}},"7":{"name":"(anonymous_7)","decl":{"start":{"line":76,"column":2},"end":{"line":76,"column":7}},"loc":{"start":{"line":76,"column":48},"end":{"line":84,"column":3}}},"8":{"name":"(anonymous_8)","decl":{"start":{"line":89,"column":2},"end":{"line":89,"column":7}},"loc":{"start":{"line":89,"column":25},"end":{"line":92,"column":3}}}},"branchMap":{"0":{"loc":{"start":{"line":78,"column":4},"end":{"line":78,"column":30}},"type":"if","locations":[{"start":{"line":78,"column":4},"end":{"line":78,"column":30}}]}},"s":{"0":5,"1":0,"2":9,"3":0,"4":0,"5":0,"6":0,"7":4,"8":4,"9":0,"10":4,"11":4,"12":4,"13":0,"14":0,"15":5},"f":{"0":5,"1":0,"2":9,"3":0,"4":0,"5":0,"6":0,"7":4,"8":0},"b":{"0":[0]}}
,"/home/kevin/estudos/bank-api-ts/src/repositories/index.ts": {"path":"/home/kevin/estudos/bank-api-ts/src/repositories/index.ts","statementMap":{"0":{"start":{"line":1,"column":0},"end":{"line":1,"column":68}},"1":{"start":{"line":2,"column":0},"end":{"line":2,"column":77}},"2":{"start":{"line":3,"column":0},"end":{"line":3,"column":89}},"3":{"start":{"line":4,"column":0},"end":{"line":4,"column":55}},"4":{"start":{"line":12,"column":40},"end":{"line":12,"column":64}},"5":{"start":{"line":25,"column":2},"end":{"line":25,"column":16}},"6":{"start":{"line":13,"column":46},"end":{"line":13,"column":76}},"7":{"start":{"line":26,"column":2},"end":{"line":26,"column":19}},"8":{"start":{"line":14,"column":54},"end":{"line":14,"column":92}},"9":{"start":{"line":27,"column":2},"end":{"line":27,"column":23}}},"fnMap":{},"branchMap":{},"s":{"0":4,"1":4,"2":4,"3":4,"4":4,"5":4,"6":4,"7":4,"8":4,"9":4},"f":{},"b":{}}
,"/home/kevin/estudos/bank-api-ts/src/repositories/transaction.repository.ts": {"path":"/home/kevin/estudos/bank-api-ts/src/repositories/transaction.repository.ts","statementMap":{"0":{"start":{"line":25,"column":4},"end":{"line":25,"column":35}},"1":{"start":{"line":32,"column":4},"end":{"line":35,"column":31}},"2":{"start":{"line":42,"column":4},"end":{"line":44,"column":55}},"3":{"start":{"line":51,"column":4},"end":{"line":53,"column":31}},"4":{"start":{"line":60,"column":4},"end":{"line":62,"column":31}},"5":{"start":{"line":69,"column":4},"end":{"line":77,"column":31}},"6":{"start":{"line":84,"column":4},"end":{"line":87,"column":31}},"7":{"start":{"line":94,"column":4},"end":{"line":94,"column":52}},"8":{"start":{"line":101,"column":4},"end":{"line":107,"column":55}},"9":{"start":{"line":114,"column":19},"end":{"line":114,"column":63}},"10":{"start":{"line":115,"column":4},"end":{"line":115,"column":20}},"11":{"start":{"line":21,"column":0},"end":{"line":21,"column":13}}},"fnMap":{"0":{"name":"(anonymous_0)","decl":{"start":{"line":24,"column":2},"end":{"line":24,"column":14}},"loc":{"start":{"line":24,"column":30},"end":{"line":26,"column":3}}},"1":{"name":"(anonymous_1)","decl":{"start":{"line":31,"column":2},"end":{"line":31,"column":7}},"loc":{"start":{"line":31,"column":15},"end":{"line":36,"column":3}}},"2":{"name":"(anonymous_2)","decl":{"start":{"line":41,"column":2},"end":{"line":41,"column":7}},"loc":{"start":{"line":41,"column":27},"end":{"line":45,"column":3}}},"3":{"name":"(anonymous_3)","decl":{"start":{"line":50,"column":2},"end":{"line":50,"column":7}},"loc":{"start":{"line":50,"column":45},"end":{"line":54,"column":3}}},"4":{"name":"(anonymous_4)","decl":{"start":{"line":59,"column":2},"end":{"line":59,"column":7}},"loc":{"start":{"line":59,"column":50},"end":{"line":63,"column":3}}},"5":{"name":"(anonymous_5)","decl":{"start":{"line":68,"column":2},"end":{"line":68,"column":7}},"loc":{"start":{"line":68,"column":41},"end":{"line":78,"column":3}}},"6":{"name":"(anonymous_6)","decl":{"start":{"line":83,"column":2},"end":{"line":83,"column":7}},"loc":{"start":{"line":83,"column":46},"end":{"line":88,"column":3}}},"7":{"name":"(anonymous_7)","decl":{"start":{"line":93,"column":2},"end":{"line":93,"column":7}},"loc":{"start":{"line":93,"column":53},"end":{"line":95,"column":3}}},"8":{"name":"(anonymous_8)","decl":{"start":{"line":100,"column":2},"end":{"line":100,"column":7}},"loc":{"start":{"line":100,"column":58},"end":{"line":108,"column":3}}},"9":{"name":"(anonymous_9)","decl":{"start":{"line":113,"column":2},"end":{"line":113,"column":7}},"loc":{"start":{"line":113,"column":25},"end":{"line":116,"column":3}}}},"branchMap":{},"s":{"0":4,"1":1,"2":2,"3":0,"4":0,"5":0,"6":0,"7":3,"8":3,"9":0,"10":0,"11":4},"f":{"0":4,"1":1,"2":2,"3":0,"4":0,"5":0,"6":0,"7":3,"8":3,"9":0},"b":{}}
,"/home/kevin/estudos/bank-api-ts/src/repositories/user.repository.ts": {"path":"/home/kevin/estudos/bank-api-ts/src/repositories/user.repository.ts","statementMap":{"0":{"start":{"line":23,"column":4},"end":{"line":23,"column":21}},"1":{"start":{"line":30,"column":4},"end":{"line":30,"column":48}},"2":{"start":{"line":37,"column":4},"end":{"line":37,"column":54}},"3":{"start":{"line":44,"column":4},"end":{"line":44,"column":40}},"4":{"start":{"line":51,"column":4},"end":{"line":51,"column":38}},"5":{"start":{"line":58,"column":4},"end":{"line":58,"column":38}},"6":{"start":{"line":65,"column":4},"end":{"line":69,"column":26}},"7":{"start":{"line":76,"column":19},"end":{"line":76,"column":56}},"8":{"start":{"line":77,"column":4},"end":{"line":77,"column":20}},"9":{"start":{"line":19,"column":0},"end":{"line":19,"column":13}}},"fnMap":{"0":{"name":"(anonymous_0)","decl":{"start":{"line":22,"column":2},"end":{"line":22,"column":14}},"loc":{"start":{"line":22,"column":23},"end":{"line":24,"column":3}}},"1":{"name":"(anonymous_1)","decl":{"start":{"line":29,"column":2},"end":{"line":29,"column":7}},"loc":{"start":{"line":29,"column":15},"end":{"line":31,"column":3}}},"2":{"name":"(anonymous_2)","decl":{"start":{"line":36,"column":2},"end":{"line":36,"column":7}},"loc":{"start":{"line":36,"column":27},"end":{"line":38,"column":3}}},"3":{"name":"(anonymous_3)","decl":{"start":{"line":43,"column":2},"end":{"line":43,"column":7}},"loc":{"start":{"line":43,"column":33},"end":{"line":45,"column":3}}},"4":{"name":"(anonymous_4)","decl":{"start":{"line":50,"column":2},"end":{"line":50,"column":7}},"loc":{"start":{"line":50,"column":29},"end":{"line":52,"column":3}}},"5":{"name":"(anonymous_5)","decl":{"start":{"line":57,"column":2},"end":{"line":57,"column":7}},"loc":{"start":{"line":57,"column":39},"end":{"line":59,"column":3}}},"6":{"name":"(anonymous_6)","decl":{"start":{"line":64,"column":2},"end":{"line":64,"column":7}},"loc":{"start":{"line":64,"column":51},"end":{"line":70,"column":3}}},"7":{"name":"(anonymous_7)","decl":{"start":{"line":75,"column":2},"end":{"line":75,"column":7}},"loc":{"start":{"line":75,"column":25},"end":{"line":78,"column":3}}}},"branchMap":{},"s":{"0":4,"1":0,"2":0,"3":9,"4":5,"5":5,"6":0,"7":0,"8":0,"9":4},"f":{"0":4,"1":0,"2":0,"3":9,"4":5,"5":5,"6":0,"7":0},"b":{}}
,"/home/kevin/estudos/bank-api-ts/src/routes/account.routes.ts": {"path":"/home/kevin/estudos/bank-api-ts/src/routes/account.routes.ts","statementMap":{"0":{"start":{"line":1,"column":0},"end":{"line":1,"column":33}},"1":{"start":{"line":2,"column":0},"end":{"line":2,"column":51}},"2":{"start":{"line":3,"column":0},"end":{"line":3,"column":67}},"3":{"start":{"line":4,"column":0},"end":{"line":4,"column":null}},"4":{"start":{"line":14,"column":15},"end":{"line":14,"column":23}},"5":{"start":{"line":20,"column":0},"end":{"line":20,"column":25}},"6":{"start":{"line":27,"column":0},"end":{"line":31,"column":2}},"7":{"start":{"line":38,"column":0},"end":{"line":43,"column":2}},"8":{"start":{"line":50,"column":0},"end":{"line":55,"column":2}},"9":{"start":{"line":62,"column":0},"end":{"line":67,"column":2}},"10":{"start":{"line":74,"column":0},"end":{"line":80,"column":2}},"11":{"start":{"line":87,"column":0},"end":{"line":93,"column":2}},"12":{"start":{"line":100,"column":0},"end":{"line":106,"column":2}},"13":{"start":{"line":113,"column":0},"end":{"line":119,"column":2}},"14":{"start":{"line":121,"column":0},"end":{"line":121,"column":22}}},"fnMap":{},"branchMap":{},"s":{"0":4,"1":4,"2":4,"3":4,"4":4,"5":4,"6":4,"7":4,"8":4,"9":4,"10":4,"11":4,"12":4,"13":4,"14":4},"f":{},"b":{}}
,"/home/kevin/estudos/bank-api-ts/src/routes/auth.routes.ts": {"path":"/home/kevin/estudos/bank-api-ts/src/routes/auth.routes.ts","statementMap":{"0":{"start":{"line":1,"column":0},"end":{"line":1,"column":83}},"1":{"start":{"line":2,"column":0},"end":{"line":2,"column":33}},"2":{"start":{"line":3,"column":0},"end":{"line":3,"column":48}},"3":{"start":{"line":4,"column":0},"end":{"line":4,"column":42}},"4":{"start":{"line":6,"column":15},"end":{"line":6,"column":23}},"5":{"start":{"line":13,"column":0},"end":{"line":18,"column":2}},"6":{"start":{"line":25,"column":0},"end":{"line":30,"column":2}},"7":{"start":{"line":32,"column":0},"end":{"line":32,"column":22}}},"fnMap":{},"branchMap":{},"s":{"0":4,"1":4,"2":4,"3":4,"4":4,"5":4,"6":4,"7":4},"f":{},"b":{}}
,"/home/kevin/estudos/bank-api-ts/src/routes/index.ts": {"path":"/home/kevin/estudos/bank-api-ts/src/routes/index.ts","statementMap":{"0":{"start":{"line":1,"column":0},"end":{"line":1,"column":7}},"1":{"start":{"line":14,"column":2},"end":{"line":1,"column":39}},"2":{"start":{"line":2,"column":0},"end":{"line":2,"column":7}},"3":{"start":{"line":15,"column":2},"end":{"line":2,"column":39}},"4":{"start":{"line":3,"column":0},"end":{"line":3,"column":7}},"5":{"start":{"line":16,"column":2},"end":{"line":3,"column":45}},"6":{"start":{"line":4,"column":0},"end":{"line":4,"column":7}},"7":{"start":{"line":17,"column":2},"end":{"line":4,"column":53}},"8":{"start":{"line":5,"column":0},"end":{"line":5,"column":7}},"9":{"start":{"line":18,"column":2},"end":{"line":5,"column":45}},"10":{"start":{"line":6,"column":0},"end":{"line":6,"column":7}},"11":{"start":{"line":19,"column":2},"end":{"line":6,"column":66}}},"fnMap":{},"branchMap":{},"s":{"0":4,"1":4,"2":4,"3":4,"4":4,"5":4,"6":4,"7":4,"8":4,"9":4,"10":4,"11":4},"f":{},"b":{}}
[...]
,"column":6},"end":{"line":87,"column":57}},"28":{"start":{"line":90,"column":4},"end":{"line":90,"column":16}},"29":{"start":{"line":18,"column":0},"end":{"line":18,"column":13}}},"fnMap":{"0":{"name":"(anonymous_0)","decl":{"start":{"line":19,"column":2},"end":{"line":19,"column":22}},"loc":{"start":{"line":19,"column":53},"end":{"line":19,"column":57}}},"1":{"name":"(anonymous_1)","decl":{"start":{"line":24,"column":2},"end":{"line":24,"column":7}},"loc":{"start":{"line":24,"column":19},"end":{"line":26,"column":3}}},"2":{"name":"(anonymous_2)","decl":{"start":{"line":31,"column":2},"end":{"line":31,"column":7}},"loc":{"start":{"line":31,"column":30},"end":{"line":37,"column":3}}},"3":{"name":"(anonymous_3)","decl":{"start":{"line":42,"column":2},"end":{"line":42,"column":7}},"loc":{"start":{"line":42,"column":55},"end":{"line":72,"column":3}}},"4":{"name":"(anonymous_4)","decl":{"start":{"line":77,"column":2},"end":{"line":77,"column":7}},"loc":{"start":{"line":77,"column":29},"end":{"line":91,"column":3}}}},"branchMap":{"0":{"loc":{"start":{"line":33,"column":4},"end":{"line":35,"column":5}},"type":"if","locations":[{"start":{"line":33,"column":4},"end":{"line":35,"column":5}}]},"1":{"loc":{"start":{"line":45,"column":4},"end":{"line":47,"column":5}},"type":"if","locations":[{"start":{"line":45,"column":4},"end":{"line":47,"column":5}}]},"2":{"loc":{"start":{"line":50,"column":4},"end":{"line":55,"column":5}},"type":"if","locations":[{"start":{"line":50,"column":4},"end":{"line":55,"column":5}}]},"3":{"loc":{"start":{"line":50,"column":8},"end":{"line":50,"column":63}},"type":"binary-expr","locations":[{"start":{"line":50,"column":8},"end":{"line":50,"column":22}},{"start":{"line":50,"column":26},"end":{"line":50,"column":63}}]},"4":{"loc":{"start":{"line":52,"column":6},"end":{"line":54,"column":7}},"type":"if","locations":[{"start":{"line":52,"column":6},"end":{"line":54,"column":7}}]},"5":{"loc":{"start":{"line":58,"column":4},"end":{"line":63,"column":5}},"type":"if","locations":[{"start":{"line":58,"column":4},"end":{"line":63,"column":5}}]},"6":{"loc":{"start":{"line":58,"column":8},"end":{"line":58,"column":57}},"type":"binary-expr","locations":[{"start":{"line":58,"column":8},"end":{"line":58,"column":20}},{"start":{"line":58,"column":24},"end":{"line":58,"column":57}}]},"7":{"loc":{"start":{"line":60,"column":6},"end":{"line":62,"column":7}},"type":"if","locations":[{"start":{"line":60,"column":6},"end":{"line":62,"column":7}}]},"8":{"loc":{"start":{"line":67,"column":4},"end":{"line":69,"column":5}},"type":"if","locations":[{"start":{"line":67,"column":4},"end":{"line":69,"column":5}}]},"9":{"loc":{"start":{"line":80,"column":4},"end":{"line":82,"column":5}},"type":"if","locations":[{"start":{"line":80,"column":4},"end":{"line":82,"column":5}}]},"10":{"loc":{"start":{"line":86,"column":4},"end":{"line":88,"column":5}},"type":"if","locations":[{"start":{"line":86,"column":4},"end":{"line":88,"column":5}}]}},"s":{"0":4,"1":4,"2":0,"3":0,"4":0,"5":0,"6":0,"7":0,"8":0,"9":0,"10":0,"11":0,"12":0,"13":0,"14":0,"15":0,"16":0,"17":0,"18":0,"19":0,"20":0,"21":0,"22":0,"23":0,"24":0,"25":0,"26":0,"27":0,"28":0,"29":4},"f":{"0":4,"1":0,"2":0,"3":0,"4":0},"b":{"0":[0],"1":[0],"2":[0],"3":[0,0],"4":[0],"5":[0],"6":[0,0],"7":[0],"8":[0],"9":[0],"10":[0]}}
,"/home/kevin/estudos/bank-api-ts/src/utils/error.utils.ts": {"path":"/home/kevin/estudos/bank-api-ts/src/utils/error.utils.ts","statementMap":{"0":{"start":{"line":25,"column":4},"end":{"line":25,"column":27}},"1":{"start":{"line":26,"column":4},"end":{"line":26,"column":33}},"2":{"start":{"line":27,"column":4},"end":{"line":27,"column":39}},"3":{"start":{"line":28,"column":4},"end":{"line":28,"column":38}},"4":{"start":{"line":29,"column":4},"end":{"line":29,"column":25}},"5":{"start":{"line":30,"column":4},"end":{"line":30,"column":21}},"6":{"start":{"line":32,"column":4},"end":{"line":32,"column":52}},"7":{"start":{"line":39,"column":4},"end":{"line":39,"column":52}},"8":{"start":{"line":46,"column":4},"end":{"line":46,"column":38}},"9":{"start":{"line":53,"column":4},"end":{"line":53,"column":38}},"10":{"start":{"line":60,"column":4},"end":{"line":60,"column":38}},"11":{"start":{"line":67,"column":4},"end":{"line":67,"column":38}},"12":{"start":{"line":74,"column":4},"end":{"line":74,"column":45}},"13":{"start":{"line":16,"column":0},"end":{"line":16,"column":13}},"14":{"start":{"line":81,"column":28},"end":{"line":171,"column":1}},"15":{"start":{"line":88,"column":19},"end":{"line":88,"column":22}},"16":{"start":{"line":89,"column":16},"end":{"line":89,"column":42}},"17":{"start":{"line":90,"column":22},"end":{"line":90,"column":27}},"18":{"start":{"line":91,"column":15},"end":{"line":91,"column":24}},"19":{"start":{"line":92,"column":13},"end":{"line":92,"column":22}},"20":{"start":{"line":95,"column":2},"end":{"line":101,"column":3}},"21":{"start":{"line":96,"column":4},"end":{"line":96,"column":32}},"22":{"start":{"line":97,"column":4},"end":{"line":97,"column":26}},"23":{"start":{"line":98,"column":4},"end":{"line":98,"column":47}},"24":{"start":{"line":99,"column":4},"end":{"line":99,"column":24}},"25":{"start":{"line":100,"column":4},"end":{"line":100,"column":20}},"26":{"start":{"line":104,"column":2},"end":{"line":109,"column":3}},"27":{"start":{"line":105,"column":4},"end":{"line":105,"column":21}},"28":{"start":{"line":106,"column":4},"end":{"line":106,"column":34}},"29":{"start":{"line":107,"column":4},"end":{"line":107,"column":25}},"30":{"start":{"line":108,"column":4},"end":{"line":108,"column":17}},"31":{"start":{"line":112,"column":2},"end":{"line":116,"column":3}},"32":{"start":{"line":113,"column":4},"end":{"line":113,"column":21}},"33":{"start":{"line":114,"column":4},"end":{"line":114,"column":54}},"34":{"start":{"line":115,"column":4},"end":{"line":115,"column":25}},"35":{"start":{"line":119,"column":2},"end":{"line":124,"column":3}},"36":{"start":{"line":120,"column":4},"end":{"line":120,"column":21}},"37":{"start":{"line":121,"column":4},"end":{"line":121,"column":59}},"38":{"start":{"line":122,"column":4},"end":{"line":122,"column":25}},"39":{"start":{"line":123,"column":4},"end":{"line":123,"column":17}},"40":{"start":{"line":127,"column":2},"end":{"line":131,"column":3}},"41":{"start":{"line":128,"column":4},"end":{"line":128,"column":21}},"42":{"start":{"line":129,"column":4},"end":{"line":129,"column":65}},"43":{"start":{"line":130,"column":4},"end":{"line":130,"column":25}},"44":{"start":{"line":134,"column":2},"end":{"line":138,"column":3}},"45":{"start":{"line":135,"column":4},"end":{"line":135,"column":21}},"46":{"start":{"line":136,"column":4},"end":{"line":136,"column":68}},"47":{"start":{"line":137,"column":4},"end":{"line":137,"column":25}},"48":{"start":{"line":141,"column":2},"end":{"line":170,"column":3}},"49":{"start":{"line":142,"column":26},"end":{"line":145,"column":6}},"50":{"start":{"line":147,"column":4},"end":{"line":149,"column":5}},"51":{"start":{"line":148,"column":6},"end":{"line":148,"column":31}},"52":{"start":{"line":151,"column":4},"end":{"line":153,"column":5}},"53":{"start":{"line":152,"column":6},"end":{"line":152,"column":27}},"54":{"start":{"line":156,"column":4},"end":{"line":158,"column":5}},"55":{"start":{"line":157,"column":6},"end":{"line":157,"column":33}},"56":{"start":{"line":160,"column":4},"end":{"line":160,"column":42}},"57":{"start":{"line":163,"column":4},"end":{"line":163,"column":48}},"58":{"start":{"line":166,"column":4},"end":{"line":169,"column":7}},"59":{"start":{"line":81,"column":13},"end":{"line":81,"column":28}}},"fnMap":{"0":{"name":"(anonymous_0)","decl":{"start":{"line":24,"column":2},"end":{"line":24,"column":14}},"loc":{"start":{"line":24,"column":100},"end":{"line":33,"column":3}}},"1":{"name":"(anonymous_1)","decl":{"start":{"line":38,"column":2},"end":{"line":38,"column":8}},"loc":{"start":{"line":38,"column":49},"end":{"line":40,"column":3}}},"2":{"name":"(anonymous_2)","decl":{"start":{"line":45,"column":2},"end":{"line":45,"column":8}},"loc":{"start":{"line":45,"column":56},"end":{"line":47,"column":3}}},"3":{"name":"(anonymous_3)","decl":{"start":{"line":52,"column":2},"end":{"line":52,"column":8}},"loc":{"start":{"line":52,"column":54},"end":{"line":54,"column":3}}},"4":{"name":"(anonymous_4)","decl":{"start":{"line":59,"column":2},"end":{"line":59,"column":8}},"loc":{"start":{"line":59,"column":60},"end":{"line":61,"column":3}}},"5":{"name":"(anonymous_5)","decl":{"start":{"line":66,"column":2},"end":{"line":66,"column":8}},"loc":{"start":{"line":66,"column":55},"end":{"line":68,"column":3}}},"6":{"name":"(anonymous_6)","decl":{"start":{"line":73,"column":2},"end":{"line":73,"column":8}},"loc":{"start":{"line":73,"column":62},"end":{"line":75,"column":3}}},"7":{"name":"(anonymous_7)","decl":{"start":{"line":81,"column":28},"end":{"line":81,"column":null}},"loc":{"start":{"line":86,"column":10},"end":{"line":171,"column":1}}}},"branchMap":{"0":{"loc":{"start":{"line":24,"column":51},"end":{"line":24,"column":71}},"type":"default-arg","locations":[{"start":{"line":24,"column":67},"end":{"line":24,"column":71}}]},"1":{"loc":{"start":{"line":45,"column":22},"end":{"line":45,"column":56}},"type":"default-arg","locations":[{"start":{"line":45,"column":40},"end":{"line":45,"column":56}}]},"2":{"loc":{"start":{"line":52,"column":19},"end":{"line":52,"column":54}},"type":"default-arg","locations":[{"start":{"line":52,"column":37},"end":{"line":52,"column":54}}]},"3":{"loc":{"start":{"line":59,"column":18},"end":{"line":59,"column":60}},"type":"default-arg","locations":[{"start":{"line":59,"column":36},"end":{"line":59,"column":60}}]},"4":{"loc":{"start":{"line":66,"column":18},"end":{"line":66,"column":55}},"type":"default-arg","locations":[{"start":{"line":66,"column":36},"end":{"line":66,"column":55}}]},"5":{"loc":{"start":{"line":73,"column":18},"end":{"line":73,"column":62}},"type":"default-arg","locations":[{"start":{"line":73,"column":36},"end":{"line":73,"column":62}}]},"6":{"loc":{"start":{"line":95,"column":2},"end":{"line":101,"column":3}},"type":"if","locations":[{"start":{"line":95,"column":2},"end":{"line":101,"column":3}}]},"7":{"loc":{"start":{"line":98,"column":20},"end":{"line":98,"column":46}},"type":"binary-expr","locations":[{"start":{"line":98,"column":20},"end":{"line":98,"column":37}},{"start":{"line":98,"column":41},"end":{"line":98,"column":46}}]},"8":{"loc":{"start":{"line":104,"column":2},"end":{"line":109,"column":3}},"type":"if","locations":[{"start":{"line":104,"column":2},"end":{"line":109,"column":3}}]},"9":{"loc":{"start":{"line":112,"column":2},"end":{"line":116,"column":3}},"type":"if","locations":[{"start":{"line":112,"column":2},"end":{"line":116,"column":3}}]},"10":{"loc":{"start":{"line":119,"column":2},"end":{"line":124,"column":3}},"type":"if","locations":[{"start":{"line":119,"column":2},"end":{"line":124,"column":3}}]},"11":{"loc":{"start":{"line":119,"column":6},"end":{"line":119,"column":62}},"type":"binary-expr","locations":[{"start":{"line":119,"column":6},"end":{"line":119,"column":31}},{"start":{"line":119,"column":36},"end":{"line":119,"column":62}}]},"12":{"loc":{"start":{"line":127,"column":2},"end":{"line":131,"column":3}},"type":"if","locations":[{"start":{"line":127,"column":2},"end":{"line":131,"column":3}}]},"13":{"loc":{"start":{"line":134,"column":2},"end":{"line":138,"column":3}},"type":"if","locations":[{"start":{"line":134,"column":2},"end":{"line":138,"column":3}}]},"14":{"loc":{"start":{"line":141,"column":2},"end":{"line":170,"column":3}},"type":"if","locations":[{"start":{"line":141,"column":2},"end":{"line":170,"column":3}},{"start":{"line":161,"column":9},"end":{"line":170,"column":3}}]},"15":{"loc":{"start":{"line":147,"column":4},"end":{"line":149,"column":5}},"type":"if","locations":[{"start":{"line":147,"column":4},"end":{"line":149,"column":5}}]},"16":{"loc":{"start":{"line":151,"column":4},"end":{"line":153,"column":5}},"type":"if","locations":[{"start":{"line":151,"column":4},"end":{"line":153,"column":5}}]},"17":{"loc":{"start":{"line":156,"column":4},"end":{"line":158,"column":5}},"type":"if","locations":[{"start":{"line":156,"column":4},"end":{"line":158,"column":5}}]}},"s":{"0":19,"1":19,"2":19,"3":19,"4":19,"5":19,"6":19,"7":1,"8":1,"9":1,"10":1,"11":1,"12":1,"13":6,"14":6,"15":11,"16":11,"17":11,"18":11,"19":11,"20":11,"21":11,"22":11,"23":11,"24":11,"25":11,"26":11,"27":0,"28":0,"29":0,"30":0,"31":11,"32":0,"33":0,"34":0,"35":11,"36":0,"37":0,"38":0,"39":0,"40":11,"41":0,"42":0,"43":0,"44":11,"45":0,"46":0,"47":0,"48":11,"49":11,"50":11,"51":2,"52":11,"53":0,"54":11,"55":0,"56":11,"57":0,"58":0,"59":6},"f":{"0":19,"1":1,"2":1,"3":1,"4":1,"5":1,"6":1,"7":11},"b":{"0":[14],"1":[1],"2":[1],"3":[1],"4":[1],"5":[1],"6":[11],"7":[11,0],"8":[0],"9":[0],"10":[0],"11":[11,0],"12":[0],"13":[0],"14":[11,0],"15":[2],"16":[0],"17":[0]}}
,"/home/kevin/estudos/bank-api-ts/src/utils/swagger.utils.ts": {"path":"/home/kevin/estudos/bank-api-ts/src/utils/swagger.utils.ts","statementMap":{"0":{"start":{"line":2,"column":0},"end":{"line":2,"column":41}},"1":{"start":{"line":3,"column":0},"end":{"line":3,"column":43}},"2":{"start":{"line":4,"column":0},"end":{"line":4,"column":38}},"3":{"start":{"line":9,"column":13},"end":{"line":308,"column":2}},"4":{"start":{"line":311,"column":0},"end":{"line":327,"column":1}},"5":{"start":{"line":313,"column":2},"end":{"line":323,"column":3}},"6":{"start":{"line":315,"column":28},"end":{"line":318,"column":6}},"7":{"start":{"line":319,"column":4},"end":{"line":319,"column":48}},"8":{"start":{"line":322,"column":4},"end":{"line":322,"column":97}},"9":{"start":{"line":325,"column":2},"end":{"line":325,"column":56}},"10":{"start":{"line":326,"column":2},"end":{"line":326,"column":90}},"11":{"start":{"line":332,"column":28},"end":{"line":344,"column":1}},"12":{"start":{"line":334,"column":2},"end":{"line":334,"column":46}},"13":{"start":{"line":334,"column":39},"end":{"line":334,"column":46}},"14":{"start":{"line":337,"column":2},"end":{"line":337,"column":70}},"15":{"start":{"line":340,"column":2},"end":{"line":343,"column":5}},"16":{"start":{"line":341,"column":4},"end":{"line":341,"column":54}},"17":{"start":{"line":342,"column":4},"end":{"line":342,"column":26}},"18":{"start":{"line":332,"column":13},"end":{"line":332,"column":28}}},"fnMap":{"0":{"name":"(anonymous_1)","decl":{"start":{"line":332,"column":28},"end":{"line":332,"column":29}},"loc":{"start":{"line":332,"column":51},"end":{"line":344,"column":1}}},"1":{"name":"(anonymous_2)","decl":{"start":{"line":340,"column":28},"end":{"line":340,"column":29}},"loc":{"start":{"line":340,"column":60},"end":{"line":343,"column":3}}}},"branchMap":{"0":{"loc":{"start":{"line":313,"column":2},"end":{"line":323,"column":3}},"type":"if","locations":[{"start":{"line":313,"column":2},"end":{"line":323,"column":3}},{"start":{"line":320,"column":9},"end":{"line":323,"column":3}}]},"1":{"loc":{"start":{"line":334,"column":2},"end":{"line":334,"column":46}},"type":"if","locations":[{"start":{"line":334,"column":2},"end":{"line":334,"column":46}}]}},"s":{"0":4,"1":4,"2":4,"3":4,"4":4,"5":4,"6":0,"7":0,"8":4,"9":0,"10":0,"11":4,"12":4,"13":4,"14":0,"15":0,"16":0,"17":0,"18":4},"f":{"0":4,"1":0},"b":{"0":[0,4],"1":[4]}}
,"/home/kevin/estudos/bank-api-ts/src/utils/transaction.utils.ts": {"path":"/home/kevin/estudos/bank-api-ts/src/utils/transaction.utils.ts","statementMap":{"0":{"start":{"line":4,"column":0},"end":{"line":4,"column":41}},"1":{"start":{"line":19,"column":20},"end":{"line":19,"column":63}},"2":{"start":{"line":20,"column":4},"end":{"line":22,"column":5}},"3":{"start":{"line":21,"column":6},"end":{"line":21,"column":54}},"4":{"start":{"line":25,"column":4},"end":{"line":27,"column":5}},"5":{"start":{"line":26,"column":6},"end":{"line":26,"column":80}},"6":{"start":{"line":29,"column":4},"end":{"line":29,"column":16}},"7":{"start":{"line":36,"column":4},"end":{"line":39,"column":22}},"8":{"start":{"line":46,"column":22},"end":{"line":46,"column":43}},"9":{"start":{"line":47,"column":19},"end":{"line":47,"column":82}},"10":{"start":{"line":48,"column":4},"end":{"line":48,"column":40}},"11":{"start":{"line":10,"column":0},"end":{"line":10,"column":13}}},"fnMap":{"0":{"name":"(anonymous_0)","decl":{"start":{"line":14,"column":2},"end":{"line":14,"column":8}},"loc":{"start":{"line":17,"column":26},"end":{"line":30,"column":3}}},"1":{"name":"(anonymous_1)","decl":{"start":{"line":35,"column":2},"end":{"line":35,"column":8}},"loc":{"start":{"line":35,"column":38},"end":{"line":40,"column":3}}},"2":{"name":"(anonymous_2)","decl":{"start":{"line":45,"column":2},"end":{"line":45,"column":8}},"loc":{"start":{"line":45,"column":32},"end":{"line":49,"column":3}}}},"branchMap":{"0":{"loc":{"start":{"line":20,"column":4},"end":{"line":22,"column":5}},"type":"if","locations":[{"start":{"line":20,"column":4},"end":{"line":22,"column":5}}]},"1":{"loc":{"start":{"line":25,"column":4},"end":{"line":27,"column":5}},"type":"if","locations":[{"start":{"line":25,"column":4},"end":{"line":27,"column":5}}]},"2":{"loc":{"start":{"line":25,"column":8},"end":{"line":25,"column":52}},"type":"binary-expr","locations":[{"start":{"line":25,"column":8},"end":{"line":25,"column":14}},{"start":{"line":25,"column":18},"end":{"line":25,"column":52}}]}},"s":{"0":4,"1":0,"2":0,"3":0,"4":0,"5":0,"6":0,"7":0,"8":0,"9":0,"10":0,"11":4},"f":{"0":0,"1":0,"2":0},"b":{"0":[0],"1":[0],"2":[0,0]}}
,"/home/kevin/estudos/bank-api-ts/src/validators/account.validator.ts": {"path":"/home/kevin/estudos/bank-api-ts/src/validators/account.validator.ts","statementMap":{"0":{"start":{"line":2,"column":0},"end":{"line":2,"column":48}},"1":{"start":{"line":3,"column":0},"end":{"line":3,"column":40}},"2":{"start":{"line":12,"column":13},"end":{"line":27,"column":2}},"3":{"start":{"line":32,"column":13},"end":{"line":46,"column":2}},"4":{"start":{"line":51,"column":13},"end":{"line":55,"column":2}},"5":{"start":{"line":60,"column":13},"end":{"line":64,"column":2}},"6":{"start":{"line":69,"column":13},"end":{"line":73,"column":2}},"7":{"start":{"line":78,"column":13},"end":{"line":82,"column":2}},"8":{"start":{"line":87,"column":13},"end":{"line":91,"column":2}}},"fnMap":{},"branchMap":{},"s":{"0":4,"1":4,"2":4,"3":4,"4":4,"5":4,"6":4,"7":4,"8":4},"f":{},"b":{}}
,"/home/kevin/estudos/bank-api-ts/src/validators/auth.validator.ts": {"path":"/home/kevin/estudos/bank-api-ts/src/validators/auth.validator.ts","statementMap":{"0":{"start":{"line":2,"column":0},"end":{"line":2,"column":41}},"1":{"start":{"line":7,"column":13},"end":{"line":46,"column":2}},"2":{"start":{"line":51,"column":13},"end":{"line":62,"column":2}}},"fnMap":{},"branchMap":{},"s":{"0":4,"1":4,"2":4},"f":{},"b":{}}
,"/home/kevin/estudos/bank-api-ts/src/validators/transaction.validator.ts": {"path":"/home/kevin/estudos/bank-api-ts/src/validators/transaction.validator.ts","statementMap":{"0":{"start":{"line":2,"column":0},"end":{"line":2,"column":48}},"1":{"start":{"line":12,"column":13},"end":{"line":29,"column":2}},"2":{"start":{"line":34,"column":13},"end":{"line":51,"column":2}},"3":{"start":{"line":56,"column":13},"end":{"line":77,"column":2}},"4":{"start":{"line":82,"column":13},"end":{"line":86,"column":2}},"5":{"start":{"line":91,"column":13},"end":{"line":95,"column":2}},"6":{"start":{"line":100,"column":13},"end":{"line":104,"column":2}}},"fnMap":{},"branchMap":{},"s":{"0":4,"1":4,"2":4,"3":4,"4":4,"5":4,"6":4},"f":{},"b":{}}
,"/home/kevin/estudos/bank-api-ts/src/validators/user.validator.ts": {"path":"/home/kevin/estudos/bank-api-ts/src/validators/user.validator.ts","statementMap":{"0":{"start":{"line":2,"column":0},"end":{"line":2,"column":48}},"1":{"start":{"line":11,"column":13},"end":{"line":41,"column":2}},"2":{"start":{"line":46,"column":13},"end":{"line":50,"column":2}},"3":{"start":{"line":55,"column":13},"end":{"line":59,"column":2}}},"fnMap":{},"branchMap":{},"s":{"0":4,"1":4,"2":4,"3":4},"f":{},"b":{}}
}
