TN:
SF:src/app.ts
FN:32,(anonymous_1)
FN:43,(anonymous_2)
FN:74,(anonymous_3)
FN:76,(anonymous_4)
FN:97,(anonymous_5)
FN:104,(anonymous_6)
FN:106,(anonymous_7)
FN:119,(anonymous_8)
FN:125,(anonymous_9)
FNF:9
FNH:5
FNDA:3,(anonymous_1)
FNDA:3,(anonymous_2)
FNDA:3,(anonymous_3)
FNDA:0,(anonymous_4)
FNDA:3,(anonymous_5)
FNDA:3,(anonymous_6)
FNDA:0,(anonymous_7)
FNDA:0,(anonymous_8)
FNDA:0,(anonymous_9)
DA:1,3
DA:2,3
DA:3,3
DA:4,3
DA:5,3
DA:6,3
DA:7,3
DA:8,3
DA:9,3
DA:17,3
DA:33,3
DA:34,3
DA:35,3
DA:36,3
DA:37,3
DA:45,3
DA:46,3
DA:49,3
DA:52,3
DA:53,0
DA:57,3
DA:58,3
DA:64,3
DA:65,3
DA:66,3
DA:67,3
DA:68,3
DA:76,3
DA:77,0
DA:86,3
DA:87,3
DA:88,3
DA:89,3
DA:90,3
DA:91,3
DA:98,3
DA:106,3
DA:107,0
DA:108,0
DA:109,0
DA:113,3
DA:120,0
DA:122,0
DA:125,0
DA:127,0
DA:128,0
DA:129,0
DA:133,0
DA:134,0
DA:136,0
DA:141,3
LF:51
LH:37
BRDA:52,0,0,0
BRDA:127,1,0,0
BRDA:133,2,0,0
BRF:3
BRH:0
end_of_record
TN:
SF:src/index.ts
FN:6,bootstrap
FN:20,(anonymous_2)
FN:25,(anonymous_3)
FNF:3
FNH:0
FNDA:0,bootstrap
FNDA:0,(anonymous_2)
FNDA:0,(anonymous_3)
DA:1,0
DA:7,0
DA:8,0
DA:9,0
DA:11,0
DA:12,0
DA:17,0
DA:20,0
DA:21,0
DA:22,0
DA:25,0
DA:26,0
DA:27,0
LF:13
LH:0
BRF:0
BRH:0
end_of_record
TN:
SF:src/config/config.ts
FNF:0
FNH:0
DA:1,3
DA:5,3
DA:7,3
DA:15,3
LF:4
LH:4
BRDA:8,0,0,3
BRDA:8,0,1,0
BRDA:9,1,0,3
BRDA:9,1,1,0
BRDA:10,2,0,3
BRDA:10,2,1,0
BRDA:11,3,0,3
BRDA:11,3,1,0
BRDA:12,4,0,3
BRDA:12,4,1,0
BRF:10
BRH:5
end_of_record
TN:
SF:src/config/database.ts
FN:11,(anonymous_1)
FN:21,(anonymous_2)
FN:34,(anonymous_3)
FNF:3
FNH:0
FNDA:0,(anonymous_1)
FNDA:0,(anonymous_2)
FNDA:0,(anonymous_3)
DA:1,3
DA:2,3
DA:12,0
DA:13,0
DA:17,0
DA:19,0
DA:21,0
DA:22,0
DA:26,0
DA:27,0
DA:35,0
DA:36,0
DA:37,0
DA:39,0
DA:44,3
LF:15
LH:3
BRF:0
BRH:0
end_of_record
TN:
SF:src/controllers/account.controller.ts
FN:11,(anonymous_0)
FN:30,(anonymous_1)
FN:49,(anonymous_2)
FN:68,(anonymous_3)
FN:88,(anonymous_4)
FN:112,(anonymous_5)
FN:136,(anonymous_6)
FN:155,(anonymous_7)
FNF:8
FNH:1
FNDA:0,(anonymous_0)
FNDA:1,(anonymous_1)
FNDA:0,(anonymous_2)
FNDA:0,(anonymous_3)
FNDA:0,(anonymous_4)
FNDA:0,(anonymous_5)
FNDA:0,(anonymous_6)
FNDA:0,(anonymous_7)
DA:2,3
DA:7,3
DA:12,0
DA:13,0
DA:15,0
DA:23,0
DA:31,1
DA:32,1
DA:33,1
DA:35,0
DA:42,1
DA:50,0
DA:51,0
DA:52,0
DA:54,0
DA:61,0
DA:69,0
DA:70,0
DA:71,0
DA:73,0
DA:81,0
DA:89,0
DA:90,0
DA:92,0
DA:98,0
DA:105,0
DA:113,0
DA:114,0
DA:115,0
DA:117,0
DA:122,0
DA:129,0
DA:137,0
DA:138,0
DA:139,0
DA:141,0
DA:148,0
DA:156,0
DA:157,0
DA:158,0
DA:160,0
DA:165,0
LF:42
LH:6
BRF:0
BRH:0
end_of_record
TN:
SF:src/controllers/auth.controller.ts
FN:12,(anonymous_0)
FN:45,(anonymous_1)
FNF:2
FNH:2
FNDA:6,(anonymous_0)
FNDA:3,(anonymous_1)
DA:2,3
DA:3,3
DA:8,3
DA:13,6
DA:14,6
DA:16,6
DA:27,5
DA:28,5
DA:30,5
DA:38,1
DA:46,3
DA:47,3
DA:49,3
DA:50,0
DA:53,3
DA:56,0
DA:57,0
DA:59,0
DA:67,3
LF:19
LH:15
BRDA:49,0,0,0
BRDA:49,1,0,3
BRDA:49,1,1,3
BRF:3
BRH:2
end_of_record
TN:
SF:src/controllers/index.ts
FN:13,(anonymous_0)
FN:14,(anonymous_1)
FN:15,(anonymous_2)
FN:16,(anonymous_3)
FN:17,(anonymous_4)
FNF:5
FNH:4
FNDA:6,(anonymous_0)
FNDA:12,(anonymous_1)
FNDA:24,(anonymous_2)
FNDA:21,(anonymous_3)
FNDA:0,(anonymous_4)
DA:1,3
DA:2,3
DA:3,3
DA:4,3
DA:5,3
DA:13,9
DA:14,15
DA:15,27
DA:16,24
DA:17,3
LF:10
LH:10
BRF:0
BRH:0
end_of_record
TN:
SF:src/controllers/transaction-report.controller.ts
FN:12,(anonymous_0)
FN:37,(anonymous_1)
FN:67,(anonymous_2)
FNF:3
FNH:0
FNDA:0,(anonymous_0)
FNDA:0,(anonymous_1)
FNDA:0,(anonymous_2)
DA:2,3
DA:3,3
DA:8,3
DA:13,0
DA:14,0
DA:17,0
DA:20,0
DA:22,0
DA:30,0
DA:38,0
DA:39,0
DA:40,0
DA:43,0
DA:44,0
DA:47,0
DA:53,0
DA:60,0
DA:68,0
DA:69,0
DA:70,0
DA:73,0
DA:74,0
DA:77,0
DA:84,0
DA:86,0
DA:99,0
LF:26
LH:3
BRDA:43,0,0,0
BRDA:43,0,1,0
BRDA:44,1,0,0
BRDA:44,1,1,0
BRDA:73,2,0,0
BRDA:73,2,1,0
BRDA:74,3,0,0
BRDA:74,3,1,0
BRF:8
BRH:0
end_of_record
TN:
SF:src/controllers/transaction.controller.ts
FN:11,(anonymous_0)
FN:30,(anonymous_1)
FN:49,(anonymous_2)
FN:69,(anonymous_3)
FN:93,(anonymous_4)
FN:117,(anonymous_5)
FN:142,(anonymous_6)
FNF:7
FNH:5
FNDA:1,(anonymous_0)
FNDA:2,(anonymous_1)
FNDA:0,(anonymous_2)
FNDA:1,(anonymous_3)
FNDA:2,(anonymous_4)
FNDA:3,(anonymous_5)
FNDA:0,(anonymous_6)
DA:2,3
DA:7,3
DA:12,1
DA:13,1
DA:15,1
DA:23,0
DA:31,2
DA:32,2
DA:33,2
DA:35,1
DA:42,1
DA:50,0
DA:51,0
DA:52,0
DA:54,0
DA:62,0
DA:70,1
DA:71,1
DA:73,1
DA:79,1
DA:86,0
DA:94,2
DA:95,2
DA:97,2
DA:103,1
DA:110,1
DA:118,3
DA:119,3
DA:121,3
DA:128,1
DA:135,2
DA:143,0
DA:144,0
DA:145,0
DA:147,0
DA:154,0
LF:36
LH:24
BRF:0
BRH:0
end_of_record
TN:
SF:src/controllers/user.controller.ts
FN:11,(anonymous_0)
FN:30,(anonymous_1)
FN:49,(anonymous_2)
FN:76,(anonymous_3)
FNF:4
FNH:0
FNDA:0,(anonymous_0)
FNDA:0,(anonymous_1)
FNDA:0,(anonymous_2)
FNDA:0,(anonymous_3)
DA:2,3
DA:7,3
DA:12,0
DA:13,0
DA:15,0
DA:23,0
DA:31,0
DA:32,0
DA:33,0
DA:35,0
DA:42,0
DA:50,0
DA:51,0
DA:52,0
DA:54,0
DA:62,0
DA:69,0
DA:77,0
DA:78,0
DA:79,0
DA:81,0
DA:86,0
LF:22
LH:2
BRF:0
BRH:0
end_of_record
TN:
SF:src/middlewares/auth.middleware.ts
FN:20,(anonymous_1)
FN:59,(anonymous_2)
FN:60,(anonymous_3)
FNF:3
FNH:0
FNDA:0,(anonymous_1)
FNDA:0,(anonymous_2)
FNDA:0,(anonymous_3)
DA:2,0
DA:3,0
DA:4,0
DA:5,0
DA:20,0
DA:25,0
DA:27,0
DA:28,0
DA:29,0
DA:33,0
DA:36,0
DA:39,0
DA:40,0
DA:41,0
DA:45,0
DA:46,0
DA:48,0
DA:49,0
DA:51,0
DA:59,0
DA:60,0
DA:61,0
DA:62,0
DA:63,0
DA:66,0
DA:67,0
DA:68,0
DA:71,0
LF:28
LH:0
BRDA:28,0,0,0
BRDA:28,1,0,0
BRDA:28,1,1,0
BRDA:40,2,0,0
BRDA:48,3,0,0
BRDA:48,3,1,0
BRDA:61,4,0,0
BRDA:66,5,0,0
BRF:8
BRH:0
end_of_record
TN:
SF:src/middlewares/common.middleware.ts
FN:16,(anonymous_0)
FN:19,(anonymous_1)
FN:20,(anonymous_2)
FN:38,(anonymous_3)
FN:49,(anonymous_4)
FN:61,(anonymous_5)
FN:68,(anonymous_6)
FN:71,(anonymous_7)
FN:81,(anonymous_8)
FN:99,(anonymous_9)
FNF:10
FNH:3
FNDA:20,(anonymous_0)
FNDA:6,(anonymous_1)
FNDA:6,(anonymous_2)
FNDA:0,(anonymous_3)
FNDA:0,(anonymous_4)
FNDA:0,(anonymous_5)
FNDA:0,(anonymous_6)
FNDA:0,(anonymous_7)
FNDA:0,(anonymous_8)
FNDA:0,(anonymous_9)
DA:2,3
DA:3,3
DA:13,3
DA:16,3
DA:17,20
DA:18,20
DA:19,6
DA:20,2
DA:21,6
DA:22,6
DA:23,2
DA:25,6
DA:26,6
DA:29,2
DA:30,2
DA:32,18
DA:38,3
DA:39,0
DA:40,0
DA:41,0
DA:42,0
DA:43,0
DA:45,0
DA:48,0
DA:49,0
DA:50,0
DA:51,0
DA:52,0
DA:55,0
DA:61,3
DA:62,0
DA:68,3
DA:69,0
DA:71,0
DA:72,0
DA:73,0
DA:76,0
DA:77,0
DA:81,0
DA:84,0
DA:85,0
DA:86,0
DA:90,0
DA:92,0
DA:99,3
DA:100,0
DA:101,0
DA:102,0
DA:103,0
DA:106,0
LF:50
LH:20
BRDA:18,0,0,2
BRDA:22,1,0,2
BRDA:76,2,0,0
BRDA:84,3,0,0
BRDA:100,4,0,0
BRDA:100,5,0,0
BRDA:100,5,1,0
BRDA:100,5,2,0
BRDA:101,6,0,0
BRF:9
BRH:2
end_of_record
TN:
SF:src/middlewares/index.ts
FN:50,(anonymous_0)
FN:51,(anonymous_1)
FN:19,(anonymous_2)
FN:24,(anonymous_3)
FN:25,(anonymous_4)
FN:38,(anonymous_5)
FNF:6
FNH:4
FNDA:63,(anonymous_0)
FNDA:0,(anonymous_1)
FNDA:16,(anonymous_2)
FNDA:18,(anonymous_3)
FNDA:3,(anonymous_4)
FNDA:0,(anonymous_5)
DA:2,3
DA:3,3
DA:4,3
DA:16,3
DA:19,3
DA:20,16
DA:24,3
DA:25,18
DA:26,3
DA:27,3
DA:31,3
DA:33,0
DA:38,3
DA:39,0
DA:40,0
DA:41,0
DA:45,3
DA:48,3
DA:49,3
DA:50,66
DA:51,3
DA:52,3
DA:53,3
DA:54,3
LF:24
LH:20
BRDA:26,0,0,3
BRDA:26,1,0,3
BRDA:26,1,1,3
BRF:3
BRH:3
end_of_record
TN:
SF:src/middlewares/security.middleware.ts
FN:21,(anonymous_0)
FN:34,(anonymous_1)
FN:46,(anonymous_2)
FN:71,(anonymous_3)
FN:73,(anonymous_4)
FN:83,(anonymous_5)
FN:123,(anonymous_6)
FNF:7
FNH:7
FNDA:26,(anonymous_0)
FNDA:26,(anonymous_1)
FNDA:20,(anonymous_2)
FNDA:26,(anonymous_3)
FNDA:62,(anonymous_4)
FNDA:20,(anonymous_5)
FNDA:26,(anonymous_6)
DA:2,3
DA:17,3
DA:22,26
DA:23,20
DA:24,20
DA:25,0
DA:28,26
DA:36,26
DA:37,26
DA:38,0
DA:39,0
DA:45,26
DA:46,20
DA:47,20
DA:48,70
DA:49,0
DA:51,70
DA:52,0
DA:53,0
DA:57,20
DA:60,20
DA:61,0
DA:65,26
DA:73,26
DA:74,62
DA:83,26
DA:84,20
DA:85,0
DA:88,20
DA:90,20
DA:91,70
DA:92,62
DA:93,8
DA:94,0
DA:96,8
DA:100,20
DA:104,26
DA:105,20
DA:109,26
DA:110,26
DA:111,0
DA:112,0
DA:117,26
DA:125,26
DA:128,26
DA:131,26
DA:134,26
DA:137,26
DA:139,26
DA:144,3
LF:50
LH:39
BRDA:22,0,0,20
BRDA:22,1,0,26
BRDA:22,1,1,6
BRDA:22,1,2,6
BRDA:24,2,0,0
BRDA:24,3,0,20
BRDA:24,3,1,20
BRDA:36,4,0,26
BRDA:38,5,0,0
BRDA:38,6,0,0
BRDA:38,6,1,0
BRDA:38,6,2,0
BRDA:45,7,0,20
BRDA:45,8,0,26
BRDA:45,8,1,20
BRDA:48,9,0,0
BRDA:51,10,0,0
BRDA:51,11,0,70
BRDA:51,11,1,0
BRDA:52,12,0,0
BRDA:60,13,0,0
BRDA:84,14,0,0
BRDA:84,15,0,20
BRDA:84,15,1,20
BRDA:88,16,0,0
BRDA:88,16,1,20
BRDA:91,17,0,62
BRDA:91,17,1,8
BRDA:93,18,0,0
BRDA:93,18,1,8
BRDA:93,19,0,8
BRDA:93,19,1,0
BRDA:104,20,0,20
BRDA:109,21,0,26
BRDA:111,22,0,0
BRF:35
BRH:20
end_of_record
TN:
SF:src/middlewares/verify-token.middleware.ts
FN:10,(anonymous_1)
FNF:1
FNH:1
FNDA:16,(anonymous_1)
DA:2,3
DA:3,3
DA:4,3
DA:10,3
DA:11,16
DA:13,16
DA:15,16
DA:16,2
DA:20,2
DA:24,14
DA:27,14
DA:28,14
DA:29,0
DA:33,0
DA:37,14
DA:40,14
DA:42,0
LF:17
LH:14
BRDA:15,0,0,2
BRDA:28,1,0,0
BRF:2
BRH:1
end_of_record
TN:
SF:src/models/account.model.ts
FN:6,(anonymous_9)
FN:71,generateAccountNumber
FNF:2
FNH:1
FNDA:3,(anonymous_9)
FNDA:0,generateAccountNumber
DA:1,3
DA:6,3
DA:7,3
DA:8,3
DA:9,3
DA:33,3
DA:72,0
DA:73,0
DA:76,0
DA:77,0
DA:79,0
DA:82,0
DA:86,3
DA:89,3
DA:91,3
LF:15
LH:9
BRDA:6,0,0,3
BRDA:6,0,1,3
BRDA:77,1,0,0
BRF:3
BRH:2
end_of_record
TN:
SF:src/models/index.ts
FN:6,(anonymous_1)
FN:7,(anonymous_2)
FN:7,(anonymous_3)
FN:9,(anonymous_4)
FN:11,(anonymous_5)
FN:12,(anonymous_6)
FNF:6
FNH:4
FNDA:25,(anonymous_1)
FNDA:47,(anonymous_2)
FNDA:6,(anonymous_3)
FNDA:15,(anonymous_4)
FNDA:0,(anonymous_5)
FNDA:0,(anonymous_6)
DA:6,28
DA:7,50
DA:8,3
DA:9,18
DA:11,3
DA:12,3
LF:6
LH:6
BRF:0
BRH:0
end_of_record
TN:
SF:src/models/transaction.model.ts
FN:6,(anonymous_9)
FN:15,(anonymous_10)
FN:54,(anonymous_11)
FN:63,(anonymous_12)
FNF:4
FNH:4
FNDA:3,(anonymous_9)
FNDA:3,(anonymous_10)
FNDA:6,(anonymous_11)
FNDA:6,(anonymous_12)
DA:1,3
DA:6,3
DA:7,3
DA:8,3
DA:9,3
DA:15,3
DA:16,3
DA:17,3
DA:18,3
DA:19,3
DA:39,3
DA:56,6
DA:65,6
DA:88,3
DA:89,3
DA:90,3
DA:92,3
DA:94,3
LF:18
LH:18
BRDA:6,0,0,3
BRDA:6,0,1,3
BRDA:15,1,0,3
BRDA:15,1,1,3
BRDA:56,2,0,6
BRDA:56,2,1,4
BRDA:65,3,0,6
BRDA:65,3,1,3
BRF:8
BRH:8
end_of_record
TN:
SF:src/models/user.model.ts
FN:74,(anonymous_10)
FN:92,(anonymous_11)
FNF:2
FNH:2
FNDA:6,(anonymous_10)
FNDA:2,(anonymous_11)
DA:1,3
DA:2,3
DA:23,3
DA:74,3
DA:76,6
DA:78,6
DA:80,6
DA:82,6
DA:83,6
DA:85,0
DA:92,3
DA:93,2
DA:94,2
DA:95,0
DA:97,0
DA:98,0
DA:102,3
DA:104,3
LF:18
LH:14
BRDA:76,0,0,0
BRDA:94,1,0,2
BRDA:94,2,0,2
BRDA:94,2,1,0
BRF:4
BRH:2
end_of_record
TN:
SF:src/repositories/account.repository.ts
FN:23,(anonymous_0)
FN:30,(anonymous_1)
FN:37,(anonymous_2)
FN:44,(anonymous_3)
FN:51,(anonymous_4)
FN:58,(anonymous_5)
FN:65,(anonymous_6)
FN:76,(anonymous_7)
FN:89,(anonymous_8)
FNF:9
FNH:3
FNDA:3,(anonymous_0)
FNDA:0,(anonymous_1)
FNDA:8,(anonymous_2)
FNDA:0,(anonymous_3)
FNDA:0,(anonymous_4)
FNDA:0,(anonymous_5)
FNDA:0,(anonymous_6)
FNDA:4,(anonymous_7)
FNDA:0,(anonymous_8)
DA:20,3
DA:24,3
DA:31,0
DA:38,8
DA:45,0
DA:52,0
DA:59,0
DA:66,0
DA:77,4
DA:78,4
DA:80,4
DA:81,4
DA:83,4
DA:90,0
DA:91,0
LF:15
LH:8
BRDA:78,0,0,0
BRF:1
BRH:0
end_of_record
TN:
SF:src/repositories/index.ts
FNF:0
FNH:0
DA:1,3
DA:2,3
DA:3,3
DA:4,3
DA:12,3
DA:13,3
DA:14,3
DA:25,3
DA:26,3
DA:27,3
LF:10
LH:10
BRF:0
BRH:0
end_of_record
TN:
SF:src/repositories/transaction.repository.ts
FN:24,(anonymous_0)
FN:31,(anonymous_1)
FN:41,(anonymous_2)
FN:50,(anonymous_3)
FN:59,(anonymous_4)
FN:68,(anonymous_5)
FN:83,(anonymous_6)
FN:93,(anonymous_7)
FN:100,(anonymous_8)
FN:113,(anonymous_9)
FNF:10
FNH:5
FNDA:3,(anonymous_0)
FNDA:1,(anonymous_1)
FNDA:2,(anonymous_2)
FNDA:0,(anonymous_3)
FNDA:0,(anonymous_4)
FNDA:0,(anonymous_5)
FNDA:0,(anonymous_6)
FNDA:3,(anonymous_7)
FNDA:3,(anonymous_8)
FNDA:0,(anonymous_9)
DA:21,3
DA:25,3
DA:32,1
DA:42,2
DA:51,0
DA:60,0
DA:69,0
DA:84,0
DA:94,3
DA:101,3
DA:114,0
DA:115,0
LF:12
LH:6
BRF:0
BRH:0
end_of_record
TN:
SF:src/repositories/user.repository.ts
FN:22,(anonymous_0)
FN:29,(anonymous_1)
FN:36,(anonymous_2)
FN:43,(anonymous_3)
FN:50,(anonymous_4)
FN:57,(anonymous_5)
FN:64,(anonymous_6)
FN:75,(anonymous_7)
FNF:8
FNH:4
FNDA:3,(anonymous_0)
FNDA:0,(anonymous_1)
FNDA:0,(anonymous_2)
FNDA:9,(anonymous_3)
FNDA:5,(anonymous_4)
FNDA:5,(anonymous_5)
FNDA:0,(anonymous_6)
FNDA:0,(anonymous_7)
DA:19,3
DA:23,3
DA:30,0
DA:37,0
DA:44,9
DA:51,5
DA:58,5
DA:65,0
DA:76,0
DA:77,0
LF:10
LH:5
BRF:0
BRH:0
end_of_record
TN:
SF:src/routes/account.routes.ts
FNF:0
FNH:0
DA:1,3
DA:2,3
DA:3,3
DA:4,3
DA:14,3
DA:20,3
DA:27,3
DA:38,3
DA:50,3
DA:62,3
DA:74,3
DA:87,3
DA:100,3
DA:113,3
DA:121,3
LF:15
LH:15
BRF:0
BRH:0
end_of_record
TN:
SF:src/routes/auth.routes.ts
FNF:0
FNH:0
DA:1,3
DA:2,3
DA:3,3
DA:4,3
DA:6,3
DA:13,3
DA:25,3
DA:32,3
LF:8
LH:8
BRF:0
BRH:0
end_of_record
TN:
SF:src/routes/index.ts
FNF:0
FNH:0
DA:1,3
DA:2,3
DA:3,3
DA:4,3
DA:5,3
DA:6,3
DA:14,3
DA:15,3
DA:16,3
DA:17,3
DA:18,3
DA:19,3
LF:12
LH:12
BRF:0
BRH:0
end_of_record
TN:
SF:src/routes/profile.routes.ts
FN:11,(anonymous_0)
FNF:1
FNH:0
FNDA:0,(anonymous_0)
DA:1,3
DA:2,3
DA:4,3
DA:11,3
DA:12,0
DA:20,3
LF:6
LH:5
BRF:0
BRH:0
end_of_record
TN:
SF:src/routes/transaction-report.routes.ts
FNF:0
FNH:0
DA:1,3
DA:2,3
DA:3,3
DA:4,3
DA:6,3
DA:12,3
DA:19,3
DA:33,3
DA:49,3
DA:60,3
LF:10
LH:10
BRF:0
BRH:0
end_of_record
TN:
SF:src/routes/transaction.routes.ts
FNF:0
FNH:0
DA:1,3
DA:2,3
DA:3,3
DA:4,3
DA:13,3
DA:19,3
DA:26,3
DA:36,3
DA:48,3
DA:60,3
DA:72,3
DA:84,3
DA:96,3
DA:103,3
LF:14
LH:14
BRF:0
BRH:0
end_of_record
TN:
SF:src/routes/user.routes.ts
FNF:0
FNH:0
DA:1,3
DA:2,3
DA:3,3
DA:4,3
DA:10,3
DA:16,3
DA:23,3
DA:34,3
DA:46,3
DA:58,3
DA:65,3
LF:11
LH:11
BRF:0
BRH:0
end_of_record
TN:
SF:src/services/account.service.ts
FN:23,(anonymous_0)
FN:28,(anonymous_1)
FN:35,(anonymous_2)
FN:46,(anonymous_3)
FN:57,(anonymous_4)
FN:64,(anonymous_5)
FN:90,(anonymous_6)
FN:119,(anonymous_7)
FN:143,(anonymous_8)
FNF:9
FNH:2
FNDA:3,(anonymous_0)
FNDA:0,(anonymous_1)
FNDA:1,(anonymous_2)
FNDA:0,(anonymous_3)
FNDA:0,(anonymous_4)
FNDA:0,(anonymous_5)
FNDA:0,(anonymous_6)
FNDA:0,(anonymous_7)
FNDA:0,(anonymous_8)
DA:2,3
DA:3,3
DA:22,3
DA:23,3
DA:29,0
DA:36,1
DA:37,1
DA:38,1
DA:40,0
DA:47,0
DA:48,0
DA:49,0
DA:51,0
DA:58,0
DA:66,0
DA:69,0
DA:70,0
DA:74,0
DA:75,0
DA:79,0
DA:80,0
DA:84,0
DA:92,0
DA:93,0
DA:94,0
DA:98,0
DA:99,0
DA:103,0
DA:104,0
DA:108,0
DA:109,0
DA:110,0
DA:113,0
DA:121,0
DA:122,0
DA:123,0
DA:127,0
DA:128,0
DA:132,0
DA:133,0
DA:134,0
DA:137,0
DA:145,0
DA:146,0
DA:147,0
DA:151,0
DA:152,0
DA:156,0
DA:157,0
DA:158,0
DA:161,0
LF:51
LH:7
BRDA:37,0,0,1
BRDA:48,1,0,0
BRDA:66,2,0,0
BRDA:74,3,0,0
BRDA:79,4,0,0
BRDA:93,5,0,0
BRDA:98,6,0,0
BRDA:98,7,0,0
BRDA:98,7,1,0
BRDA:103,8,0,0
BRDA:103,9,0,0
BRDA:103,9,1,0
BRDA:109,10,0,0
BRDA:122,11,0,0
BRDA:127,12,0,0
BRDA:133,13,0,0
BRDA:146,14,0,0
BRDA:151,15,0,0
BRDA:157,16,0,0
BRF:19
BRH:1
end_of_record
TN:
SF:src/services/auth.service.ts
FN:20,(anonymous_1)
FN:25,(anonymous_2)
FN:50,(anonymous_3)
FN:72,(anonymous_4)
FNF:4
FNH:4
FNDA:3,(anonymous_1)
FNDA:6,(anonymous_2)
FNDA:3,(anonymous_3)
FNDA:5,(anonymous_4)
DA:2,3
DA:4,3
DA:5,3
DA:19,3
DA:20,3
DA:27,6
DA:28,6
DA:29,1
DA:33,5
DA:34,5
DA:35,0
DA:39,5
DA:42,5
DA:44,5
DA:52,3
DA:53,3
DA:54,1
DA:58,2
DA:59,2
DA:60,2
DA:64,0
DA:66,0
DA:73,5
DA:75,5
LF:24
LH:21
BRDA:28,0,0,1
BRDA:34,1,0,0
BRDA:53,2,0,1
BRDA:59,3,0,2
BRF:4
BRH:3
end_of_record
TN:
SF:src/services/index.ts
FNF:0
FNH:0
DA:1,3
DA:2,3
DA:3,3
DA:4,3
DA:5,3
DA:6,3
DA:14,3
DA:15,3
DA:16,3
DA:17,3
DA:21,3
DA:37,3
DA:38,3
DA:39,3
DA:40,3
DA:41,3
LF:16
LH:16
BRF:0
BRH:0
end_of_record
TN:
SF:src/services/transaction-report.service.ts
FN:17,(anonymous_0)
FN:25,(anonymous_1)
FN:62,(anonymous_2)
FN:78,(anonymous_3)
FN:95,(anonymous_4)
FN:120,(anonymous_5)
FN:131,(anonymous_6)
FN:156,(anonymous_7)
FN:213,(anonymous_8)
FN:229,(anonymous_9)
FNF:10
FNH:1
FNDA:3,(anonymous_0)
FNDA:0,(anonymous_1)
FNDA:0,(anonymous_2)
FNDA:0,(anonymous_3)
FNDA:0,(anonymous_4)
FNDA:0,(anonymous_5)
FNDA:0,(anonymous_6)
FNDA:0,(anonymous_7)
FNDA:0,(anonymous_8)
FNDA:0,(anonymous_9)
DA:2,3
DA:16,3
DA:18,3
DA:19,3
DA:26,0
DA:27,0
DA:28,0
DA:30,0
DA:41,0
DA:42,0
DA:45,0
DA:46,0
DA:49,0
DA:50,0
DA:53,0
DA:56,0
DA:64,0
DA:65,0
DA:66,0
DA:70,0
DA:71,0
DA:75,0
DA:78,0
DA:79,0
DA:81,0
DA:82,0
DA:85,0
DA:86,0
DA:89,0
DA:93,0
DA:95,0
DA:96,0
DA:97,0
DA:100,0
DA:101,0
DA:102,0
DA:103,0
DA:104,0
DA:105,0
DA:106,0
DA:108,0
DA:109,0
DA:114,0
DA:122,0
DA:123,0
DA:124,0
DA:128,0
DA:131,0
DA:132,0
DA:134,0
DA:135,0
DA:138,0
DA:139,0
DA:142,0
DA:146,0
DA:147,0
DA:148,0
DA:149,0
DA:150,0
DA:151,0
DA:152,0
DA:153,0
DA:156,0
DA:157,0
DA:158,0
DA:159,0
DA:160,0
DA:161,0
DA:162,0
DA:163,0
DA:164,0
DA:165,0
DA:166,0
DA:168,0
DA:169,0
DA:170,0
DA:176,0
DA:178,0
DA:214,0
DA:216,0
DA:218,0
DA:220,0
DA:222,0
DA:230,0
DA:232,0
DA:234,0
DA:236,0
DA:238,0
DA:240,0
LF:89
LH:4
BRDA:41,0,0,0
BRDA:45,1,0,0
BRDA:49,2,0,0
BRDA:65,3,0,0
BRDA:70,4,0,0
BRDA:70,5,0,0
BRDA:70,5,1,0
BRDA:81,6,0,0
BRDA:81,7,0,0
BRDA:81,7,1,0
BRDA:85,8,0,0
BRDA:85,9,0,0
BRDA:85,9,1,0
BRDA:96,10,0,0
BRDA:100,11,0,0
BRDA:100,11,1,0
BRDA:100,12,0,0
BRDA:100,12,1,0
BRDA:102,13,0,0
BRDA:102,13,1,0
BRDA:102,14,0,0
BRDA:102,14,1,0
BRDA:104,15,0,0
BRDA:105,16,0,0
BRDA:108,17,0,0
BRDA:123,18,0,0
BRDA:134,19,0,0
BRDA:134,20,0,0
BRDA:134,20,1,0
BRDA:138,21,0,0
BRDA:138,22,0,0
BRDA:138,22,1,0
BRDA:157,23,0,0
BRDA:157,23,1,0
BRDA:157,24,0,0
BRDA:157,24,1,0
BRDA:160,25,0,0
BRDA:160,25,1,0
BRDA:160,26,0,0
BRDA:160,26,1,0
BRDA:163,27,0,0
BRDA:164,28,0,0
BRDA:168,29,0,0
BRDA:182,30,0,0
BRDA:182,30,1,0
BRDA:183,31,0,0
BRDA:183,31,1,0
BRDA:214,32,0,0
BRDA:214,32,1,0
BRDA:214,32,2,0
BRDA:214,32,3,0
BRDA:230,33,0,0
BRDA:230,33,1,0
BRDA:230,33,2,0
BRDA:230,33,3,0
BRDA:230,33,4,0
BRF:56
BRH:0
end_of_record
TN:
SF:src/services/transaction.service.ts
FN:24,(anonymous_1)
FN:32,(anonymous_2)
FN:39,(anonymous_3)
FN:50,(anonymous_4)
FN:63,(anonymous_5)
FN:111,(anonymous_6)
FN:164,(anonymous_7)
FN:238,(anonymous_8)
FNF:8
FNH:6
FNDA:3,(anonymous_1)
FNDA:1,(anonymous_2)
FNDA:2,(anonymous_3)
FNDA:0,(anonymous_4)
FNDA:1,(anonymous_5)
FNDA:2,(anonymous_6)
FNDA:3,(anonymous_7)
FNDA:0,(anonymous_8)
DA:1,3
DA:4,3
DA:5,3
DA:23,3
DA:25,3
DA:26,3
DA:33,1
DA:40,2
DA:41,2
DA:42,1
DA:44,1
DA:52,0
DA:53,0
DA:54,0
DA:57,0
DA:65,1
DA:66,0
DA:70,1
DA:71,1
DA:72,0
DA:76,1
DA:77,0
DA:81,1
DA:89,1
DA:91,1
DA:94,1
DA:100,0
DA:104,0
DA:113,2
DA:114,0
DA:118,2
DA:119,2
DA:120,0
DA:124,2
DA:125,0
DA:129,2
DA:130,1
DA:134,1
DA:142,1
DA:144,1
DA:147,1
DA:153,0
DA:157,0
DA:171,3
DA:172,0
DA:176,3
DA:177,1
DA:181,2
DA:182,2
DA:183,0
DA:187,2
DA:188,2
DA:189,0
DA:193,2
DA:194,0
DA:196,2
DA:197,0
DA:201,2
DA:202,1
DA:206,1
DA:215,1
DA:217,1
DA:218,1
DA:221,1
DA:227,0
DA:231,0
DA:240,0
DA:241,0
DA:242,0
DA:246,0
DA:247,0
DA:251,0
LF:72
LH:45
BRDA:41,0,0,1
BRDA:53,1,0,0
BRDA:65,2,0,0
BRDA:71,3,0,0
BRDA:76,4,0,0
BRDA:85,5,0,1
BRDA:85,5,1,0
BRDA:95,6,0,1
BRDA:95,6,1,0
BRDA:101,7,0,0
BRDA:101,7,1,0
BRDA:113,8,0,0
BRDA:119,9,0,0
BRDA:124,10,0,0
BRDA:129,11,0,1
BRDA:138,12,0,1
BRDA:138,12,1,0
BRDA:148,13,0,1
BRDA:148,13,1,0
BRDA:154,14,0,0
BRDA:154,14,1,0
BRDA:171,15,0,0
BRDA:176,16,0,1
BRDA:182,17,0,0
BRDA:188,18,0,0
BRDA:193,19,0,0
BRDA:196,20,0,0
BRDA:201,21,0,1
BRDA:211,22,0,1
BRDA:211,22,1,0
BRDA:222,23,0,1
BRDA:222,23,1,0
BRDA:228,24,0,0
BRDA:228,24,1,0
BRDA:241,25,0,0
BRDA:246,26,0,0
BRF:36
BRH:10
end_of_record
TN:
SF:src/services/user.service.ts
FN:19,(anonymous_0)
FN:24,(anonymous_1)
FN:31,(anonymous_2)
FN:42,(anonymous_3)
FN:77,(anonymous_4)
FNF:5
FNH:1
FNDA:3,(anonymous_0)
FNDA:0,(anonymous_1)
FNDA:0,(anonymous_2)
FNDA:0,(anonymous_3)
FNDA:0,(anonymous_4)
DA:2,3
DA:18,3
DA:19,3
DA:25,0
DA:32,0
DA:33,0
DA:34,0
DA:36,0
DA:44,0
DA:45,0
DA:46,0
DA:50,0
DA:51,0
DA:52,0
DA:53,0
DA:58,0
DA:59,0
DA:60,0
DA:61,0
DA:66,0
DA:67,0
DA:68,0
DA:71,0
DA:79,0
DA:80,0
DA:81,0
DA:85,0
DA:86,0
DA:87,0
DA:90,0
LF:30
LH:3
BRDA:33,0,0,0
BRDA:45,1,0,0
BRDA:50,2,0,0
BRDA:50,3,0,0
BRDA:50,3,1,0
BRDA:52,4,0,0
BRDA:58,5,0,0
BRDA:58,6,0,0
BRDA:58,6,1,0
BRDA:60,7,0,0
BRDA:67,8,0,0
BRDA:80,9,0,0
BRDA:86,10,0,0
BRF:13
BRH:0
end_of_record
TN:
SF:src/utils/error.utils.ts
FN:24,(anonymous_0)
FN:38,(anonymous_1)
FN:45,(anonymous_2)
FN:52,(anonymous_3)
FN:59,(anonymous_4)
FN:66,(anonymous_5)
FN:73,(anonymous_6)
FN:81,(anonymous_7)
FNF:8
FNH:8
FNDA:19,(anonymous_0)
FNDA:1,(anonymous_1)
FNDA:1,(anonymous_2)
FNDA:1,(anonymous_3)
FNDA:1,(anonymous_4)
FNDA:1,(anonymous_5)
FNDA:1,(anonymous_6)
FNDA:11,(anonymous_7)
DA:16,4
DA:25,19
DA:26,19
DA:27,19
DA:28,19
DA:29,19
DA:30,19
DA:32,19
DA:39,1
DA:46,1
DA:53,1
DA:60,1
DA:67,1
DA:74,1
DA:81,4
DA:88,11
DA:89,11
DA:90,11
DA:91,11
DA:92,11
DA:95,11
DA:96,11
DA:97,11
DA:98,11
DA:99,11
DA:100,11
DA:104,11
DA:105,0
DA:106,0
DA:107,0
DA:108,0
DA:112,11
DA:113,0
DA:114,0
DA:115,0
DA:119,11
DA:120,0
DA:121,0
DA:122,0
DA:123,0
DA:127,11
DA:128,0
DA:129,0
DA:130,0
DA:134,11
DA:135,0
DA:136,0
DA:137,0
DA:141,11
DA:142,11
DA:147,11
DA:148,2
DA:151,11
DA:152,0
DA:156,11
DA:157,0
DA:160,11
DA:163,0
DA:166,0
LF:59
LH:38
BRDA:24,0,0,14
BRDA:45,1,0,1
BRDA:52,2,0,1
BRDA:59,3,0,1
BRDA:66,4,0,1
BRDA:73,5,0,1
BRDA:95,6,0,11
BRDA:98,7,0,11
BRDA:98,7,1,0
BRDA:104,8,0,0
BRDA:112,9,0,0
BRDA:119,10,0,0
BRDA:119,11,0,11
BRDA:119,11,1,0
BRDA:127,12,0,0
BRDA:134,13,0,0
BRDA:141,14,0,11
BRDA:141,14,1,0
BRDA:147,15,0,2
BRDA:151,16,0,0
BRDA:156,17,0,0
BRF:21
BRH:11
end_of_record
TN:
SF:src/utils/swagger.utils.ts
FN:332,(anonymous_1)
FN:340,(anonymous_2)
FNF:2
FNH:1
FNDA:3,(anonymous_1)
FNDA:0,(anonymous_2)
DA:2,3
DA:3,3
DA:4,3
DA:9,3
DA:311,3
DA:313,3
DA:315,0
DA:319,0
DA:322,3
DA:325,0
DA:326,0
DA:332,3
DA:334,3
DA:337,0
DA:340,0
DA:341,0
DA:342,0
LF:17
LH:9
BRDA:313,0,0,0
BRDA:313,0,1,3
BRDA:334,1,0,3
BRF:3
BRH:2
end_of_record
TN:
SF:src/utils/transaction.utils.ts
FN:14,(anonymous_0)
FN:35,(anonymous_1)
FN:45,(anonymous_2)
FNF:3
FNH:0
FNDA:0,(anonymous_0)
FNDA:0,(anonymous_1)
FNDA:0,(anonymous_2)
DA:4,3
DA:10,3
DA:19,0
DA:20,0
DA:21,0
DA:25,0
DA:26,0
DA:29,0
DA:36,0
DA:46,0
DA:47,0
DA:48,0
LF:12
LH:2
BRDA:20,0,0,0
BRDA:25,1,0,0
BRDA:25,2,0,0
BRDA:25,2,1,0
BRF:4
BRH:0
end_of_record
TN:
SF:src/validators/account.validator.ts
FNF:0
FNH:0
DA:2,3
DA:3,3
DA:12,3
DA:32,3
DA:51,3
DA:60,3
DA:69,3
DA:78,3
DA:87,3
LF:9
LH:9
BRF:0
BRH:0
end_of_record
TN:
SF:src/validators/auth.validator.ts
FNF:0
FNH:0
DA:2,3
DA:7,3
DA:51,3
LF:3
LH:3
BRF:0
BRH:0
end_of_record
TN:
SF:src/validators/transaction.validator.ts
FNF:0
FNH:0
DA:2,3
DA:12,3
DA:34,3
DA:56,3
DA:82,3
DA:91,3
DA:100,3
LF:7
LH:7
BRF:0
BRH:0
end_of_record
TN:
SF:src/validators/user.validator.ts
FNF:0
FNH:0
DA:2,3
DA:11,3
DA:46,3
DA:55,3
LF:4
LH:4
BRF:0
BRH:0
end_of_record
